2021-02-06 23:49:47,440 INFO     cresthh.anuga.utilities.log:0   |Logfile is './anuga.log' with logging level of INFO, console logging level is CRITICAL
2021-02-06 23:49:47,443 CRITICAL                   sww2dem:130 |Reading from ../reinfiltration/reinfiltration.sww
2021-02-06 23:49:47,444 CRITICAL                   sww2dem:131 |Output directory is ../reinfiltration/depth_201708290300.asc
2021-02-06 23:49:47,456 CRITICAL                   sww2dem:174 |------------------------------------------------
2021-02-06 23:49:47,457 CRITICAL                   sww2dem:175 |Statistics of SWW file:
2021-02-06 23:49:47,459 CRITICAL                   sww2dem:176 |  Name: ../reinfiltration/reinfiltration.sww
2021-02-06 23:49:47,461 CRITICAL                   sww2dem:177 |  Reference:
2021-02-06 23:49:47,462 CRITICAL                   sww2dem:178 |    Lower left corner: [250759.347925, 3301331.047618]
2021-02-06 23:49:47,464 CRITICAL                   sww2dem:180 |    Time: 313200.000000
2021-02-06 23:49:47,466 CRITICAL                   sww2dem:183 |  Extent:
2021-02-06 23:49:47,467 CRITICAL                   sww2dem:185 |    x [m] in [0.000000, 37293.375000], len(x) == 47272
2021-02-06 23:49:47,469 CRITICAL                   sww2dem:187 |    y [m] in [0.000000, 22900.857422], len(y) == 47272
2021-02-06 23:49:47,471 CRITICAL                   sww2dem:189 |    t [s] = 313200.000000, len(t) == 1
2021-02-06 23:49:47,472 CRITICAL                   sww2dem:193 |  Quantities [SI units]:
2021-02-06 23:49:47,594 CRITICAL                   sww2dem:231 |Slicing sww file, num points: 47272, block size: 10000
2021-02-06 23:49:48,106 CRITICAL                   sww2dem:266 |Processed values for stage-elevation are in [0.000000, 12.899592]
2021-02-06 23:49:48,122 CRITICAL                   sww2dem:298 |Creating grid
2021-02-06 23:49:48,812 CRITICAL                   sww2dem:373 |Interpolated values are in [0.000000, 12.832754]
2021-02-06 23:49:48,816 CRITICAL                   sww2dem:420 |Writing ../reinfiltration/depth_201708290300.prj
2021-02-06 23:49:48,818 CRITICAL                   sww2dem:433 |Writing ../reinfiltration/depth_201708290300.asc
2021-02-06 23:49:48,819 CRITICAL                   sww2dem:456 |Doing row 0 of 2291
2021-02-06 23:49:49,193 CRITICAL                   sww2dem:456 |Doing row 230 of 2291
2021-02-06 23:49:49,569 CRITICAL                   sww2dem:456 |Doing row 460 of 2291
2021-02-06 23:49:49,944 CRITICAL                   sww2dem:456 |Doing row 690 of 2291
2021-02-06 23:49:50,316 CRITICAL                   sww2dem:456 |Doing row 920 of 2291
2021-02-06 23:49:50,692 CRITICAL                   sww2dem:456 |Doing row 1150 of 2291
2021-02-06 23:49:51,070 CRITICAL                   sww2dem:456 |Doing row 1380 of 2291
2021-02-06 23:49:51,517 CRITICAL                   sww2dem:456 |Doing row 1610 of 2291
2021-02-06 23:49:51,895 CRITICAL                   sww2dem:456 |Doing row 1840 of 2291
2021-02-06 23:49:52,277 CRITICAL                   sww2dem:456 |Doing row 2070 of 2291
