evolving elements: 1602
evolving elements: 1629
evolving elements: 1588
evolving elements: 1624
evolving elements: 1662
evolving elements: 1619
evolving elements: 1624
evolving elements: 1631
evolving elements: 1729
evolving elements: 1656
evolving elements: 1555
evolving elements: 1638
evolving elements: 1617
evolving elements: 1673
evolving elements: 1636
evolving elements: 1646
evolving elements: 1345
evolving elements: 1702
evolving elements: 1660
evolving elements: 1571
evolving elements: 1547
evolving elements: 1621
evolving elements: 1565
evolving elements: 1597
evolving elements: 1616
evolving elements: 1485
Time = 2017-08-25 00:00:00, steps=0 (0s)
evolving elements: 1584
evolving elements: 1545
evolving elements: 1557
evolving elements: 1594
Time = 2017-08-25 00:02:00, delta t = 1000.00000000, steps=1 (0s)
Time = 2017-08-25 00:04:00, delta t = 1000.00000000, steps=1 (0s)
Time = 2017-08-25 00:06:00, delta t = 1000.00000000, steps=1 (0s)
Time = 2017-08-25 00:08:00, delta t = 1000.00000000, steps=1 (0s)
Time = 2017-08-25 00:10:00, delta t = 1000.00000000, steps=1 (0s)
Time = 2017-08-25 00:12:00, delta t = 1000.00000000, steps=1 (0s)
Time = 2017-08-25 00:14:00, delta t = 1000.00000000, steps=1 (0s)
Time = 2017-08-25 00:16:00, delta t = 1000.00000000, steps=1 (0s)
Time = 2017-08-25 00:18:00, delta t = 1000.00000000, steps=1 (0s)
Time = 2017-08-25 00:20:00, delta t = 1000.00000000, steps=1 (0s)
Time = 2017-08-25 00:22:00, delta t = 447.05137815, steps=1 (0s)
Time = 2017-08-25 00:24:00, delta t = 332.85172877, steps=1 (0s)
Time = 2017-08-25 00:26:00, delta t = 292.94869695, steps=1 (0s)
Time = 2017-08-25 00:28:00, delta t = 349.95359908, steps=1 (0s)
Time = 2017-08-25 00:30:00, delta t in [3.03898393, 217.95872639], steps=4 (0s)
Time = 2017-08-25 00:32:00, delta t = 139.30072862, steps=1 (0s)
Time = 2017-08-25 00:34:00, delta t = 312.71787993, steps=1 (0s)
Time = 2017-08-25 00:36:00, delta t = 172.29983478, steps=1 (0s)
Time = 2017-08-25 00:38:00, delta t = 211.68002798, steps=1 (0s)
Time = 2017-08-25 00:40:00, delta t in [3.05804910, 188.98514295], steps=4 (0s)
Time = 2017-08-25 00:42:00, delta t in [64.03763491, 237.22413868], steps=2 (0s)
Time = 2017-08-25 00:44:00, delta t = 228.61099768, steps=1 (0s)
Time = 2017-08-25 00:46:00, delta t = 267.22315300, steps=1 (0s)
Time = 2017-08-25 00:48:00, delta t = 240.31697801, steps=1 (0s)
Time = 2017-08-25 00:50:00, delta t = 290.82119992, steps=1 (0s)
Time = 2017-08-25 00:52:00, delta t in [5.90059771, 227.33237921], steps=2 (0s)
Time = 2017-08-25 00:54:00, delta t in [35.22434248, 209.09009281], steps=2 (0s)
Time = 2017-08-25 00:56:00, delta t in [85.73249888, 204.38789396], steps=2 (0s)
Time = 2017-08-25 00:58:00, delta t = 147.17258088, steps=1 (0s)
Time = 2017-08-25 01:00:00, delta t = 228.30184188, steps=1 (0s)
Time = 2017-08-25 01:02:00, delta t = 173.77825499, steps=1 (0s)
Time = 2017-08-25 01:04:00, delta t = 253.16861463, steps=1 (0s)
Time = 2017-08-25 01:06:00, delta t = 197.47889181, steps=1 (0s)
Time = 2017-08-25 01:08:00, delta t = 276.98796924, steps=1 (0s)
Time = 2017-08-25 01:10:00, delta t = 220.02293750, steps=1 (0s)
Time = 2017-08-25 01:12:00, delta t = 299.85719075, steps=1 (0s)
Time = 2017-08-25 01:14:00, delta t = 241.98507430, steps=1 (0s)
Time = 2017-08-25 01:16:00, delta t = 322.05891799, steps=1 (0s)
Time = 2017-08-25 01:18:00, delta t = 263.54601597, steps=1 (0s)
Time = 2017-08-25 01:20:00, delta t = 343.77393257, steps=1 (0s)
Time = 2017-08-25 01:22:00, delta t = 284.82592876, steps=1 (0s)
Time = 2017-08-25 01:24:00, delta t = 365.13265484, steps=1 (0s)
Time = 2017-08-25 01:26:00, delta t = 305.90180879, steps=1 (0s)
Time = 2017-08-25 01:28:00, delta t = 370.48893810, steps=1 (0s)
Time = 2017-08-25 01:30:00, delta t = 326.82573542, steps=1 (0s)
Time = 2017-08-25 01:32:00, delta t = 370.25990917, steps=1 (0s)
Time = 2017-08-25 01:34:00, delta t = 347.63418102, steps=1 (0s)
Time = 2017-08-25 01:36:00, delta t = 372.22014046, steps=1 (0s)
Time = 2017-08-25 01:38:00, delta t = 368.35342202, steps=1 (0s)
Time = 2017-08-25 01:40:00, delta t = 375.41418714, steps=1 (0s)
Time = 2017-08-25 01:42:00, delta t = 379.18411111, steps=1 (0s)
Time = 2017-08-25 01:44:00, delta t = 378.67078251, steps=1 (0s)
Time = 2017-08-25 01:46:00, delta t = 381.62433379, steps=1 (0s)
Time = 2017-08-25 01:48:00, delta t = 381.71753761, steps=1 (0s)
Time = 2017-08-25 01:50:00, delta t = 384.98632130, steps=1 (0s)
Time = 2017-08-25 01:52:00, delta t = 385.69081983, steps=1 (0s)
Time = 2017-08-25 01:54:00, delta t = 389.13879085, steps=1 (0s)
Time = 2017-08-25 01:56:00, delta t = 390.28711994, steps=1 (0s)
Time = 2017-08-25 01:58:00, delta t = 393.84031885, steps=1 (0s)
Time = 2017-08-25 02:00:00, delta t = 395.34234215, steps=1 (0s)
Time = 2017-08-25 02:02:00, delta t = 398.96030221, steps=1 (0s)
Time = 2017-08-25 02:04:00, delta t = 400.73950649, steps=1 (0s)
Time = 2017-08-25 02:06:00, delta t = 404.38421882, steps=1 (0s)
Time = 2017-08-25 02:08:00, delta t = 406.37678964, steps=1 (0s)
Time = 2017-08-25 02:10:00, delta t = 410.02726232, steps=1 (0s)
Time = 2017-08-25 02:12:00, delta t = 412.18940529, steps=1 (0s)
Time = 2017-08-25 02:14:00, delta t = 415.83469478, steps=1 (0s)
Time = 2017-08-25 02:16:00, delta t = 418.13658468, steps=1 (0s)
Time = 2017-08-25 02:18:00, delta t = 421.77128611, steps=1 (0s)
Time = 2017-08-25 02:20:00, delta t = 424.19651494, steps=1 (0s)
Time = 2017-08-25 02:22:00, delta t = 427.81308058, steps=1 (0s)
Time = 2017-08-25 02:24:00, delta t = 430.33261490, steps=1 (0s)
Time = 2017-08-25 02:26:00, delta t = 433.92660431, steps=1 (0s)
Time = 2017-08-25 02:28:00, delta t = 436.51249064, steps=1 (0s)
Time = 2017-08-25 02:30:00, delta t = 440.09034640, steps=1 (0s)
Time = 2017-08-25 02:32:00, delta t = 442.73800916, steps=1 (0s)
Time = 2017-08-25 02:34:00, delta t = 446.30430685, steps=1 (0s)
Time = 2017-08-25 02:36:00, delta t = 449.00930419, steps=1 (0s)
Time = 2017-08-25 02:38:00, delta t = 452.56735392, steps=1 (0s)
Time = 2017-08-25 02:40:00, delta t = 455.32547185, steps=1 (0s)
Time = 2017-08-25 02:42:00, delta t = 458.87768860, steps=1 (0s)
Time = 2017-08-25 02:44:00, delta t = 461.68498897, steps=1 (0s)
Time = 2017-08-25 02:46:00, delta t = 465.23315074, steps=1 (0s)
Time = 2017-08-25 02:48:00, delta t = 468.08598994, steps=1 (0s)
Time = 2017-08-25 02:50:00, delta t = 471.63141837, steps=1 (0s)
Time = 2017-08-25 02:52:00, delta t = 474.52644744, steps=1 (0s)
Time = 2017-08-25 02:54:00, delta t = 478.07013479, steps=1 (0s)
Time = 2017-08-25 02:56:00, delta t = 481.00428842, steps=1 (0s)
Time = 2017-08-25 02:58:00, delta t = 484.54698723, steps=1 (0s)
Time = 2017-08-25 03:00:00, delta t = 487.52222798, steps=1 (0s)
Time = 2017-08-25 03:02:00, delta t = 491.19557652, steps=1 (0s)
Time = 2017-08-25 03:04:00, delta t = 494.32293305, steps=1 (0s)
Time = 2017-08-25 03:06:00, delta t = 497.97001235, steps=1 (0s)
Time = 2017-08-25 03:08:00, delta t = 501.10520499, steps=1 (0s)
Time = 2017-08-25 03:10:00, delta t = 504.73312253, steps=1 (0s)
Time = 2017-08-25 03:12:00, delta t = 507.87967338, steps=1 (0s)
Time = 2017-08-25 03:14:00, delta t = 511.49344499, steps=1 (0s)
Time = 2017-08-25 03:16:00, delta t = 514.65342222, steps=1 (0s)
Time = 2017-08-25 03:18:00, delta t = 518.25661029, steps=1 (0s)
Time = 2017-08-25 03:20:00, delta t = 521.43112215, steps=1 (0s)
Time = 2017-08-25 03:22:00, delta t = 525.02628764, steps=1 (0s)
Time = 2017-08-25 03:24:00, delta t = 528.21581161, steps=1 (0s)
Time = 2017-08-25 03:26:00, delta t = 531.80481976, steps=1 (0s)
Time = 2017-08-25 03:28:00, delta t = 535.00942253, steps=1 (0s)
Time = 2017-08-25 03:30:00, delta t = 538.59365103, steps=1 (0s)
Time = 2017-08-25 03:32:00, delta t = 541.81313562, steps=1 (0s)
Time = 2017-08-25 03:34:00, delta t = 545.39361730, steps=1 (0s)
Time = 2017-08-25 03:36:00, delta t = 548.62762162, steps=1 (0s)
Time = 2017-08-25 03:38:00, delta t = 552.20514290, steps=1 (0s)
Time = 2017-08-25 03:40:00, delta t = 555.45320574, steps=1 (0s)
Time = 2017-08-25 03:42:00, delta t = 559.02837510, steps=1 (0s)
Time = 2017-08-25 03:44:00, delta t = 562.28998013, steps=1 (0s)
Time = 2017-08-25 03:46:00, delta t = 565.86327610, steps=1 (0s)
Time = 2017-08-25 03:48:00, delta t = 569.13788113, steps=1 (0s)
Time = 2017-08-25 03:50:00, delta t = 572.70968615, steps=1 (0s)
Time = 2017-08-25 03:52:00, delta t = 575.99674233, steps=1 (0s)
Time = 2017-08-25 03:54:00, delta t = 579.56736681, steps=1 (0s)
Time = 2017-08-25 03:56:00, delta t = 582.86633114, steps=1 (0s)
Time = 2017-08-25 03:58:00, delta t = 586.43603083, steps=1 (0s)
Time = 2017-08-25 04:00:00, delta t = 589.74637398, steps=1 (0s)
Time = 2017-08-25 04:02:00, delta t = 593.31536250, steps=1 (0s)
Time = 2017-08-25 04:04:00, delta t = 596.63657365, steps=1 (0s)
Time = 2017-08-25 04:06:00, delta t = 600.20503167, steps=1 (0s)
Time = 2017-08-25 04:08:00, delta t = 603.53662118, steps=1 (0s)
Time = 2017-08-25 04:10:00, delta t = 607.10470322, steps=1 (0s)
Time = 2017-08-25 04:12:00, delta t = 610.44620396, steps=1 (0s)
Time = 2017-08-25 04:14:00, delta t = 614.01404347, steps=1 (0s)
Time = 2017-08-25 04:16:00, delta t = 617.36501120, steps=1 (0s)
Time = 2017-08-25 04:18:00, delta t = 620.93272441, steps=1 (0s)
Time = 2017-08-25 04:20:00, delta t = 624.29273756, steps=1 (0s)
Time = 2017-08-25 04:22:00, delta t = 627.86042642, steps=1 (0s)
Time = 2017-08-25 04:24:00, delta t = 631.22908550, steps=1 (0s)
Time = 2017-08-25 04:26:00, delta t = 634.79683997, steps=1 (0s)
Time = 2017-08-25 04:28:00, delta t = 638.17376672, steps=1 (0s)
Time = 2017-08-25 04:30:00, delta t = 641.74166654, steps=1 (0s)
Time = 2017-08-25 04:32:00, delta t = 645.12650299, steps=1 (0s)
Time = 2017-08-25 04:34:00, delta t = 648.69461916, steps=1 (0s)
Time = 2017-08-25 04:36:00, delta t = 652.08702658, steps=1 (0s)
Time = 2017-08-25 04:38:00, delta t = 655.65542248, steps=1 (0s)
Time = 2017-08-25 04:40:00, delta t = 659.05508037, steps=1 (0s)
Time = 2017-08-25 04:42:00, delta t = 662.62381270, steps=1 (0s)
Time = 2017-08-25 04:44:00, delta t = 666.03041773, steps=1 (0s)
Time = 2017-08-25 04:46:00, delta t = 669.59953731, steps=1 (0s)
Time = 2017-08-25 04:48:00, delta t = 673.01280232, steps=1 (0s)
Time = 2017-08-25 04:50:00, delta t = 676.58235471, steps=1 (0s)
Time = 2017-08-25 04:52:00, delta t = 680.00200777, steps=1 (0s)
Time = 2017-08-25 04:54:00, delta t = 683.57203387, steps=1 (0s)
Time = 2017-08-25 04:56:00, delta t = 686.99781731, steps=1 (0s)
Time = 2017-08-25 04:58:00, delta t = 690.56835379, steps=1 (0s)
Time = 2017-08-25 05:00:00, delta t = 694.00002341, steps=1 (0s)
Time = 2017-08-25 05:02:00, delta t = 697.57110316, steps=1 (0s)
Time = 2017-08-25 05:04:00, delta t = 701.00842733, steps=1 (0s)
Time = 2017-08-25 05:06:00, delta t = 704.58007980, steps=1 (0s)
Time = 2017-08-25 05:08:00, delta t = 708.02283879, steps=1 (0s)
Time = 2017-08-25 05:10:00, delta t = 711.59509028, steps=1 (0s)
Time = 2017-08-25 05:12:00, delta t = 715.04307547, steps=1 (0s)
Time = 2017-08-25 05:14:00, delta t = 718.61594945, steps=1 (0s)
Time = 2017-08-25 05:16:00, delta t = 722.06896272, steps=1 (0s)
Time = 2017-08-25 05:18:00, delta t = 725.64248005, steps=1 (0s)
Time = 2017-08-25 05:20:00, delta t = 729.10033309, steps=1 (0s)
Time = 2017-08-25 05:22:00, delta t = 732.67451225, steps=1 (0s)
Time = 2017-08-25 05:24:00, delta t = 736.13702605, steps=1 (0s)
Time = 2017-08-25 05:26:00, delta t = 739.71188335, steps=1 (0s)
Time = 2017-08-25 05:28:00, delta t = 743.17888760, steps=1 (0s)
Time = 2017-08-25 05:30:00, delta t = 746.75443734, steps=1 (0s)
Time = 2017-08-25 05:32:00, delta t = 750.22576998, steps=1 (0s)
Time = 2017-08-25 05:34:00, delta t = 753.80202461, steps=1 (0s)
Time = 2017-08-25 05:36:00, delta t = 757.27753126, steps=1 (0s)
Time = 2017-08-25 05:38:00, delta t = 760.85450158, steps=1 (0s)
Time = 2017-08-25 05:40:00, delta t = 764.33403521, steps=1 (0s)
Time = 2017-08-25 05:42:00, delta t = 767.91173045, steps=1 (0s)
Time = 2017-08-25 05:44:00, delta t = 771.39515090, steps=1 (0s)
Time = 2017-08-25 05:46:00, delta t = 774.97357885, steps=1 (0s)
Time = 2017-08-25 05:48:00, delta t = 778.46075245, steps=1 (0s)
Time = 2017-08-25 05:50:00, delta t = 782.03991961, steps=1 (0s)
Time = 2017-08-25 05:52:00, delta t = 785.53071884, steps=1 (0s)
Time = 2017-08-25 05:54:00, delta t = 789.11063050, steps=1 (0s)
Time = 2017-08-25 05:56:00, delta t = 792.60493361, steps=1 (0s)
Time = 2017-08-25 05:58:00, delta t = 796.18559393, steps=1 (0s)
Time = 2017-08-25 06:00:00, delta t = 799.68328467, steps=1 (0s)
Time = 2017-08-25 06:02:00, delta t = 803.26469680, steps=1 (0s)
Time = 2017-08-25 06:04:00, delta t = 806.76566413, steps=1 (0s)
Time = 2017-08-25 06:06:00, delta t = 810.34783028, steps=1 (0s)
Time = 2017-08-25 06:08:00, delta t = 813.85196801, steps=1 (0s)
Time = 2017-08-25 06:10:00, delta t = 817.43488953, steps=1 (0s)
Time = 2017-08-25 06:12:00, delta t = 820.94209617, steps=1 (0s)
Time = 2017-08-25 06:14:00, delta t = 824.52577362, steps=1 (0s)
Time = 2017-08-25 06:16:00, delta t = 828.03595202, steps=1 (0s)
Time = 2017-08-25 06:18:00, delta t = 831.62038522, steps=1 (0s)
Time = 2017-08-25 06:20:00, delta t = 835.13344244, steps=1 (0s)
Time = 2017-08-25 06:22:00, delta t = 838.71863054, steps=1 (0s)
Time = 2017-08-25 06:24:00, delta t = 842.23447758, steps=1 (0s)
Time = 2017-08-25 06:26:00, delta t = 845.82041910, steps=1 (0s)
Time = 2017-08-25 06:28:00, delta t = 849.33897072, steps=1 (0s)
Time = 2017-08-25 06:30:00, delta t = 852.92566366, steps=1 (0s)
Time = 2017-08-25 06:32:00, delta t = 856.44683815, steps=1 (0s)
Time = 2017-08-25 06:34:00, delta t = 860.03427997, steps=1 (0s)
Time = 2017-08-25 06:36:00, delta t = 863.55799901, steps=1 (0s)
Time = 2017-08-25 06:38:00, delta t = 867.14618668, steps=1 (0s)
Time = 2017-08-25 06:40:00, delta t = 870.67237516, steps=1 (0s)
Time = 2017-08-25 06:42:00, delta t = 874.26130525, steps=1 (0s)
Time = 2017-08-25 06:44:00, delta t = 877.78989111, steps=1 (0s)
Time = 2017-08-25 06:46:00, delta t = 881.37955981, steps=1 (0s)
Time = 2017-08-25 06:48:00, delta t = 884.91047389, steps=1 (0s)
Time = 2017-08-25 06:50:00, delta t = 888.50087699, steps=1 (0s)
Time = 2017-08-25 06:52:00, delta t = 892.03405287, steps=1 (0s)
Time = 2017-08-25 06:54:00, delta t = 895.62518588, steps=1 (0s)
Time = 2017-08-25 06:56:00, delta t = 899.16055977, steps=1 (0s)
Time = 2017-08-25 06:58:00, delta t = 902.75241787, steps=1 (0s)
Time = 2017-08-25 07:00:00, delta t = 906.28992849, steps=1 (0s)
Time = 2017-08-25 07:02:00, delta t = 909.88250663, steps=1 (0s)
Time = 2017-08-25 07:04:00, delta t = 913.42209503, steps=1 (0s)
Time = 2017-08-25 07:06:00, delta t = 917.01538792, steps=1 (0s)
Time = 2017-08-25 07:08:00, delta t = 920.55699745, steps=1 (0s)
Time = 2017-08-25 07:10:00, delta t = 924.15099958, steps=1 (0s)
Time = 2017-08-25 07:12:00, delta t = 927.69457572, steps=1 (0s)
Time = 2017-08-25 07:14:00, delta t = 931.28928138, steps=1 (0s)
Time = 2017-08-25 07:16:00, delta t = 934.83477169, steps=1 (0s)
Time = 2017-08-25 07:18:00, delta t = 938.43017498, steps=1 (0s)
Time = 2017-08-25 07:20:00, delta t = 941.97752901, steps=1 (0s)
Time = 2017-08-25 07:22:00, delta t = 945.57362392, steps=1 (0s)
Time = 2017-08-25 07:24:00, delta t = 949.12279299, steps=1 (0s)
Time = 2017-08-25 07:26:00, delta t = 952.71957337, steps=1 (0s)
Time = 2017-08-25 07:28:00, delta t = 956.27051065, steps=1 (0s)
Time = 2017-08-25 07:30:00, delta t = 959.86797025, steps=1 (0s)
Time = 2017-08-25 07:32:00, delta t = 963.42063061, steps=1 (0s)
Time = 2017-08-25 07:34:00, delta t = 967.01876301, steps=1 (0s)
Time = 2017-08-25 07:36:00, delta t = 970.57310296, steps=1 (0s)
Time = 2017-08-25 07:38:00, delta t = 974.17190177, steps=1 (0s)
Time = 2017-08-25 07:40:00, delta t = 977.72787930, steps=1 (0s)
Time = 2017-08-25 07:42:00, delta t = 981.32733795, steps=1 (0s)
Time = 2017-08-25 07:44:00, delta t = 984.88491261, steps=1 (0s)
Time = 2017-08-25 07:46:00, delta t = 988.48502454, steps=1 (0s)
Time = 2017-08-25 07:48:00, delta t = 992.04415729, steps=1 (0s)
Time = 2017-08-25 07:50:00, delta t = 995.64491586, steps=1 (0s)
Time = 2017-08-25 07:52:00, delta t = 999.20556897, steps=1 (0s)
Time = 2017-08-25 07:54:00, delta t = 1000.00000000, steps=1 (0s)
Time = 2017-08-25 07:56:00, delta t = 1000.00000000, steps=1 (0s)
Time = 2017-08-25 07:58:00, delta t = 1000.00000000, steps=1 (0s)
Time = 2017-08-25 08:00:00, delta t = 1000.00000000, steps=1 (0s)
Time = 2017-08-25 08:02:00, delta t = 1000.00000000, steps=1 (0s)
Time = 2017-08-25 08:04:00, delta t = 1000.00000000, steps=1 (0s)
Time = 2017-08-25 08:06:00, delta t = 1000.00000000, steps=1 (0s)
Time = 2017-08-25 08:08:00, delta t = 1000.00000000, steps=1 (0s)
Time = 2017-08-25 08:10:00, delta t = 1000.00000000, steps=1 (0s)
Time = 2017-08-25 08:12:00, delta t = 1000.00000000, steps=1 (0s)
Time = 2017-08-25 08:14:00, delta t = 1000.00000000, steps=1 (0s)
Time = 2017-08-25 08:16:00, delta t = 1000.00000000, steps=1 (0s)
Time = 2017-08-25 08:18:00, delta t = 1000.00000000, steps=1 (0s)
Time = 2017-08-25 08:20:00, delta t = 1000.00000000, steps=1 (0s)
Time = 2017-08-25 08:22:00, delta t = 1000.00000000, steps=1 (0s)
Time = 2017-08-25 08:24:00, delta t = 1000.00000000, steps=1 (0s)
Time = 2017-08-25 08:26:00, delta t = 1000.00000000, steps=1 (0s)
Time = 2017-08-25 08:28:00, delta t = 1000.00000000, steps=1 (0s)
Time = 2017-08-25 08:30:00, delta t = 1000.00000000, steps=1 (0s)
Time = 2017-08-25 08:32:00, delta t = 1000.00000000, steps=1 (0s)
Time = 2017-08-25 08:34:00, delta t = 1000.00000000, steps=1 (0s)
Time = 2017-08-25 08:36:00, delta t = 1000.00000000, steps=1 (0s)
Time = 2017-08-25 08:38:00, delta t = 1000.00000000, steps=1 (0s)
Time = 2017-08-25 08:40:00, delta t = 1000.00000000, steps=1 (0s)
Time = 2017-08-25 08:42:00, delta t = 1000.00000000, steps=1 (0s)
Time = 2017-08-25 08:44:00, delta t = 1000.00000000, steps=1 (0s)
Time = 2017-08-25 08:46:00, delta t = 1000.00000000, steps=1 (0s)
Time = 2017-08-25 08:48:00, delta t = 1000.00000000, steps=1 (0s)
Time = 2017-08-25 08:50:00, delta t = 1000.00000000, steps=1 (0s)
Time = 2017-08-25 08:52:00, delta t = 1000.00000000, steps=1 (0s)
Time = 2017-08-25 08:54:00, delta t = 1000.00000000, steps=1 (0s)
Time = 2017-08-25 08:56:00, delta t = 1000.00000000, steps=1 (0s)
Time = 2017-08-25 08:58:00, delta t = 1000.00000000, steps=1 (0s)
Time = 2017-08-25 09:00:00, delta t = 1000.00000000, steps=1 (0s)
Time = 2017-08-25 09:02:00, delta t = 1000.00000000, steps=1 (0s)
Time = 2017-08-25 09:04:00, delta t = 1000.00000000, steps=1 (0s)
Time = 2017-08-25 09:06:00, delta t = 1000.00000000, steps=1 (0s)
Time = 2017-08-25 09:08:00, delta t = 1000.00000000, steps=1 (0s)
Time = 2017-08-25 09:10:00, delta t = 1000.00000000, steps=1 (0s)
Time = 2017-08-25 09:12:00, delta t = 1000.00000000, steps=1 (0s)
Time = 2017-08-25 09:14:00, delta t = 1000.00000000, steps=1 (0s)
Time = 2017-08-25 09:16:00, delta t = 1000.00000000, steps=1 (0s)
Time = 2017-08-25 09:18:00, delta t = 1000.00000000, steps=1 (0s)
Time = 2017-08-25 09:20:00, delta t = 1000.00000000, steps=1 (0s)
Time = 2017-08-25 09:22:00, delta t = 1000.00000000, steps=1 (0s)
Time = 2017-08-25 09:24:00, delta t = 1000.00000000, steps=1 (0s)
Time = 2017-08-25 09:26:00, delta t = 1000.00000000, steps=1 (0s)
Time = 2017-08-25 09:28:00, delta t = 1000.00000000, steps=1 (0s)
Time = 2017-08-25 09:30:00, delta t = 1000.00000000, steps=1 (0s)
Time = 2017-08-25 09:32:00, delta t = 1000.00000000, steps=1 (0s)
Time = 2017-08-25 09:34:00, delta t = 1000.00000000, steps=1 (0s)
Time = 2017-08-25 09:36:00, delta t = 1000.00000000, steps=1 (0s)
Time = 2017-08-25 09:38:00, delta t = 1000.00000000, steps=1 (0s)
Time = 2017-08-25 09:40:00, delta t = 1000.00000000, steps=1 (0s)
Time = 2017-08-25 09:42:00, delta t = 1000.00000000, steps=1 (0s)
Time = 2017-08-25 09:44:00, delta t = 1000.00000000, steps=1 (0s)
Time = 2017-08-25 09:46:00, delta t = 1000.00000000, steps=1 (0s)
Time = 2017-08-25 09:48:00, delta t = 1000.00000000, steps=1 (0s)
Time = 2017-08-25 09:50:00, delta t = 1000.00000000, steps=1 (0s)
Time = 2017-08-25 09:52:00, delta t = 1000.00000000, steps=1 (0s)
Time = 2017-08-25 09:54:00, delta t = 1000.00000000, steps=1 (0s)
Time = 2017-08-25 09:56:00, delta t = 1000.00000000, steps=1 (0s)
Time = 2017-08-25 09:58:00, delta t = 1000.00000000, steps=1 (0s)
Time = 2017-08-25 10:00:00, delta t = 1000.00000000, steps=1 (0s)
Time = 2017-08-25 10:02:00, delta t = 1000.00000000, steps=1 (0s)
Time = 2017-08-25 10:04:00, delta t = 1000.00000000, steps=1 (0s)
Time = 2017-08-25 10:06:00, delta t = 1000.00000000, steps=1 (0s)
Time = 2017-08-25 10:08:00, delta t = 1000.00000000, steps=1 (0s)
Time = 2017-08-25 10:10:00, delta t = 1000.00000000, steps=1 (0s)
Time = 2017-08-25 10:12:00, delta t = 1000.00000000, steps=1 (0s)
Time = 2017-08-25 10:14:00, delta t = 1000.00000000, steps=1 (0s)
Time = 2017-08-25 10:16:00, delta t = 1000.00000000, steps=1 (0s)
Time = 2017-08-25 10:18:00, delta t = 1000.00000000, steps=1 (0s)
Time = 2017-08-25 10:20:00, delta t = 1000.00000000, steps=1 (0s)
Time = 2017-08-25 10:22:00, delta t = 1000.00000000, steps=1 (0s)
Time = 2017-08-25 10:24:00, delta t = 1000.00000000, steps=1 (0s)
Time = 2017-08-25 10:26:00, delta t = 1000.00000000, steps=1 (0s)
Time = 2017-08-25 10:28:00, delta t = 1000.00000000, steps=1 (0s)
Time = 2017-08-25 10:30:00, delta t = 1000.00000000, steps=1 (0s)
Time = 2017-08-25 10:32:00, delta t = 1000.00000000, steps=1 (0s)
Time = 2017-08-25 10:34:00, delta t = 1000.00000000, steps=1 (0s)
Time = 2017-08-25 10:36:00, delta t = 1000.00000000, steps=1 (0s)
Time = 2017-08-25 10:38:00, delta t = 1000.00000000, steps=1 (0s)
Time = 2017-08-25 10:40:00, delta t = 1000.00000000, steps=1 (0s)
Time = 2017-08-25 10:42:00, delta t = 1000.00000000, steps=1 (0s)
Time = 2017-08-25 10:44:00, delta t = 1000.00000000, steps=1 (0s)
Time = 2017-08-25 10:46:00, delta t = 1000.00000000, steps=1 (0s)
Time = 2017-08-25 10:48:00, delta t = 1000.00000000, steps=1 (0s)
Time = 2017-08-25 10:50:00, delta t = 1000.00000000, steps=1 (0s)
Time = 2017-08-25 10:52:00, delta t = 1000.00000000, steps=1 (0s)
Time = 2017-08-25 10:54:00, delta t = 1000.00000000, steps=1 (0s)
Time = 2017-08-25 10:56:00, delta t = 1000.00000000, steps=1 (0s)
Time = 2017-08-25 10:58:00, delta t = 1000.00000000, steps=1 (0s)
Time = 2017-08-25 11:00:00, delta t = 1000.00000000, steps=1 (0s)
Time = 2017-08-25 11:02:00, delta t = 1000.00000000, steps=1 (0s)
Time = 2017-08-25 11:04:00, delta t = 1000.00000000, steps=1 (0s)
Time = 2017-08-25 11:06:00, delta t = 1000.00000000, steps=1 (0s)
Time = 2017-08-25 11:08:00, delta t = 1000.00000000, steps=1 (0s)
Time = 2017-08-25 11:10:00, delta t = 1000.00000000, steps=1 (0s)
Time = 2017-08-25 11:12:00, delta t = 1000.00000000, steps=1 (0s)
Time = 2017-08-25 11:14:00, delta t = 1000.00000000, steps=1 (0s)
Time = 2017-08-25 11:16:00, delta t = 1000.00000000, steps=1 (0s)
Time = 2017-08-25 11:18:00, delta t = 1000.00000000, steps=1 (0s)
Time = 2017-08-25 11:20:00, delta t = 1000.00000000, steps=1 (0s)
Time = 2017-08-25 11:22:00, delta t = 1000.00000000, steps=1 (0s)
Time = 2017-08-25 11:24:00, delta t = 1000.00000000, steps=1 (0s)
Time = 2017-08-25 11:26:00, delta t = 1000.00000000, steps=1 (0s)
Time = 2017-08-25 11:28:00, delta t = 1000.00000000, steps=1 (0s)
Time = 2017-08-25 11:30:00, delta t = 1000.00000000, steps=1 (0s)
Time = 2017-08-25 11:32:00, delta t = 1000.00000000, steps=1 (0s)
Time = 2017-08-25 11:34:00, delta t = 1000.00000000, steps=1 (0s)
Time = 2017-08-25 11:36:00, delta t = 1000.00000000, steps=1 (0s)
Time = 2017-08-25 11:38:00, delta t = 1000.00000000, steps=1 (0s)
Time = 2017-08-25 11:40:00, delta t = 1000.00000000, steps=1 (0s)
Time = 2017-08-25 11:42:00, delta t = 1000.00000000, steps=1 (0s)
Time = 2017-08-25 11:44:00, delta t = 1000.00000000, steps=1 (0s)
Time = 2017-08-25 11:46:00, delta t = 1000.00000000, steps=1 (0s)
Time = 2017-08-25 11:48:00, delta t = 1000.00000000, steps=1 (0s)
Time = 2017-08-25 11:50:00, delta t = 1000.00000000, steps=1 (0s)
Time = 2017-08-25 11:52:00, delta t = 1000.00000000, steps=1 (0s)
Time = 2017-08-25 11:54:00, delta t = 1000.00000000, steps=1 (0s)
Time = 2017-08-25 11:56:00, delta t = 436.29177465, steps=1 (0s)
Time = 2017-08-25 11:58:00, delta t in [7.38923360, 242.37728478], steps=2 (0s)
Time = 2017-08-25 12:00:00, delta t in [38.68907961, 228.20202990], steps=2 (0s)
Time = 2017-08-25 12:02:00, delta t in [69.13965484, 229.14999352], steps=2 (0s)
Time = 2017-08-25 12:04:00, delta t = 173.32144956, steps=1 (0s)
Time = 2017-08-25 12:06:00, delta t = 236.74685889, steps=1 (0s)
Time = 2017-08-25 12:08:00, delta t = 200.92551387, steps=1 (0s)
Time = 2017-08-25 12:10:00, delta t = 253.17471330, steps=1 (0s)
Time = 2017-08-25 12:12:00, delta t = 262.18487637, steps=1 (0s)
Time = 2017-08-25 12:14:00, delta t = 272.13991443, steps=1 (0s)
Time = 2017-08-25 12:16:00, delta t = 281.84496291, steps=1 (0s)
Time = 2017-08-25 12:18:00, delta t = 292.31722951, steps=1 (0s)
Time = 2017-08-25 12:20:00, delta t = 302.41892819, steps=1 (0s)
Time = 2017-08-25 12:22:00, delta t = 313.17689359, steps=1 (0s)
Time = 2017-08-25 12:24:00, delta t = 323.52893862, steps=1 (0s)
Time = 2017-08-25 12:26:00, delta t = 334.45586622, steps=1 (0s)
Time = 2017-08-25 12:28:00, delta t = 344.97828603, steps=1 (0s)
Time = 2017-08-25 12:30:00, delta t = 356.01304295, steps=1 (0s)
Time = 2017-08-25 12:32:00, delta t = 366.65719580, steps=1 (0s)
Time = 2017-08-25 12:34:00, delta t = 377.76304831, steps=1 (0s)
Time = 2017-08-25 12:36:00, delta t = 388.49745112, steps=1 (0s)
Time = 2017-08-25 12:38:00, delta t = 399.65122329, steps=1 (0s)
Time = 2017-08-25 12:40:00, delta t = 410.45452392, steps=1 (0s)
Time = 2017-08-25 12:42:00, delta t = 421.64105740, steps=1 (0s)
Time = 2017-08-25 12:44:00, delta t = 432.49831030, steps=1 (0s)
Time = 2017-08-25 12:46:00, delta t = 443.70747984, steps=1 (0s)
Time = 2017-08-25 12:48:00, delta t = 454.60783506, steps=1 (0s)
Time = 2017-08-25 12:50:00, delta t = 465.83263971, steps=1 (0s)
Time = 2017-08-25 12:52:00, delta t = 476.76800913, steps=1 (0s)
Time = 2017-08-25 12:54:00, delta t = 488.00351141, steps=1 (0s)
Time = 2017-08-25 12:56:00, delta t = 498.96773050, steps=1 (0s)
Time = 2017-08-25 12:58:00, delta t = 510.21039297, steps=1 (0s)
Time = 2017-08-25 13:00:00, delta t = 521.19867332, steps=1 (0s)
Time = 2017-08-25 13:02:00, delta t = 532.44592977, steps=1 (0s)
Time = 2017-08-25 13:04:00, delta t = 543.45449030, steps=1 (0s)
Time = 2017-08-25 13:06:00, delta t = 554.70445621, steps=1 (0s)
Time = 2017-08-25 13:08:00, delta t = 565.73025925, steps=1 (0s)
Time = 2017-08-25 13:10:00, delta t = 576.98153211, steps=1 (0s)
Time = 2017-08-25 13:12:00, delta t = 588.02210812, steps=1 (0s)
Time = 2017-08-25 13:14:00, delta t = 599.27364416, steps=1 (0s)
Time = 2017-08-25 13:16:00, delta t = 610.32696776, steps=1 (0s)
Time = 2017-08-25 13:18:00, delta t = 621.57799399, steps=1 (0s)
Time = 2017-08-25 13:20:00, delta t = 632.64238831, steps=1 (0s)
Time = 2017-08-25 13:22:00, delta t = 643.89233434, steps=1 (0s)
Time = 2017-08-25 13:24:00, delta t = 654.96639665, steps=1 (0s)
Time = 2017-08-25 13:26:00, delta t = 666.21484269, steps=1 (0s)
Time = 2017-08-25 13:28:00, delta t = 677.29738977, steps=1 (0s)
Time = 2017-08-25 13:30:00, delta t = 688.54403006, steps=1 (0s)
Time = 2017-08-25 13:32:00, delta t = 699.63405647, steps=1 (0s)
Time = 2017-08-25 13:34:00, delta t = 710.87867236, steps=1 (0s)
Time = 2017-08-25 13:36:00, delta t = 721.97531777, steps=1 (0s)
Time = 2017-08-25 13:38:00, delta t = 733.21775731, steps=1 (0s)
Time = 2017-08-25 13:40:00, delta t = 744.32028107, steps=1 (0s)
Time = 2017-08-25 13:42:00, delta t = 755.56044379, steps=1 (0s)
Time = 2017-08-25 13:44:00, delta t = 766.66820463, steps=1 (0s)
Time = 2017-08-25 13:46:00, delta t in [3.39518116, 29.80599405], steps=9 (0s)
Time = 2017-08-25 13:48:00, delta t in [0.39808903, 11.89317485], steps=196 (0s)
Time = 2017-08-25 13:50:00, delta t in [0.25418044, 0.39742706], steps=383 (0s)
Time = 2017-08-25 13:52:00, delta t in [0.17405283, 0.25396933], steps=582 (0s)
Time = 2017-08-25 13:54:00, delta t in [0.05889562, 0.17399078], steps=1286 (2s)
Time = 2017-08-25 13:56:00, delta t in [0.03724784, 0.05888065], steps=2583 (3s)
Time = 2017-08-25 13:58:00, delta t in [0.02585547, 0.03724413], steps=3971 (6s)
Time = 2017-08-25 14:00:00, delta t in [0.02266860, 0.02585513], steps=5036 (9s)
Time = 2017-08-25 14:02:00, delta t in [0.02165644, 0.02266843], steps=5430 (10s)
Time = 2017-08-25 14:04:00, delta t in [0.02125591, 0.02165633], steps=5605 (10s)
Time = 2017-08-25 14:06:00, delta t in [0.02125588, 0.02288151], steps=5467 (10s)
Time = 2017-08-25 14:08:00, delta t in [0.02236834, 0.02328612], steps=5208 (9s)
Time = 2017-08-25 14:10:00, delta t in [0.01984449, 0.02236791], steps=5716 (10s)
Time = 2017-08-25 14:12:00, delta t in [0.01831916, 0.01984424], steps=6314 (11s)
Time = 2017-08-25 14:14:00, delta t in [0.01737348, 0.01831902], steps=6739 (11s)
Time = 2017-08-25 14:16:00, delta t in [0.01673802, 0.01737346], steps=7045 (12s)
Time = 2017-08-25 14:18:00, delta t in [0.01628557, 0.01673798], steps=7274 (12s)
Time = 2017-08-25 14:20:00, delta t in [0.01594841, 0.01628556], steps=7450 (13s)
Time = 2017-08-25 14:22:00, delta t in [0.01568746, 0.01594839], steps=7589 (14s)
Time = 2017-08-25 14:24:00, delta t in [0.01547984, 0.01568743], steps=7703 (14s)
Time = 2017-08-25 14:26:00, delta t in [0.01531169, 0.01547983], steps=7796 (14s)
Time = 2017-08-25 14:28:00, delta t in [0.01517354, 0.01531168], steps=7874 (14s)
Time = 2017-08-25 14:30:00, delta t in [0.01505853, 0.01517353], steps=7940 (15s)
Time = 2017-08-25 14:32:00, delta t in [0.01496156, 0.01505853], steps=7996 (15s)
Time = 2017-08-25 14:34:00, delta t in [0.01485568, 0.01496156], steps=8049 (15s)
Time = 2017-08-25 14:36:00, delta t in [0.01474858, 0.01485567], steps=8107 (14s)
Time = 2017-08-25 14:38:00, delta t in [0.01463980, 0.01474857], steps=8167 (15s)
Time = 2017-08-25 14:40:00, delta t in [0.01454216, 0.01463980], steps=8225 (15s)
Time = 2017-08-25 14:42:00, delta t in [0.01444930, 0.01454215], steps=8279 (15s)
Time = 2017-08-25 14:44:00, delta t in [0.01436075, 0.01444930], steps=8331 (15s)
Time = 2017-08-25 14:46:00, delta t in [0.01428006, 0.01436074], steps=8381 (15s)
Time = 2017-08-25 14:48:00, delta t in [0.01420574, 0.01428006], steps=8426 (15s)
Time = 2017-08-25 14:50:00, delta t in [0.01413587, 0.01420574], steps=8469 (15s)
Time = 2017-08-25 14:52:00, delta t in [0.01403645, 0.01413587], steps=8519 (15s)
Time = 2017-08-25 14:54:00, delta t in [0.01391908, 0.01403645], steps=8585 (15s)
Time = 2017-08-25 14:56:00, delta t in [0.01378159, 0.01391908], steps=8664 (15s)
Time = 2017-08-25 14:58:00, delta t in [0.01362657, 0.01378159], steps=8756 (15s)
Time = 2017-08-25 15:00:00, delta t in [0.01345489, 0.01362655], steps=8862 (15s)
Time = 2017-08-25 15:02:00, delta t in [0.01327110, 0.01345488], steps=8980 (16s)
Time = 2017-08-25 15:04:00, delta t in [0.01310836, 0.01327109], steps=9100 (18s)
Time = 2017-08-25 15:06:00, delta t in [0.01296212, 0.01310835], steps=9207 (19s)
Time = 2017-08-25 15:08:00, delta t in [0.01282310, 0.01296210], steps=9309 (19s)
Time = 2017-08-25 15:10:00, delta t in [0.01269393, 0.01282310], steps=9407 (19s)
Time = 2017-08-25 15:12:00, delta t in [0.01257360, 0.01269393], steps=9499 (19s)
Time = 2017-08-25 15:14:00, delta t in [0.01247223, 0.01257359], steps=9584 (20s)
Time = 2017-08-25 15:16:00, delta t in [0.01238459, 0.01247223], steps=9657 (20s)
Time = 2017-08-25 15:18:00, delta t in [0.01230918, 0.01238459], steps=9720 (20s)
Time = 2017-08-25 15:20:00, delta t in [0.01224436, 0.01230917], steps=9776 (20s)
Time = 2017-08-25 15:22:00, delta t in [0.01218854, 0.01224436], steps=9824 (20s)
Time = 2017-08-25 15:24:00, delta t in [0.01214029, 0.01218854], steps=9866 (19s)
Time = 2017-08-25 15:26:00, delta t in [0.01209840, 0.01214029], steps=9902 (19s)
Time = 2017-08-25 15:28:00, delta t in [0.01206183, 0.01209839], steps=9935 (19s)
Time = 2017-08-25 15:30:00, delta t in [0.01202971, 0.01206183], steps=9963 (19s)
Time = 2017-08-25 15:32:00, delta t in [0.01199860, 0.01202971], steps=9989 (19s)
Time = 2017-08-25 15:34:00, delta t in [0.01196911, 0.01199860], steps=10014 (19s)
Time = 2017-08-25 15:36:00, delta t in [0.01194025, 0.01196911], steps=10038 (18s)
Time = 2017-08-25 15:38:00, delta t in [0.01191073, 0.01194025], steps=10063 (19s)
Time = 2017-08-25 15:40:00, delta t in [0.01187997, 0.01191073], steps=10088 (18s)
Time = 2017-08-25 15:42:00, delta t in [0.01184719, 0.01187997], steps=10115 (18s)
Time = 2017-08-25 15:44:00, delta t in [0.01180773, 0.01184719], steps=10146 (19s)
Time = 2017-08-25 15:46:00, delta t in [0.01176325, 0.01180773], steps=10182 (19s)
Time = 2017-08-25 15:48:00, delta t in [0.01171192, 0.01176325], steps=10224 (19s)
Time = 2017-08-25 15:50:00, delta t in [0.01165500, 0.01171191], steps=10271 (19s)
Time = 2017-08-25 15:52:00, delta t in [0.01159313, 0.01165500], steps=10324 (19s)
Time = 2017-08-25 15:54:00, delta t in [0.01152746, 0.01159313], steps=10381 (19s)
Time = 2017-08-25 15:56:00, delta t in [0.01145848, 0.01152746], steps=10441 (20s)
Time = 2017-08-25 15:58:00, delta t in [0.01138672, 0.01145847], steps=10506 (19s)
Time = 2017-08-25 16:00:00, delta t in [0.01130924, 0.01138672], steps=10575 (19s)
Time = 2017-08-25 16:02:00, delta t in [0.01122785, 0.01130924], steps=10649 (20s)
Time = 2017-08-25 16:04:00, delta t in [0.01114330, 0.01122784], steps=10728 (20s)
Time = 2017-08-25 16:06:00, delta t in [0.01105977, 0.01114330], steps=10810 (20s)
Time = 2017-08-25 16:08:00, delta t in [0.01097729, 0.01105976], steps=10891 (21s)
Time = 2017-08-25 16:10:00, delta t in [0.01089706, 0.01097728], steps=10973 (21s)
Time = 2017-08-25 16:12:00, delta t in [0.01082259, 0.01089706], steps=11051 (19s)
Time = 2017-08-25 16:14:00, delta t in [0.01075285, 0.01082259], steps=11125 (20s)
Time = 2017-08-25 16:16:00, delta t in [0.01068733, 0.01075285], steps=11195 (19s)
Time = 2017-08-25 16:18:00, delta t in [0.01062209, 0.01068732], steps=11263 (20s)
Time = 2017-08-25 16:20:00, delta t in [0.01055749, 0.01062209], steps=11332 (22s)
Time = 2017-08-25 16:22:00, delta t in [0.01049274, 0.01055748], steps=11402 (22s)
Time = 2017-08-25 16:24:00, delta t in [0.01042686, 0.01049274], steps=11473 (22s)
Time = 2017-08-25 16:26:00, delta t in [0.01035951, 0.01042686], steps=11546 (22s)
Time = 2017-08-25 16:28:00, delta t in [0.01029053, 0.01035951], steps=11623 (22s)
Time = 2017-08-25 16:30:00, delta t in [0.01022167, 0.01029053], steps=11701 (23s)
Time = 2017-08-25 16:32:00, delta t in [0.01015318, 0.01022167], steps=11780 (22s)
Time = 2017-08-25 16:34:00, delta t in [0.01008894, 0.01015318], steps=11857 (23s)
Time = 2017-08-25 16:36:00, delta t in [0.01002881, 0.01008894], steps=11931 (23s)
Time = 2017-08-25 16:38:00, delta t in [0.00997320, 0.01002881], steps=12000 (23s)
Time = 2017-08-25 16:40:00, delta t in [0.00992508, 0.00997320], steps=12063 (23s)
Time = 2017-08-25 16:42:00, delta t in [0.00988304, 0.00992508], steps=12117 (23s)
Time = 2017-08-25 16:44:00, delta t in [0.00984651, 0.00988304], steps=12166 (24s)
Time = 2017-08-25 16:46:00, delta t in [0.00981483, 0.00984651], steps=12208 (23s)
Time = 2017-08-25 16:48:00, delta t in [0.00978732, 0.00981483], steps=12244 (23s)
Time = 2017-08-25 16:50:00, delta t in [0.00976336, 0.00978732], steps=12277 (23s)
Time = 2017-08-25 16:52:00, delta t in [0.00974165, 0.00976336], steps=12305 (23s)
Time = 2017-08-25 16:54:00, delta t in [0.00972202, 0.00974165], steps=12331 (23s)
Time = 2017-08-25 16:56:00, delta t in [0.00970392, 0.00972202], steps=12355 (23s)
Time = 2017-08-25 16:58:00, delta t in [0.00968465, 0.00970392], steps=12379 (23s)
Time = 2017-08-25 17:00:00, delta t in [0.00966505, 0.00968465], steps=12404 (23s)
Time = 2017-08-25 17:02:00, delta t in [0.00964515, 0.00966505], steps=12429 (24s)
Time = 2017-08-25 17:04:00, delta t in [0.00962792, 0.00964515], steps=12453 (23s)
Time = 2017-08-25 17:06:00, delta t in [0.00961189, 0.00962792], steps=12475 (23s)
Time = 2017-08-25 17:08:00, delta t in [0.00959696, 0.00961189], steps=12495 (25s)
Time = 2017-08-25 17:10:00, delta t in [0.00958311, 0.00959696], steps=12514 (25s)
Time = 2017-08-25 17:12:00, delta t in [0.00957032, 0.00958311], steps=12531 (25s)
Time = 2017-08-25 17:14:00, delta t in [0.00955856, 0.00957032], steps=12547 (25s)
Time = 2017-08-25 17:16:00, delta t in [0.00954776, 0.00955856], steps=12562 (25s)
Time = 2017-08-25 17:18:00, delta t in [0.00953788, 0.00954776], steps=12575 (25s)
Time = 2017-08-25 17:20:00, delta t in [0.00952773, 0.00953787], steps=12589 (25s)
Time = 2017-08-25 17:22:00, delta t in [0.00951783, 0.00952773], steps=12602 (25s)
Time = 2017-08-25 17:24:00, delta t in [0.00950787, 0.00951783], steps=12615 (25s)
Time = 2017-08-25 17:26:00, delta t in [0.00949678, 0.00950787], steps=12629 (25s)
Time = 2017-08-25 17:28:00, delta t in [0.00948480, 0.00949678], steps=12644 (24s)
Time = 2017-08-25 17:30:00, delta t in [0.00947192, 0.00948480], steps=12661 (24s)
Time = 2017-08-25 17:32:00, delta t in [0.00945534, 0.00947192], steps=12680 (24s)
Time = 2017-08-25 17:34:00, delta t in [0.00943619, 0.00945534], steps=12704 (24s)
Time = 2017-08-25 17:36:00, delta t in [0.00941465, 0.00943619], steps=12732 (24s)
Time = 2017-08-25 17:38:00, delta t in [0.00938917, 0.00941465], steps=12764 (24s)
Time = 2017-08-25 17:40:00, delta t in [0.00936030, 0.00938917], steps=12800 (24s)
Time = 2017-08-25 17:42:00, delta t in [0.00932793, 0.00936030], steps=12842 (24s)
Time = 2017-08-25 17:44:00, delta t in [0.00929294, 0.00932793], steps=12889 (24s)
Time = 2017-08-25 17:46:00, delta t in [0.00925479, 0.00929294], steps=12940 (24s)
Time = 2017-08-25 17:48:00, delta t in [0.00921384, 0.00925479], steps=12995 (24s)
Time = 2017-08-25 17:50:00, delta t in [0.00916510, 0.00921383], steps=13058 (24s)
Time = 2017-08-25 17:52:00, delta t in [0.00911019, 0.00916510], steps=13132 (25s)
Time = 2017-08-25 17:54:00, delta t in [0.00905302, 0.00911019], steps=13215 (25s)
Time = 2017-08-25 17:56:00, delta t in [0.00901179, 0.00905302], steps=13287 (25s)
Time = 2017-08-25 17:58:00, delta t in [0.00897719, 0.00901179], steps=13342 (25s)
Time = 2017-08-25 18:00:00, delta t in [0.00894958, 0.00897719], steps=13389 (24s)
Time = 2017-08-25 18:02:00, delta t in [0.00892503, 0.00894957], steps=13428 (24s)
Time = 2017-08-25 18:04:00, delta t in [0.00890303, 0.00892503], steps=13463 (25s)
Time = 2017-08-25 18:06:00, delta t in [0.00888317, 0.00890303], steps=13494 (25s)
Time = 2017-08-25 18:08:00, delta t in [0.00886478, 0.00888317], steps=13523 (25s)
Time = 2017-08-25 18:10:00, delta t in [0.00884763, 0.00886478], steps=13550 (25s)
Time = 2017-08-25 18:12:00, delta t in [0.00883397, 0.00884763], steps=13574 (25s)
Time = 2017-08-25 18:14:00, delta t in [0.00882267, 0.00883397], steps=13593 (25s)
Time = 2017-08-25 18:16:00, delta t in [0.00881330, 0.00882267], steps=13609 (25s)
Time = 2017-08-25 18:18:00, delta t in [0.00880458, 0.00881330], steps=13623 (26s)
Time = 2017-08-25 18:20:00, delta t in [0.00879699, 0.00880458], steps=13636 (26s)
Time = 2017-08-25 18:22:00, delta t in [0.00879016, 0.00879699], steps=13647 (26s)
Time = 2017-08-25 18:24:00, delta t in [0.00878521, 0.00879016], steps=13656 (25s)
Time = 2017-08-25 18:26:00, delta t in [0.00878112, 0.00878521], steps=13663 (25s)
Time = 2017-08-25 18:28:00, delta t in [0.00877769, 0.00878112], steps=13669 (26s)
Time = 2017-08-25 18:30:00, delta t in [0.00877476, 0.00877768], steps=13674 (26s)
Time = 2017-08-25 18:32:00, delta t in [0.00877226, 0.00877476], steps=13678 (25s)
Time = 2017-08-25 18:34:00, delta t in [0.00877009, 0.00877226], steps=13682 (25s)
Time = 2017-08-25 18:36:00, delta t in [0.00876819, 0.00877009], steps=13685 (26s)
Time = 2017-08-25 18:38:00, delta t in [0.00876653, 0.00876819], steps=13688 (26s)
Time = 2017-08-25 18:40:00, delta t in [0.00876375, 0.00876653], steps=13691 (26s)
Time = 2017-08-25 18:42:00, delta t in [0.00876061, 0.00876375], steps=13696 (26s)
Time = 2017-08-25 18:44:00, delta t in [0.00875724, 0.00876061], steps=13701 (26s)
Time = 2017-08-25 18:46:00, delta t in [0.00875417, 0.00875724], steps=13706 (26s)
Time = 2017-08-25 18:48:00, delta t in [0.00875109, 0.00875417], steps=13711 (26s)
Time = 2017-08-25 18:50:00, delta t in [0.00874801, 0.00875109], steps=13715 (26s)
Time = 2017-08-25 18:52:00, delta t in [0.00874538, 0.00874801], steps=13720 (27s)
Time = 2017-08-25 18:54:00, delta t in [0.00874283, 0.00874538], steps=13724 (27s)
Time = 2017-08-25 18:56:00, delta t in [0.00874028, 0.00874283], steps=13728 (26s)
Time = 2017-08-25 18:58:00, delta t in [0.00873607, 0.00874028], steps=13733 (26s)
Time = 2017-08-25 19:00:00, delta t in [0.00873129, 0.00873607], steps=13740 (26s)
Time = 2017-08-25 19:02:00, delta t in [0.00872595, 0.00873129], steps=13748 (26s)
Time = 2017-08-25 19:04:00, delta t in [0.00872026, 0.00872595], steps=13757 (25s)
Time = 2017-08-25 19:06:00, delta t in [0.00871418, 0.00872026], steps=13766 (24s)
Time = 2017-08-25 19:08:00, delta t in [0.00870774, 0.00871418], steps=13776 (25s)
Time = 2017-08-25 19:10:00, delta t in [0.00870115, 0.00870774], steps=13787 (25s)
Time = 2017-08-25 19:12:00, delta t in [0.00869433, 0.00870115], steps=13797 (25s)
Time = 2017-08-25 19:14:00, delta t in [0.00868646, 0.00869433], steps=13809 (25s)
Time = 2017-08-25 19:16:00, delta t in [0.00867809, 0.00868646], steps=13822 (25s)
Time = 2017-08-25 19:18:00, delta t in [0.00866932, 0.00867809], steps=13835 (27s)
Time = 2017-08-25 19:20:00, delta t in [0.00866099, 0.00866931], steps=13849 (27s)
Time = 2017-08-25 19:22:00, delta t in [0.00865282, 0.00866099], steps=13862 (26s)
Time = 2017-08-25 19:24:00, delta t in [0.00864486, 0.00865282], steps=13875 (26s)
Time = 2017-08-25 19:26:00, delta t in [0.00863760, 0.00864486], steps=13887 (26s)
Time = 2017-08-25 19:28:00, delta t in [0.00863048, 0.00863760], steps=13899 (26s)
Time = 2017-08-25 19:30:00, delta t in [0.00862352, 0.00863048], steps=13910 (26s)
Time = 2017-08-25 19:32:00, delta t in [0.00861559, 0.00862352], steps=13922 (26s)
Time = 2017-08-25 19:34:00, delta t in [0.00860723, 0.00861559], steps=13935 (26s)
Time = 2017-08-25 19:36:00, delta t in [0.00859839, 0.00860723], steps=13949 (25s)
Time = 2017-08-25 19:38:00, delta t in [0.00858906, 0.00859839], steps=13964 (25s)
Time = 2017-08-25 19:40:00, delta t in [0.00857862, 0.00858906], steps=13980 (26s)
Time = 2017-08-25 19:42:00, delta t in [0.00856756, 0.00857862], steps=13998 (25s)
Time = 2017-08-25 19:44:00, delta t in [0.00855601, 0.00856756], steps=14016 (24s)
Time = 2017-08-25 19:46:00, delta t in [0.00854089, 0.00855601], steps=14038 (24s)
Time = 2017-08-25 19:48:00, delta t in [0.00852418, 0.00854089], steps=14064 (24s)
Time = 2017-08-25 19:50:00, delta t in [0.00850619, 0.00852418], steps=14093 (25s)
Time = 2017-08-25 19:52:00, delta t in [0.00848806, 0.00850619], steps=14123 (24s)
Time = 2017-08-25 19:54:00, delta t in [0.00846942, 0.00848806], steps=14153 (25s)
Time = 2017-08-25 19:56:00, delta t in [0.00845017, 0.00846942], steps=14185 (24s)
Time = 2017-08-25 19:58:00, delta t in [0.00843058, 0.00845017], steps=14218 (25s)
Time = 2017-08-25 20:00:00, delta t in [0.00841081, 0.00843058], steps=14251 (24s)
Time = 2017-08-25 20:02:00, delta t in [0.00839151, 0.00841081], steps=14284 (25s)
Time = 2017-08-25 20:04:00, delta t in [0.00837248, 0.00839151], steps=14317 (26s)
Time = 2017-08-25 20:06:00, delta t in [0.00835370, 0.00837248], steps=14349 (26s)
Time = 2017-08-25 20:08:00, delta t in [0.00833571, 0.00835370], steps=14381 (25s)
Time = 2017-08-25 20:10:00, delta t in [0.00831832, 0.00833571], steps=14412 (24s)
Time = 2017-08-25 20:12:00, delta t in [0.00830153, 0.00831832], steps=14441 (24s)
Time = 2017-08-25 20:14:00, delta t in [0.00828731, 0.00830153], steps=14468 (24s)
Time = 2017-08-25 20:16:00, delta t in [0.00827446, 0.00828731], steps=14492 (24s)
Time = 2017-08-25 20:18:00, delta t in [0.00826267, 0.00827446], steps=14513 (25s)
Time = 2017-08-25 20:20:00, delta t in [0.00825377, 0.00826267], steps=14532 (25s)
Time = 2017-08-25 20:22:00, delta t in [0.00824633, 0.00825377], steps=14546 (25s)
Time = 2017-08-25 20:24:00, delta t in [0.00824000, 0.00824633], steps=14558 (26s)
Time = 2017-08-25 20:26:00, delta t in [0.00823510, 0.00824000], steps=14568 (26s)
Time = 2017-08-25 20:28:00, delta t in [0.00823106, 0.00823510], steps=14576 (26s)
Time = 2017-08-25 20:30:00, delta t in [0.00822768, 0.00823106], steps=14583 (26s)
Time = 2017-08-25 20:32:00, delta t in [0.00822448, 0.00822768], steps=14588 (27s)
Time = 2017-08-25 20:34:00, delta t in [0.00822155, 0.00822448], steps=14594 (27s)
Time = 2017-08-25 20:36:00, delta t in [0.00821916, 0.00822155], steps=14598 (27s)
Time = 2017-08-25 20:38:00, delta t in [0.00821707, 0.00821916], steps=14602 (26s)
Time = 2017-08-25 20:40:00, delta t in [0.00821523, 0.00821707], steps=14606 (26s)
Time = 2017-08-25 20:42:00, delta t in [0.00821362, 0.00821523], steps=14609 (26s)
Time = 2017-08-25 20:44:00, delta t in [0.00821218, 0.00821362], steps=14612 (26s)
Time = 2017-08-25 20:46:00, delta t in [0.00821090, 0.00821218], steps=14614 (25s)
Time = 2017-08-25 20:48:00, delta t in [0.00820502, 0.00821090], steps=14620 (26s)
Time = 2017-08-25 20:50:00, delta t in [0.00819772, 0.00820502], steps=14632 (26s)
Time = 2017-08-25 20:52:00, delta t in [0.00818890, 0.00819772], steps=14646 (26s)
Time = 2017-08-25 20:54:00, delta t in [0.00817797, 0.00818890], steps=14664 (26s)
Time = 2017-08-25 20:56:00, delta t in [0.00816530, 0.00817797], steps=14685 (27s)
Time = 2017-08-25 20:58:00, delta t in [0.00815106, 0.00816530], steps=14709 (27s)
Time = 2017-08-25 21:00:00, delta t in [0.00813380, 0.00815106], steps=14738 (28s)
Time = 2017-08-25 21:02:00, delta t in [0.00811445, 0.00813380], steps=14771 (27s)
Time = 2017-08-25 21:04:00, delta t in [0.00809335, 0.00811445], steps=14808 (27s)
Time = 2017-08-25 21:06:00, delta t in [0.00807153, 0.00809335], steps=14847 (26s)
Time = 2017-08-25 21:08:00, delta t in [0.00804932, 0.00807153], steps=14888 (26s)
Time = 2017-08-25 21:10:00, delta t in [0.00802717, 0.00804932], steps=14929 (25s)
Time = 2017-08-25 21:12:00, delta t in [0.00800476, 0.00802717], steps=14971 (25s)
Time = 2017-08-25 21:14:00, delta t in [0.00798236, 0.00800476], steps=15013 (26s)
Time = 2017-08-25 21:16:00, delta t in [0.00796149, 0.00798236], steps=15053 (26s)
Time = 2017-08-25 21:18:00, delta t in [0.00794139, 0.00796149], steps=15092 (25s)
Time = 2017-08-25 21:20:00, delta t in [0.00792185, 0.00794139], steps=15130 (26s)
Time = 2017-08-25 21:22:00, delta t in [0.00790402, 0.00792185], steps=15166 (27s)
Time = 2017-08-25 21:24:00, delta t in [0.00788722, 0.00790402], steps=15199 (27s)
Time = 2017-08-25 21:26:00, delta t in [0.00787130, 0.00788722], steps=15230 (27s)
Time = 2017-08-25 21:28:00, delta t in [0.00785504, 0.00787129], steps=15262 (26s)
Time = 2017-08-25 21:30:00, delta t in [0.00783826, 0.00785504], steps=15294 (26s)
Time = 2017-08-25 21:32:00, delta t in [0.00782063, 0.00783826], steps=15327 (28s)
Time = 2017-08-25 21:34:00, delta t in [0.00780097, 0.00782063], steps=15364 (27s)
Time = 2017-08-25 21:36:00, delta t in [0.00778020, 0.00780097], steps=15404 (27s)
Time = 2017-08-25 21:38:00, delta t in [0.00775868, 0.00778020], steps=15446 (28s)
Time = 2017-08-25 21:40:00, delta t in [0.00773994, 0.00775868], steps=15486 (27s)
Time = 2017-08-25 21:42:00, delta t in [0.00772282, 0.00773994], steps=15522 (26s)
Time = 2017-08-25 21:44:00, delta t in [0.00770714, 0.00772281], steps=15555 (27s)
Time = 2017-08-25 21:46:00, delta t in [0.00769579, 0.00770714], steps=15582 (28s)
Time = 2017-08-25 21:48:00, delta t in [0.00768661, 0.00769579], steps=15603 (27s)
Time = 2017-08-25 21:50:00, delta t in [0.00767905, 0.00768661], steps=15620 (26s)
Time = 2017-08-25 21:52:00, delta t in [0.00767195, 0.00767905], steps=15635 (26s)
Time = 2017-08-25 21:54:00, delta t in [0.00766539, 0.00767195], steps=15649 (26s)
Time = 2017-08-25 21:56:00, delta t in [0.00765771, 0.00766539], steps=15663 (28s)
Time = 2017-08-25 21:58:00, delta t in [0.00764989, 0.00765771], steps=15679 (27s)
Time = 2017-08-25 22:00:00, delta t in [0.00764193, 0.00764989], steps=15695 (28s)
Time = 2017-08-25 22:02:00, delta t in [0.00763569, 0.00764193], steps=15710 (27s)
Time = 2017-08-25 22:04:00, delta t in [0.00762994, 0.00763569], steps=15722 (28s)
Time = 2017-08-25 22:06:00, delta t in [0.00762452, 0.00762994], steps=15734 (28s)
Time = 2017-08-25 22:08:00, delta t in [0.00761981, 0.00762452], steps=15744 (27s)
Time = 2017-08-25 22:10:00, delta t in [0.00761556, 0.00761981], steps=15753 (27s)
Time = 2017-08-25 22:12:00, delta t in [0.00761170, 0.00761556], steps=15762 (27s)
Time = 2017-08-25 22:14:00, delta t in [0.00760778, 0.00761170], steps=15770 (27s)
Time = 2017-08-25 22:16:00, delta t in [0.00760394, 0.00760778], steps=15778 (27s)
Time = 2017-08-25 22:18:00, delta t in [0.00760016, 0.00760394], steps=15786 (27s)
Time = 2017-08-25 22:20:00, delta t in [0.00759522, 0.00760016], steps=15795 (27s)
Time = 2017-08-25 22:22:00, delta t in [0.00758982, 0.00759522], steps=15805 (27s)
Time = 2017-08-25 22:24:00, delta t in [0.00758393, 0.00758982], steps=15817 (28s)
Time = 2017-08-25 22:26:00, delta t in [0.00757426, 0.00758393], steps=15833 (28s)
Time = 2017-08-25 22:28:00, delta t in [0.00756278, 0.00757426], steps=15855 (27s)
Time = 2017-08-25 22:30:00, delta t in [0.00754963, 0.00756277], steps=15881 (28s)
Time = 2017-08-25 22:32:00, delta t in [0.00753402, 0.00754963], steps=15911 (28s)
Time = 2017-08-25 22:34:00, delta t in [0.00751662, 0.00753401], steps=15946 (27s)
Time = 2017-08-25 22:36:00, delta t in [0.00749782, 0.00751662], steps=15985 (27s)
Time = 2017-08-25 22:38:00, delta t in [0.00747790, 0.00749782], steps=16026 (27s)
Time = 2017-08-25 22:40:00, delta t in [0.00745718, 0.00747790], steps=16070 (29s)
Time = 2017-08-25 22:42:00, delta t in [0.00743772, 0.00745718], steps=16114 (29s)
Time = 2017-08-25 22:44:00, delta t in [0.00741891, 0.00743772], steps=16155 (30s)
Time = 2017-08-25 22:46:00, delta t in [0.00740074, 0.00741891], steps=16195 (29s)
Time = 2017-08-25 22:48:00, delta t in [0.00738309, 0.00740073], steps=16235 (30s)
Time = 2017-08-25 22:50:00, delta t in [0.00736605, 0.00738309], steps=16273 (29s)
Time = 2017-08-25 22:52:00, delta t in [0.00734957, 0.00736605], steps=16310 (30s)
Time = 2017-08-25 22:54:00, delta t in [0.00733267, 0.00734957], steps=16347 (29s)
Time = 2017-08-25 22:56:00, delta t in [0.00731568, 0.00733267], steps=16385 (29s)
Time = 2017-08-25 22:58:00, delta t in [0.00729863, 0.00731568], steps=16423 (29s)
Time = 2017-08-25 23:00:00, delta t in [0.00728457, 0.00729863], steps=16458 (29s)
Time = 2017-08-25 23:02:00, delta t in [0.00727205, 0.00728457], steps=16488 (29s)
Time = 2017-08-25 23:04:00, delta t in [0.00726082, 0.00727205], steps=16515 (29s)
Time = 2017-08-25 23:06:00, delta t in [0.00725250, 0.00726082], steps=16537 (29s)
Time = 2017-08-25 23:08:00, delta t in [0.00724563, 0.00725250], steps=16555 (30s)
Time = 2017-08-25 23:10:00, delta t in [0.00723983, 0.00724563], steps=16569 (30s)
Time = 2017-08-25 23:12:00, delta t in [0.00723524, 0.00723983], steps=16581 (30s)
Time = 2017-08-25 23:14:00, delta t in [0.00723144, 0.00723524], steps=16590 (30s)
Time = 2017-08-25 23:16:00, delta t in [0.00722828, 0.00723144], steps=16598 (29s)
Time = 2017-08-25 23:18:00, delta t in [0.00722562, 0.00722828], steps=16605 (29s)
Time = 2017-08-25 23:20:00, delta t in [0.00722336, 0.00722562], steps=16611 (29s)
Time = 2017-08-25 23:22:00, delta t in [0.00722143, 0.00722336], steps=16616 (29s)
Time = 2017-08-25 23:24:00, delta t in [0.00721976, 0.00722143], steps=16620 (29s)
Time = 2017-08-25 23:26:00, delta t in [0.00721831, 0.00721976], steps=16623 (29s)
Time = 2017-08-25 23:28:00, delta t in [0.00721704, 0.00721831], steps=16626 (29s)
Time = 2017-08-25 23:30:00, delta t in [0.00721593, 0.00721704], steps=16629 (29s)
Time = 2017-08-25 23:32:00, delta t in [0.00721494, 0.00721593], steps=16632 (29s)
Time = 2017-08-25 23:34:00, delta t in [0.00721407, 0.00721494], steps=16634 (30s)
Time = 2017-08-25 23:36:00, delta t in [0.00721329, 0.00721407], steps=16636 (29s)
Time = 2017-08-25 23:38:00, delta t in [0.00721259, 0.00721329], steps=16637 (31s)
Time = 2017-08-25 23:40:00, delta t in [0.00721197, 0.00721259], steps=16639 (32s)
Time = 2017-08-25 23:42:00, delta t in [0.00721141, 0.00721197], steps=16640 (31s)
Time = 2017-08-25 23:44:00, delta t in [0.00721090, 0.00721141], steps=16641 (30s)
Time = 2017-08-25 23:46:00, delta t in [0.00721045, 0.00721090], steps=16642 (30s)
Time = 2017-08-25 23:48:00, delta t in [0.00721004, 0.00721045], steps=16643 (31s)
Time = 2017-08-25 23:50:00, delta t in [0.00720967, 0.00721004], steps=16644 (31s)
Time = 2017-08-25 23:52:00, delta t in [0.00720933, 0.00720967], steps=16645 (31s)
Time = 2017-08-25 23:54:00, delta t in [0.00720901, 0.00720933], steps=16646 (31s)
Time = 2017-08-25 23:56:00, delta t in [0.00720873, 0.00720901], steps=16647 (31s)
Time = 2017-08-25 23:58:00, delta t in [0.00720846, 0.00720873], steps=16647 (32s)
Time = 2017-08-26 00:00:00, delta t in [0.00720822, 0.00720846], steps=16648 (32s)
Time = 2017-08-26 00:02:00, delta t in [0.00720799, 0.00720822], steps=16648 (31s)
Time = 2017-08-26 00:04:00, delta t in [0.00720778, 0.00720799], steps=16649 (31s)
Time = 2017-08-26 00:06:00, delta t in [0.00720758, 0.00720778], steps=16649 (32s)
Time = 2017-08-26 00:08:00, delta t in [0.00720740, 0.00720758], steps=16650 (31s)
Time = 2017-08-26 00:10:00, delta t in [0.00720722, 0.00720740], steps=16650 (31s)
Time = 2017-08-26 00:12:00, delta t in [0.00720706, 0.00720722], steps=16651 (30s)
Time = 2017-08-26 00:14:00, delta t in [0.00720691, 0.00720706], steps=16651 (30s)
Time = 2017-08-26 00:16:00, delta t in [0.00720677, 0.00720691], steps=16651 (31s)
Time = 2017-08-26 00:18:00, delta t in [0.00720664, 0.00720677], steps=16652 (31s)
Time = 2017-08-26 00:20:00, delta t in [0.00720651, 0.00720664], steps=16652 (31s)
Time = 2017-08-26 00:22:00, delta t in [0.00720639, 0.00720651], steps=16652 (31s)
Time = 2017-08-26 00:24:00, delta t in [0.00720628, 0.00720639], steps=16653 (31s)
Time = 2017-08-26 00:26:00, delta t in [0.00720618, 0.00720628], steps=16653 (31s)
Time = 2017-08-26 00:28:00, delta t in [0.00720608, 0.00720618], steps=16653 (31s)
Time = 2017-08-26 00:30:00, delta t in [0.00720598, 0.00720608], steps=16653 (31s)
Time = 2017-08-26 00:32:00, delta t in [0.00720589, 0.00720598], steps=16653 (31s)
Time = 2017-08-26 00:34:00, delta t in [0.00720581, 0.00720589], steps=16654 (31s)
Time = 2017-08-26 00:36:00, delta t in [0.00720536, 0.00720581], steps=16654 (31s)
Time = 2017-08-26 00:38:00, delta t in [0.00720482, 0.00720536], steps=16655 (30s)
Time = 2017-08-26 00:40:00, delta t in [0.00720416, 0.00720482], steps=16657 (30s)
Time = 2017-08-26 00:42:00, delta t in [0.00720164, 0.00720416], steps=16660 (29s)
Time = 2017-08-26 00:44:00, delta t in [0.00719837, 0.00720164], steps=16667 (29s)
Time = 2017-08-26 00:46:00, delta t in [0.00719452, 0.00719837], steps=16675 (29s)
Time = 2017-08-26 00:48:00, delta t in [0.00718924, 0.00719452], steps=16686 (29s)
Time = 2017-08-26 00:50:00, delta t in [0.00718294, 0.00718924], steps=16699 (28s)
Time = 2017-08-26 00:52:00, delta t in [0.00717567, 0.00718294], steps=16715 (28s)
Time = 2017-08-26 00:54:00, delta t in [0.00716760, 0.00717567], steps=16733 (28s)
Time = 2017-08-26 00:56:00, delta t in [0.00715888, 0.00716760], steps=16753 (29s)
Time = 2017-08-26 00:58:00, delta t in [0.00714986, 0.00715888], steps=16773 (29s)
Time = 2017-08-26 01:00:00, delta t in [0.00714355, 0.00714986], steps=16792 (29s)
Time = 2017-08-26 01:02:00, delta t in [0.00713863, 0.00714355], steps=16805 (29s)
Time = 2017-08-26 01:04:00, delta t in [0.00713464, 0.00713863], steps=16815 (29s)
Time = 2017-08-26 01:06:00, delta t in [0.00713139, 0.00713464], steps=16824 (29s)
Time = 2017-08-26 01:08:00, delta t in [0.00712873, 0.00713139], steps=16831 (28s)
Time = 2017-08-26 01:10:00, delta t in [0.00712653, 0.00712873], steps=16836 (29s)
Time = 2017-08-26 01:12:00, delta t in [0.00712469, 0.00712653], steps=16841 (28s)
Time = 2017-08-26 01:14:00, delta t in [0.00712314, 0.00712469], steps=16845 (28s)
Time = 2017-08-26 01:16:00, delta t in [0.00712181, 0.00712314], steps=16849 (29s)
Time = 2017-08-26 01:18:00, delta t in [0.00712066, 0.00712181], steps=16852 (29s)
Time = 2017-08-26 01:20:00, delta t in [0.00711966, 0.00712066], steps=16854 (30s)
Time = 2017-08-26 01:22:00, delta t in [0.00711879, 0.00711966], steps=16856 (29s)
Time = 2017-08-26 01:24:00, delta t in [0.00711802, 0.00711879], steps=16858 (29s)
Time = 2017-08-26 01:26:00, delta t in [0.00711733, 0.00711802], steps=16860 (29s)
Time = 2017-08-26 01:28:00, delta t in [0.00711632, 0.00711733], steps=16862 (29s)
Time = 2017-08-26 01:30:00, delta t in [0.00711525, 0.00711632], steps=16864 (29s)
Time = 2017-08-26 01:32:00, delta t in [0.00711409, 0.00711525], steps=16867 (29s)
Time = 2017-08-26 01:34:00, delta t in [0.00711272, 0.00711409], steps=16870 (29s)
Time = 2017-08-26 01:36:00, delta t in [0.00711118, 0.00711272], steps=16873 (29s)
Time = 2017-08-26 01:38:00, delta t in [0.00710945, 0.00711118], steps=16877 (29s)
Time = 2017-08-26 01:40:00, delta t in [0.00710630, 0.00710945], steps=16883 (29s)
Time = 2017-08-26 01:42:00, delta t in [0.00710221, 0.00710630], steps=16892 (29s)
Time = 2017-08-26 01:44:00, delta t in [0.00709708, 0.00710221], steps=16903 (30s)
Time = 2017-08-26 01:46:00, delta t in [0.00708779, 0.00709708], steps=16919 (29s)
Time = 2017-08-26 01:48:00, delta t in [0.00707664, 0.00708779], steps=16944 (28s)
Time = 2017-08-26 01:50:00, delta t in [0.00706355, 0.00707664], steps=16973 (28s)
Time = 2017-08-26 01:52:00, delta t in [0.00705150, 0.00706355], steps=17004 (28s)
Time = 2017-08-26 01:54:00, delta t in [0.00703889, 0.00705150], steps=17033 (28s)
Time = 2017-08-26 01:56:00, delta t in [0.00702666, 0.00703889], steps=17064 (29s)
Time = 2017-08-26 01:58:00, delta t in [0.00701115, 0.00702666], steps=17097 (29s)
Time = 2017-08-26 02:00:00, delta t in [0.00699432, 0.00701115], steps=17136 (29s)
Time = 2017-08-26 02:02:00, delta t in [0.00697624, 0.00699432], steps=17179 (29s)
Time = 2017-08-26 02:04:00, delta t in [0.00695458, 0.00697624], steps=17228 (29s)
Time = 2017-08-26 02:06:00, delta t in [0.00693060, 0.00695458], steps=17285 (29s)
Time = 2017-08-26 02:08:00, delta t in [0.00690482, 0.00693060], steps=17347 (29s)
Time = 2017-08-26 02:10:00, delta t in [0.00687995, 0.00690482], steps=17411 (29s)
Time = 2017-08-26 02:12:00, delta t in [0.00685571, 0.00687995], steps=17473 (29s)
Time = 2017-08-26 02:14:00, delta t in [0.00683288, 0.00685571], steps=17534 (29s)
Time = 2017-08-26 02:16:00, delta t in [0.00681055, 0.00683288], steps=17592 (29s)
Time = 2017-08-26 02:18:00, delta t in [0.00678891, 0.00681055], steps=17648 (30s)
Time = 2017-08-26 02:20:00, delta t in [0.00676848, 0.00678891], steps=17703 (29s)
Time = 2017-08-26 02:22:00, delta t in [0.00674896, 0.00676848], steps=17756 (29s)
Time = 2017-08-26 02:24:00, delta t in [0.00673024, 0.00674896], steps=17806 (30s)
Time = 2017-08-26 02:26:00, delta t in [0.00671013, 0.00673024], steps=17857 (29s)
Time = 2017-08-26 02:28:00, delta t in [0.00668959, 0.00671012], steps=17911 (30s)
Time = 2017-08-26 02:30:00, delta t in [0.00666875, 0.00668958], steps=17967 (29s)
Time = 2017-08-26 02:32:00, delta t in [0.00665184, 0.00666875], steps=18018 (29s)
Time = 2017-08-26 02:34:00, delta t in [0.00663662, 0.00665184], steps=18062 (29s)
Time = 2017-08-26 02:36:00, delta t in [0.00662273, 0.00663662], steps=18101 (29s)
Time = 2017-08-26 02:38:00, delta t in [0.00660993, 0.00662273], steps=18138 (29s)
Time = 2017-08-26 02:40:00, delta t in [0.00659797, 0.00660993], steps=18172 (29s)
Time = 2017-08-26 02:42:00, delta t in [0.00658649, 0.00659797], steps=18204 (30s)
Time = 2017-08-26 02:44:00, delta t in [0.00657509, 0.00658649], steps=18235 (30s)
Time = 2017-08-26 02:46:00, delta t in [0.00656370, 0.00657509], steps=18267 (30s)
Time = 2017-08-26 02:48:00, delta t in [0.00655210, 0.00656370], steps=18299 (30s)
Time = 2017-08-26 02:50:00, delta t in [0.00654046, 0.00655210], steps=18332 (30s)
Time = 2017-08-26 02:52:00, delta t in [0.00651953, 0.00654046], steps=18376 (30s)
Time = 2017-08-26 02:54:00, delta t in [0.00649398, 0.00651953], steps=18442 (30s)
Time = 2017-08-26 02:56:00, delta t in [0.00646480, 0.00649398], steps=18520 (30s)
Time = 2017-08-26 02:58:00, delta t in [0.00643797, 0.00646480], steps=18601 (31s)
Time = 2017-08-26 03:00:00, delta t in [0.00641159, 0.00643797], steps=18678 (31s)
Time = 2017-08-26 03:02:00, delta t in [0.00638888, 0.00641159], steps=18751 (30s)
Time = 2017-08-26 03:04:00, delta t in [0.00636194, 0.00638888], steps=18823 (30s)
Time = 2017-08-26 03:06:00, delta t in [0.00633509, 0.00636194], steps=18903 (31s)
Time = 2017-08-26 03:08:00, delta t in [0.00632125, 0.00633509], steps=18965 (31s)
Time = 2017-08-26 03:10:00, delta t in [0.00631398, 0.00632125], steps=18996 (31s)
Time = 2017-08-26 03:12:00, delta t in [0.00631086, 0.00631398], steps=19011 (31s)
Time = 2017-08-26 03:14:00, delta t in [0.00630450, 0.00631085], steps=19025 (32s)
Time = 2017-08-26 03:16:00, delta t in [0.00629784, 0.00630450], steps=19045 (31s)
Time = 2017-08-26 03:18:00, delta t in [0.00628939, 0.00629784], steps=19067 (32s)
Time = 2017-08-26 03:20:00, delta t in [0.00626727, 0.00628939], steps=19112 (32s)
Time = 2017-08-26 03:22:00, delta t in [0.00624165, 0.00626727], steps=19187 (32s)
Time = 2017-08-26 03:24:00, delta t in [0.00621691, 0.00624165], steps=19265 (32s)
Time = 2017-08-26 03:26:00, delta t in [0.00620536, 0.00621691], steps=19323 (32s)
Time = 2017-08-26 03:28:00, delta t in [0.00620002, 0.00620536], steps=19348 (32s)
Time = 2017-08-26 03:30:00, delta t in [0.00619976, 0.00620043], steps=19355 (32s)
Time = 2017-08-26 03:32:00, delta t in [0.00620043, 0.00620356], steps=19350 (32s)
Time = 2017-08-26 03:34:00, delta t in [0.00620355, 0.00620767], steps=19338 (32s)
Time = 2017-08-26 03:36:00, delta t in [0.00620767, 0.00621693], steps=19317 (32s)
Time = 2017-08-26 03:38:00, delta t in [0.00621693, 0.00622685], steps=19287 (31s)
Time = 2017-08-26 03:40:00, delta t in [0.00622685, 0.00623632], steps=19257 (31s)
Time = 2017-08-26 03:42:00, delta t in [0.00623632, 0.00624473], steps=19229 (32s)
Time = 2017-08-26 03:44:00, delta t in [0.00624473, 0.00625427], steps=19202 (32s)
Time = 2017-08-26 03:46:00, delta t in [0.00625427, 0.00626300], steps=19174 (32s)
Time = 2017-08-26 03:48:00, delta t in [0.00625522, 0.00626300], steps=19171 (32s)
Time = 2017-08-26 03:50:00, delta t in [0.00624098, 0.00625522], steps=19205 (32s)
Time = 2017-08-26 03:52:00, delta t in [0.00622354, 0.00624098], steps=19255 (32s)
Time = 2017-08-26 03:54:00, delta t in [0.00620082, 0.00622354], steps=19316 (32s)
Time = 2017-08-26 03:56:00, delta t in [0.00617654, 0.00620082], steps=19391 (32s)
Time = 2017-08-26 03:58:00, delta t in [0.00615251, 0.00617654], steps=19467 (32s)
Time = 2017-08-26 04:00:00, delta t in [0.00614903, 0.00615251], steps=19513 (32s)
Time = 2017-08-26 04:02:00, delta t in [0.00614908, 0.00615082], steps=19513 (31s)
Time = 2017-08-26 04:04:00, delta t in [0.00615082, 0.00615360], steps=19506 (31s)
Time = 2017-08-26 04:06:00, delta t in [0.00615360, 0.00615607], steps=19497 (31s)
Time = 2017-08-26 04:08:00, delta t in [0.00615607, 0.00615813], steps=19490 (31s)
Time = 2017-08-26 04:10:00, delta t in [0.00615813, 0.00615864], steps=19486 (31s)
Time = 2017-08-26 04:12:00, delta t in [0.00615828, 0.00615864], steps=19486 (31s)
Time = 2017-08-26 04:14:00, delta t in [0.00615768, 0.00615828], steps=19487 (31s)
Time = 2017-08-26 04:16:00, delta t in [0.00615636, 0.00615768], steps=19490 (31s)
Time = 2017-08-26 04:18:00, delta t in [0.00615420, 0.00615636], steps=19496 (31s)
Time = 2017-08-26 04:20:00, delta t in [0.00615144, 0.00615420], steps=19504 (31s)
Time = 2017-08-26 04:22:00, delta t in [0.00614722, 0.00615144], steps=19514 (31s)
Time = 2017-08-26 04:24:00, delta t in [0.00614164, 0.00614722], steps=19530 (32s)
Time = 2017-08-26 04:26:00, delta t in [0.00613632, 0.00614164], steps=19548 (32s)
Time = 2017-08-26 04:28:00, delta t in [0.00613019, 0.00613632], steps=19566 (32s)
Time = 2017-08-26 04:30:00, delta t in [0.00611741, 0.00613019], steps=19595 (33s)
Time = 2017-08-26 04:32:00, delta t in [0.00610246, 0.00611741], steps=19640 (32s)
Time = 2017-08-26 04:34:00, delta t in [0.00608615, 0.00610246], steps=19691 (33s)
Time = 2017-08-26 04:36:00, delta t in [0.00607319, 0.00608615], steps=19739 (33s)
Time = 2017-08-26 04:38:00, delta t in [0.00605994, 0.00607318], steps=19781 (32s)
Time = 2017-08-26 04:40:00, delta t in [0.00604672, 0.00605994], steps=19824 (32s)
Time = 2017-08-26 04:42:00, delta t in [0.00603330, 0.00604672], steps=19868 (32s)
Time = 2017-08-26 04:44:00, delta t in [0.00601938, 0.00603330], steps=19913 (32s)
Time = 2017-08-26 04:46:00, delta t in [0.00600592, 0.00601938], steps=19959 (32s)
Time = 2017-08-26 04:48:00, delta t in [0.00599307, 0.00600592], steps=20002 (33s)
Time = 2017-08-26 04:50:00, delta t in [0.00598069, 0.00599307], steps=20044 (33s)
Time = 2017-08-26 04:52:00, delta t in [0.00596676, 0.00598069], steps=20088 (33s)
Time = 2017-08-26 04:54:00, delta t in [0.00595220, 0.00596676], steps=20136 (33s)
Time = 2017-08-26 04:56:00, delta t in [0.00593934, 0.00595220], steps=20183 (33s)
Time = 2017-08-26 04:58:00, delta t in [0.00592731, 0.00593934], steps=20226 (33s)
Time = 2017-08-26 05:00:00, delta t in [0.00591601, 0.00592731], steps=20265 (33s)
Time = 2017-08-26 05:02:00, delta t in [0.00590565, 0.00591601], steps=20302 (33s)
Time = 2017-08-26 05:04:00, delta t in [0.00589588, 0.00590565], steps=20337 (33s)
Time = 2017-08-26 05:06:00, delta t in [0.00588653, 0.00589588], steps=20370 (33s)
Time = 2017-08-26 05:08:00, delta t in [0.00587793, 0.00588653], steps=20401 (33s)
Time = 2017-08-26 05:10:00, delta t in [0.00586964, 0.00587793], steps=20430 (34s)
Time = 2017-08-26 05:12:00, delta t in [0.00586036, 0.00586964], steps=20461 (33s)
Time = 2017-08-26 05:14:00, delta t in [0.00585093, 0.00586036], steps=20494 (34s)
Time = 2017-08-26 05:16:00, delta t in [0.00584152, 0.00585093], steps=20527 (34s)
Time = 2017-08-26 05:18:00, delta t in [0.00583344, 0.00584152], steps=20558 (34s)
Time = 2017-08-26 05:20:00, delta t in [0.00582608, 0.00583344], steps=20585 (34s)
Time = 2017-08-26 05:22:00, delta t in [0.00581889, 0.00582608], steps=20610 (35s)
Time = 2017-08-26 05:24:00, delta t in [0.00581202, 0.00581889], steps=20635 (35s)
Time = 2017-08-26 05:26:00, delta t in [0.00580515, 0.00581202], steps=20660 (34s)
Time = 2017-08-26 05:28:00, delta t in [0.00579817, 0.00580515], steps=20684 (33s)
Time = 2017-08-26 05:30:00, delta t in [0.00579132, 0.00579817], steps=20709 (34s)
Time = 2017-08-26 05:32:00, delta t in [0.00578456, 0.00579132], steps=20733 (33s)
Time = 2017-08-26 05:34:00, delta t in [0.00577312, 0.00578456], steps=20765 (34s)
Time = 2017-08-26 05:36:00, delta t in [0.00575768, 0.00577312], steps=20813 (34s)
Time = 2017-08-26 05:38:00, delta t in [0.00573127, 0.00575768], steps=20889 (34s)
Time = 2017-08-26 05:40:00, delta t in [0.00570540, 0.00573127], steps=20986 (34s)
Time = 2017-08-26 05:42:00, delta t in [0.00568233, 0.00570540], steps=21077 (34s)
Time = 2017-08-26 05:44:00, delta t in [0.00567058, 0.00568233], steps=21142 (34s)
Time = 2017-08-26 05:46:00, delta t in [0.00566189, 0.00567058], steps=21179 (34s)
Time = 2017-08-26 05:48:00, delta t in [0.00565268, 0.00566189], steps=21212 (34s)
Time = 2017-08-26 05:50:00, delta t in [0.00564535, 0.00565268], steps=21243 (34s)
Time = 2017-08-26 05:52:00, delta t in [0.00563643, 0.00564535], steps=21273 (35s)
Time = 2017-08-26 05:54:00, delta t in [0.00562699, 0.00563643], steps=21308 (35s)
Time = 2017-08-26 05:56:00, delta t in [0.00561849, 0.00562699], steps=21343 (35s)
Time = 2017-08-26 05:58:00, delta t in [0.00561055, 0.00561849], steps=21374 (35s)
Time = 2017-08-26 06:00:00, delta t in [0.00560446, 0.00561055], steps=21401 (35s)
Time = 2017-08-26 06:02:00, delta t in [0.00559864, 0.00560446], steps=21423 (36s)
Time = 2017-08-26 06:04:00, delta t in [0.00559262, 0.00559864], steps=21446 (36s)
Time = 2017-08-26 06:06:00, delta t in [0.00558612, 0.00559261], steps=21470 (35s)
Time = 2017-08-26 06:08:00, delta t in [0.00557945, 0.00558612], steps=21495 (36s)
Time = 2017-08-26 06:10:00, delta t in [0.00557281, 0.00557945], steps=21521 (36s)
Time = 2017-08-26 06:12:00, delta t in [0.00556643, 0.00557281], steps=21546 (37s)
Time = 2017-08-26 06:14:00, delta t in [0.00556026, 0.00556643], steps=21570 (36s)
Time = 2017-08-26 06:16:00, delta t in [0.00555437, 0.00556026], steps=21594 (37s)
Time = 2017-08-26 06:18:00, delta t in [0.00554847, 0.00555437], steps=21617 (36s)
Time = 2017-08-26 06:20:00, delta t in [0.00554259, 0.00554847], steps=21640 (36s)
Time = 2017-08-26 06:22:00, delta t in [0.00553541, 0.00554259], steps=21665 (36s)
Time = 2017-08-26 06:24:00, delta t in [0.00552807, 0.00553541], steps=21694 (35s)
Time = 2017-08-26 06:26:00, delta t in [0.00552092, 0.00552807], steps=21722 (36s)
Time = 2017-08-26 06:28:00, delta t in [0.00551424, 0.00552092], steps=21749 (35s)
Time = 2017-08-26 06:30:00, delta t in [0.00550807, 0.00551424], steps=21775 (36s)
Time = 2017-08-26 06:32:00, delta t in [0.00550214, 0.00550807], steps=21799 (36s)
Time = 2017-08-26 06:34:00, delta t in [0.00549674, 0.00550214], steps=21821 (36s)
Time = 2017-08-26 06:36:00, delta t in [0.00549129, 0.00549674], steps=21842 (36s)
Time = 2017-08-26 06:38:00, delta t in [0.00548499, 0.00549128], steps=21866 (36s)
Time = 2017-08-26 06:40:00, delta t in [0.00547861, 0.00548499], steps=21891 (35s)
Time = 2017-08-26 06:42:00, delta t in [0.00547219, 0.00547861], steps=21917 (35s)
Time = 2017-08-26 06:44:00, delta t in [0.00546568, 0.00547219], steps=21943 (37s)
Time = 2017-08-26 06:46:00, delta t in [0.00545943, 0.00546568], steps=21968 (37s)
Time = 2017-08-26 06:48:00, delta t in [0.00545333, 0.00545943], steps=21993 (37s)
Time = 2017-08-26 06:50:00, delta t in [0.00544782, 0.00545333], steps=22017 (36s)
Time = 2017-08-26 06:52:00, delta t in [0.00544250, 0.00544782], steps=22038 (37s)
Time = 2017-08-26 06:54:00, delta t in [0.00543728, 0.00544250], steps=22060 (37s)
Time = 2017-08-26 06:56:00, delta t in [0.00543366, 0.00543728], steps=22078 (37s)
Time = 2017-08-26 06:58:00, delta t in [0.00543020, 0.00543366], steps=22092 (37s)
Time = 2017-08-26 07:00:00, delta t in [0.00542238, 0.00543020], steps=22114 (37s)
Time = 2017-08-26 07:02:00, delta t in [0.00541233, 0.00542238], steps=22151 (37s)
Time = 2017-08-26 07:04:00, delta t in [0.00540143, 0.00541233], steps=22194 (38s)
Time = 2017-08-26 07:06:00, delta t in [0.00539225, 0.00540143], steps=22236 (36s)
Time = 2017-08-26 07:08:00, delta t in [0.00538513, 0.00539225], steps=22270 (37s)
Time = 2017-08-26 07:10:00, delta t in [0.00537828, 0.00538513], steps=22298 (38s)
Time = 2017-08-26 07:12:00, delta t in [0.00537161, 0.00537828], steps=22326 (38s)
Time = 2017-08-26 07:14:00, delta t in [0.00536427, 0.00537160], steps=22355 (38s)
Time = 2017-08-26 07:16:00, delta t in [0.00535668, 0.00536427], steps=22387 (38s)
Time = 2017-08-26 07:18:00, delta t in [0.00534928, 0.00535668], steps=22418 (38s)
Time = 2017-08-26 07:20:00, delta t in [0.00534206, 0.00534928], steps=22449 (38s)
Time = 2017-08-26 07:22:00, delta t in [0.00533688, 0.00534206], steps=22475 (38s)
Time = 2017-08-26 07:24:00, delta t in [0.00533227, 0.00533688], steps=22495 (38s)
Time = 2017-08-26 07:26:00, delta t in [0.00532790, 0.00533227], steps=22514 (38s)
Time = 2017-08-26 07:28:00, delta t in [0.00532404, 0.00532790], steps=22532 (38s)
Time = 2017-08-26 07:30:00, delta t in [0.00532015, 0.00532404], steps=22548 (38s)
Time = 2017-08-26 07:32:00, delta t in [0.00531653, 0.00532015], steps=22564 (38s)
Time = 2017-08-26 07:34:00, delta t in [0.00531317, 0.00531653], steps=22579 (39s)
Time = 2017-08-26 07:36:00, delta t in [0.00531003, 0.00531317], steps=22593 (39s)
Time = 2017-08-26 07:38:00, delta t in [0.00530710, 0.00531003], steps=22606 (39s)
Time = 2017-08-26 07:40:00, delta t in [0.00530434, 0.00530710], steps=22618 (39s)
Time = 2017-08-26 07:42:00, delta t in [0.00530175, 0.00530434], steps=22629 (39s)
Time = 2017-08-26 07:44:00, delta t in [0.00529931, 0.00530175], steps=22640 (39s)
Time = 2017-08-26 07:46:00, delta t in [0.00529703, 0.00529931], steps=22650 (38s)
Time = 2017-08-26 07:48:00, delta t in [0.00529490, 0.00529703], steps=22659 (39s)
Time = 2017-08-26 07:50:00, delta t in [0.00529292, 0.00529490], steps=22668 (38s)
Time = 2017-08-26 07:52:00, delta t in [0.00529107, 0.00529292], steps=22676 (39s)
Time = 2017-08-26 07:54:00, delta t in [0.00528935, 0.00529107], steps=22684 (38s)
Time = 2017-08-26 07:56:00, delta t in [0.00528775, 0.00528935], steps=22691 (38s)
Time = 2017-08-26 07:58:00, delta t in [0.00528627, 0.00528775], steps=22698 (38s)
Time = 2017-08-26 08:00:00, delta t in [0.00528488, 0.00528627], steps=22704 (39s)
Time = 2017-08-26 08:02:00, delta t in [0.00528358, 0.00528487], steps=22710 (39s)
Time = 2017-08-26 08:04:00, delta t in [0.00528236, 0.00528358], steps=22715 (39s)
Time = 2017-08-26 08:06:00, delta t in [0.00528122, 0.00528236], steps=22720 (40s)
Time = 2017-08-26 08:08:00, delta t in [0.00528015, 0.00528122], steps=22725 (39s)
Time = 2017-08-26 08:10:00, delta t in [0.00527832, 0.00528015], steps=22731 (40s)
Time = 2017-08-26 08:12:00, delta t in [0.00527633, 0.00527832], steps=22739 (38s)
Time = 2017-08-26 08:14:00, delta t in [0.00527402, 0.00527633], steps=22749 (39s)
Time = 2017-08-26 08:16:00, delta t in [0.00527181, 0.00527402], steps=22758 (38s)
Time = 2017-08-26 08:18:00, delta t in [0.00526971, 0.00527181], steps=22768 (38s)
Time = 2017-08-26 08:20:00, delta t in [0.00526753, 0.00526971], steps=22777 (38s)
Time = 2017-08-26 08:22:00, delta t in [0.00526538, 0.00526753], steps=22786 (38s)
Time = 2017-08-26 08:24:00, delta t in [0.00526321, 0.00526538], steps=22796 (38s)
Time = 2017-08-26 08:26:00, delta t in [0.00526063, 0.00526321], steps=22806 (38s)
Time = 2017-08-26 08:28:00, delta t in [0.00525794, 0.00526063], steps=22817 (38s)
Time = 2017-08-26 08:30:00, delta t in [0.00525527, 0.00525794], steps=22829 (39s)
Time = 2017-08-26 08:32:00, delta t in [0.00525319, 0.00525527], steps=22839 (38s)
Time = 2017-08-26 08:34:00, delta t in [0.00525103, 0.00525319], steps=22848 (39s)
Time = 2017-08-26 08:36:00, delta t in [0.00524881, 0.00525103], steps=22858 (39s)
Time = 2017-08-26 08:38:00, delta t in [0.00524640, 0.00524881], steps=22868 (39s)
Time = 2017-08-26 08:40:00, delta t in [0.00524389, 0.00524640], steps=22879 (38s)
Time = 2017-08-26 08:42:00, delta t in [0.00524186, 0.00524389], steps=22889 (38s)
Time = 2017-08-26 08:44:00, delta t in [0.00524009, 0.00524186], steps=22897 (39s)
Time = 2017-08-26 08:46:00, delta t in [0.00523851, 0.00524009], steps=22904 (38s)
Time = 2017-08-26 08:48:00, delta t in [0.00523716, 0.00523851], steps=22911 (38s)
Time = 2017-08-26 08:50:00, delta t in [0.00523585, 0.00523716], steps=22917 (38s)
Time = 2017-08-26 08:52:00, delta t in [0.00523331, 0.00523585], steps=22925 (38s)
Time = 2017-08-26 08:54:00, delta t in [0.00523046, 0.00523331], steps=22937 (38s)
Time = 2017-08-26 08:56:00, delta t in [0.00522745, 0.00523046], steps=22950 (38s)
Time = 2017-08-26 08:58:00, delta t in [0.00521476, 0.00522745], steps=22982 (38s)
Time = 2017-08-26 09:00:00, delta t in [0.00519724, 0.00521476], steps=23050 (38s)
Time = 2017-08-26 09:02:00, delta t in [0.00517967, 0.00519724], steps=23129 (38s)
Time = 2017-08-26 09:04:00, delta t in [0.00517596, 0.00517967], steps=23180 (38s)
Time = 2017-08-26 09:06:00, delta t in [0.00517600, 0.00517803], steps=23180 (38s)
Time = 2017-08-26 09:08:00, delta t in [0.00517243, 0.00517803], steps=23186 (39s)
Time = 2017-08-26 09:10:00, delta t in [0.00516298, 0.00517243], steps=23221 (39s)
Time = 2017-08-26 09:12:00, delta t in [0.00515196, 0.00516298], steps=23268 (39s)
Time = 2017-08-26 09:14:00, delta t in [0.00514231, 0.00515196], steps=23315 (39s)
Time = 2017-08-26 09:16:00, delta t in [0.00513364, 0.00514231], steps=23356 (39s)
Time = 2017-08-26 09:18:00, delta t in [0.00512743, 0.00513364], steps=23391 (39s)
Time = 2017-08-26 09:20:00, delta t in [0.00512287, 0.00512743], steps=23414 (38s)
Time = 2017-08-26 09:22:00, delta t in [0.00511762, 0.00512286], steps=23436 (38s)
Time = 2017-08-26 09:24:00, delta t in [0.00511413, 0.00511762], steps=23457 (38s)
Time = 2017-08-26 09:26:00, delta t in [0.00511030, 0.00511413], steps=23474 (39s)
Time = 2017-08-26 09:28:00, delta t in [0.00510630, 0.00511030], steps=23492 (39s)
Time = 2017-08-26 09:30:00, delta t in [0.00509746, 0.00510630], steps=23521 (39s)
Time = 2017-08-26 09:32:00, delta t in [0.00508857, 0.00509746], steps=23562 (39s)
Time = 2017-08-26 09:34:00, delta t in [0.00507760, 0.00508857], steps=23608 (39s)
Time = 2017-08-26 09:36:00, delta t in [0.00506456, 0.00507760], steps=23664 (39s)
Time = 2017-08-26 09:38:00, delta t in [0.00505160, 0.00506456], steps=23725 (39s)
Time = 2017-08-26 09:40:00, delta t in [0.00504545, 0.00505160], steps=23771 (39s)
Time = 2017-08-26 09:42:00, delta t in [0.00504129, 0.00504545], steps=23794 (39s)
Time = 2017-08-26 09:44:00, delta t in [0.00502503, 0.00504129], steps=23840 (39s)
Time = 2017-08-26 09:46:00, delta t in [0.00500703, 0.00502503], steps=23925 (39s)
Time = 2017-08-26 09:48:00, delta t in [0.00499128, 0.00500703], steps=24005 (39s)
Time = 2017-08-26 09:50:00, delta t in [0.00495681, 0.00499128], steps=24125 (39s)
Time = 2017-08-26 09:52:00, delta t in [0.00492805, 0.00495681], steps=24280 (40s)
Time = 2017-08-26 09:54:00, delta t in [0.00489828, 0.00492805], steps=24424 (40s)
Time = 2017-08-26 09:56:00, delta t in [0.00488990, 0.00489828], steps=24524 (40s)
Time = 2017-08-26 09:58:00, delta t in [0.00488447, 0.00488990], steps=24556 (40s)
Time = 2017-08-26 10:00:00, delta t in [0.00488425, 0.00488524], steps=24567 (40s)
Time = 2017-08-26 10:02:00, delta t in [0.00488457, 0.00488526], steps=24565 (41s)
Time = 2017-08-26 10:04:00, delta t in [0.00488255, 0.00488457], steps=24572 (41s)
Time = 2017-08-26 10:06:00, delta t in [0.00488018, 0.00488255], steps=24583 (40s)
Time = 2017-08-26 10:08:00, delta t in [0.00487657, 0.00488018], steps=24599 (42s)
Time = 2017-08-26 10:10:00, delta t in [0.00487293, 0.00487657], steps=24617 (41s)
Time = 2017-08-26 10:12:00, delta t in [0.00486985, 0.00487293], steps=24634 (40s)
Time = 2017-08-26 10:14:00, delta t in [0.00486718, 0.00486985], steps=24649 (40s)
Time = 2017-08-26 10:16:00, delta t in [0.00486461, 0.00486718], steps=24662 (42s)
Time = 2017-08-26 10:18:00, delta t in [0.00486184, 0.00486461], steps=24675 (42s)
Time = 2017-08-26 10:20:00, delta t in [0.00485850, 0.00486184], steps=24691 (42s)
Time = 2017-08-26 10:22:00, delta t in [0.00485494, 0.00485850], steps=24708 (42s)
Time = 2017-08-26 10:24:00, delta t in [0.00485120, 0.00485494], steps=24727 (42s)
Time = 2017-08-26 10:26:00, delta t in [0.00484749, 0.00485120], steps=24746 (42s)
Time = 2017-08-26 10:28:00, delta t in [0.00484215, 0.00484749], steps=24769 (42s)
Time = 2017-08-26 10:30:00, delta t in [0.00483713, 0.00484215], steps=24796 (41s)
Time = 2017-08-26 10:32:00, delta t in [0.00483002, 0.00483713], steps=24826 (41s)
Time = 2017-08-26 10:34:00, delta t in [0.00481924, 0.00483002], steps=24872 (41s)
Time = 2017-08-26 10:36:00, delta t in [0.00480671, 0.00481924], steps=24933 (42s)
Time = 2017-08-26 10:38:00, delta t in [0.00477042, 0.00480671], steps=25058 (44s)
Time = 2017-08-26 10:40:00, delta t in [0.00473286, 0.00477042], steps=25252 (45s)
Time = 2017-08-26 10:42:00, delta t in [0.00469013, 0.00473286], steps=25469 (45s)
Time = 2017-08-26 10:44:00, delta t in [0.00466516, 0.00469013], steps=25654 (45s)
Time = 2017-08-26 10:46:00, delta t in [0.00464350, 0.00466516], steps=25790 (45s)
Time = 2017-08-26 10:48:00, delta t in [0.00462912, 0.00464350], steps=25884 (45s)
Time = 2017-08-26 10:50:00, delta t in [0.00461565, 0.00462912], steps=25962 (46s)
Time = 2017-08-26 10:52:00, delta t in [0.00460287, 0.00461565], steps=26035 (44s)
Time = 2017-08-26 10:54:00, delta t in [0.00458476, 0.00460286], steps=26121 (45s)
Time = 2017-08-26 10:56:00, delta t in [0.00455964, 0.00458476], steps=26240 (44s)
Time = 2017-08-26 10:58:00, delta t in [0.00452843, 0.00455964], steps=26408 (45s)
Time = 2017-08-26 11:00:00, delta t in [0.00450326, 0.00452843], steps=26575 (45s)
Time = 2017-08-26 11:02:00, delta t in [0.00448404, 0.00450326], steps=26710 (45s)
Time = 2017-08-26 11:04:00, delta t in [0.00446662, 0.00448404], steps=26815 (45s)
Time = 2017-08-26 11:06:00, delta t in [0.00445224, 0.00446662], steps=26911 (46s)
Time = 2017-08-26 11:08:00, delta t in [0.00443956, 0.00445224], steps=26992 (46s)
Time = 2017-08-26 11:10:00, delta t in [0.00442905, 0.00443956], steps=27063 (46s)
Time = 2017-08-26 11:12:00, delta t in [0.00441834, 0.00442905], steps=27127 (47s)
Time = 2017-08-26 11:14:00, delta t in [0.00439852, 0.00441834], steps=27219 (47s)
Time = 2017-08-26 11:16:00, delta t in [0.00438341, 0.00439852], steps=27331 (48s)
Time = 2017-08-26 11:18:00, delta t in [0.00436937, 0.00438341], steps=27420 (47s)
Time = 2017-08-26 11:20:00, delta t in [0.00436443, 0.00436937], steps=27481 (47s)
Time = 2017-08-26 11:22:00, delta t in [0.00435738, 0.00436443], steps=27516 (48s)
Time = 2017-08-26 11:24:00, delta t in [0.00434957, 0.00435738], steps=27564 (47s)
Time = 2017-08-26 11:26:00, delta t in [0.00433376, 0.00434957], steps=27640 (47s)
Time = 2017-08-26 11:28:00, delta t in [0.00432077, 0.00433376], steps=27732 (47s)
Time = 2017-08-26 11:30:00, delta t in [0.00431392, 0.00432077], steps=27795 (48s)
Time = 2017-08-26 11:32:00, delta t in [0.00430558, 0.00431392], steps=27845 (47s)
Time = 2017-08-26 11:34:00, delta t in [0.00429796, 0.00430558], steps=27896 (47s)
Time = 2017-08-26 11:36:00, delta t in [0.00428138, 0.00429796], steps=27973 (47s)
Time = 2017-08-26 11:38:00, delta t in [0.00426088, 0.00428138], steps=28094 (47s)
Time = 2017-08-26 11:40:00, delta t in [0.00423859, 0.00426087], steps=28237 (48s)
Time = 2017-08-26 11:42:00, delta t in [0.00421501, 0.00423859], steps=28390 (47s)
Time = 2017-08-26 11:44:00, delta t in [0.00419411, 0.00421501], steps=28543 (50s)
Time = 2017-08-26 11:46:00, delta t in [0.00417616, 0.00419411], steps=28673 (51s)
Time = 2017-08-26 11:48:00, delta t in [0.00415091, 0.00417616], steps=28818 (51s)
Time = 2017-08-26 11:50:00, delta t in [0.00412785, 0.00415091], steps=28995 (51s)
Time = 2017-08-26 11:52:00, delta t in [0.00410664, 0.00412785], steps=29146 (52s)
Time = 2017-08-26 11:54:00, delta t in [0.00409266, 0.00410664], steps=29273 (52s)
Time = 2017-08-26 11:56:00, delta t in [0.00407724, 0.00409266], steps=29375 (51s)
Time = 2017-08-26 11:58:00, delta t in [0.00406112, 0.00407724], steps=29490 (52s)
Time = 2017-08-26 12:00:00, delta t in [0.00404982, 0.00406112], steps=29592 (52s)
Time = 2017-08-26 12:02:00, delta t in [0.00403527, 0.00404982], steps=29683 (52s)
Time = 2017-08-26 12:04:00, delta t in [0.00401245, 0.00403527], steps=29819 (50s)
Time = 2017-08-26 12:06:00, delta t in [0.00398469, 0.00401245], steps=30011 (52s)
Time = 2017-08-26 12:08:00, delta t in [0.00395523, 0.00398469], steps=30226 (50s)
Time = 2017-08-26 12:10:00, delta t in [0.00391982, 0.00395523], steps=30480 (50s)
Time = 2017-08-26 12:12:00, delta t in [0.00388478, 0.00391982], steps=30747 (54s)
Time = 2017-08-26 12:14:00, delta t in [0.00384825, 0.00388478], steps=31037 (54s)
Time = 2017-08-26 12:16:00, delta t in [0.00379447, 0.00384825], steps=31401 (56s)
Time = 2017-08-26 12:18:00, delta t in [0.00374947, 0.00379447], steps=31816 (60s)
Time = 2017-08-26 12:20:00, delta t in [0.00370335, 0.00374947], steps=32204 (61s)
Time = 2017-08-26 12:22:00, delta t in [0.00365765, 0.00370335], steps=32608 (60s)
Time = 2017-08-26 12:24:00, delta t in [0.00361429, 0.00365765], steps=33004 (60s)
Time = 2017-08-26 12:26:00, delta t in [0.00357154, 0.00361429], steps=33401 (59s)
Time = 2017-08-26 12:28:00, delta t in [0.00352986, 0.00357154], steps=33795 (59s)
Time = 2017-08-26 12:30:00, delta t in [0.00349506, 0.00352986], steps=34165 (60s)
Time = 2017-08-26 12:32:00, delta t in [0.00346312, 0.00349506], steps=34494 (61s)
Time = 2017-08-26 12:34:00, delta t in [0.00343416, 0.00346312], steps=34799 (61s)
Time = 2017-08-26 12:36:00, delta t in [0.00338878, 0.00343416], steps=35172 (62s)
Time = 2017-08-26 12:38:00, delta t in [0.00333999, 0.00338878], steps=35666 (63s)
Time = 2017-08-26 12:40:00, delta t in [0.00328858, 0.00333999], steps=36207 (64s)
Time = 2017-08-26 12:42:00, delta t in [0.00324032, 0.00328858], steps=36766 (65s)
Time = 2017-08-26 12:44:00, delta t in [0.00319499, 0.00324032], steps=37297 (66s)
Time = 2017-08-26 12:46:00, delta t in [0.00316953, 0.00319499], steps=37719 (67s)
Time = 2017-08-26 12:48:00, delta t in [0.00314918, 0.00316953], steps=37986 (68s)
Time = 2017-08-26 12:50:00, delta t in [0.00313232, 0.00314918], steps=38211 (69s)
Time = 2017-08-26 12:52:00, delta t in [0.00311354, 0.00313232], steps=38426 (69s)
Time = 2017-08-26 12:54:00, delta t in [0.00309495, 0.00311354], steps=38657 (70s)
Time = 2017-08-26 12:56:00, delta t in [0.00307634, 0.00309495], steps=38890 (70s)
Time = 2017-08-26 12:58:00, delta t in [0.00305929, 0.00307634], steps=39119 (70s)
Time = 2017-08-26 13:00:00, delta t in [0.00304324, 0.00305929], steps=39329 (70s)
Time = 2017-08-26 13:02:00, delta t in [0.00301914, 0.00304324], steps=39585 (71s)
Time = 2017-08-26 13:04:00, delta t in [0.00299216, 0.00301914], steps=39925 (72s)
Time = 2017-08-26 13:06:00, delta t in [0.00296391, 0.00299216], steps=40294 (72s)
Time = 2017-08-26 13:08:00, delta t in [0.00294342, 0.00296391], steps=40632 (73s)
Time = 2017-08-26 13:10:00, delta t in [0.00292399, 0.00294342], steps=40905 (74s)
Time = 2017-08-26 13:12:00, delta t in [0.00290747, 0.00292399], steps=41159 (74s)
Time = 2017-08-26 13:14:00, delta t in [0.00289177, 0.00290747], steps=41386 (75s)
Time = 2017-08-26 13:16:00, delta t in [0.00287644, 0.00289177], steps=41608 (75s)
Time = 2017-08-26 13:18:00, delta t in [0.00285954, 0.00287644], steps=41843 (75s)
Time = 2017-08-26 13:20:00, delta t in [0.00284349, 0.00285954], steps=42084 (76s)
Time = 2017-08-26 13:22:00, delta t in [0.00282788, 0.00284349], steps=42319 (74s)
Time = 2017-08-26 13:24:00, delta t in [0.00281413, 0.00282788], steps=42541 (74s)
Time = 2017-08-26 13:26:00, delta t in [0.00280126, 0.00281413], steps=42740 (77s)
Time = 2017-08-26 13:28:00, delta t in [0.00278977, 0.00280126], steps=42927 (75s)
Time = 2017-08-26 13:30:00, delta t in [0.00277865, 0.00278977], steps=43101 (76s)
Time = 2017-08-26 13:32:00, delta t in [0.00276819, 0.00277865], steps=43269 (77s)
Time = 2017-08-26 13:34:00, delta t in [0.00275831, 0.00276819], steps=43427 (76s)
Time = 2017-08-26 13:36:00, delta t in [0.00274861, 0.00275831], steps=43583 (76s)
Time = 2017-08-26 13:38:00, delta t in [0.00273920, 0.00274861], steps=43734 (77s)
Time = 2017-08-26 13:40:00, delta t in [0.00273000, 0.00273920], steps=43883 (78s)
Time = 2017-08-26 13:42:00, delta t in [0.00272101, 0.00273000], steps=44029 (80s)
Time = 2017-08-26 13:44:00, delta t in [0.00271180, 0.00272101], steps=44176 (80s)
Time = 2017-08-26 13:46:00, delta t in [0.00270267, 0.00271180], steps=44327 (80s)
Time = 2017-08-26 13:48:00, delta t in [0.00269429, 0.00270267], steps=44471 (78s)
Time = 2017-08-26 13:50:00, delta t in [0.00268649, 0.00269429], steps=44605 (78s)
Time = 2017-08-26 13:52:00, delta t in [0.00267912, 0.00268649], steps=44730 (81s)
Time = 2017-08-26 13:54:00, delta t in [0.00267194, 0.00267912], steps=44852 (79s)
Time = 2017-08-26 13:56:00, delta t in [0.00266438, 0.00267194], steps=44974 (80s)
Time = 2017-08-26 13:58:00, delta t in [0.00265671, 0.00266438], steps=45104 (80s)
Time = 2017-08-26 14:00:00, delta t in [0.00265010, 0.00265671], steps=45227 (80s)
Time = 2017-08-26 14:02:00, delta t in [0.00264390, 0.00265010], steps=45335 (82s)
Time = 2017-08-26 14:04:00, delta t in [0.00263786, 0.00264390], steps=45440 (81s)
Time = 2017-08-26 14:06:00, delta t in [0.00263195, 0.00263786], steps=45543 (81s)
Time = 2017-08-26 14:08:00, delta t in [0.00262626, 0.00263195], steps=45644 (82s)
Time = 2017-08-26 14:10:00, delta t in [0.00262076, 0.00262626], steps=45741 (82s)
Time = 2017-08-26 14:12:00, delta t in [0.00261546, 0.00262076], steps=45835 (82s)
Time = 2017-08-26 14:14:00, delta t in [0.00261032, 0.00261546], steps=45927 (82s)
Time = 2017-08-26 14:16:00, delta t in [0.00260529, 0.00261032], steps=46016 (81s)
Time = 2017-08-26 14:18:00, delta t in [0.00260048, 0.00260529], steps=46103 (81s)
Time = 2017-08-26 14:20:00, delta t in [0.00259580, 0.00260048], steps=46188 (79s)
Time = 2017-08-26 14:22:00, delta t in [0.00259110, 0.00259580], steps=46271 (83s)
Time = 2017-08-26 14:24:00, delta t in [0.00258655, 0.00259110], steps=46354 (83s)
Time = 2017-08-26 14:26:00, delta t in [0.00258212, 0.00258655], steps=46434 (83s)
Time = 2017-08-26 14:28:00, delta t in [0.00257799, 0.00258212], steps=46511 (84s)
Time = 2017-08-26 14:30:00, delta t in [0.00257395, 0.00257799], steps=46585 (85s)
Time = 2017-08-26 14:32:00, delta t in [0.00257002, 0.00257395], steps=46658 (85s)
Time = 2017-08-26 14:34:00, delta t in [0.00256620, 0.00257002], steps=46728 (85s)
Time = 2017-08-26 14:36:00, delta t in [0.00256249, 0.00256620], steps=46796 (85s)
Time = 2017-08-26 14:38:00, delta t in [0.00255879, 0.00256248], steps=46864 (84s)
Time = 2017-08-26 14:40:00, delta t in [0.00255524, 0.00255879], steps=46930 (83s)
Time = 2017-08-26 14:42:00, delta t in [0.00255179, 0.00255524], steps=46995 (84s)
Time = 2017-08-26 14:44:00, delta t in [0.00254836, 0.00255179], steps=47058 (84s)
Time = 2017-08-26 14:46:00, delta t in [0.00254505, 0.00254836], steps=47120 (87s)
Time = 2017-08-26 14:48:00, delta t in [0.00254177, 0.00254505], steps=47181 (80s)
Time = 2017-08-26 14:50:00, delta t in [0.00253857, 0.00254177], steps=47242 (82s)
Time = 2017-08-26 14:52:00, delta t in [0.00253539, 0.00253857], steps=47301 (85s)
Time = 2017-08-26 14:54:00, delta t in [0.00253235, 0.00253539], steps=47359 (85s)
Time = 2017-08-26 14:56:00, delta t in [0.00252931, 0.00253235], steps=47416 (85s)
Time = 2017-08-26 14:58:00, delta t in [0.00252641, 0.00252931], steps=47472 (86s)
Time = 2017-08-26 15:00:00, delta t in [0.00252372, 0.00252641], steps=47524 (86s)
Time = 2017-08-26 15:02:00, delta t in [0.00252117, 0.00252372], steps=47573 (87s)
Time = 2017-08-26 15:04:00, delta t in [0.00251861, 0.00252117], steps=47622 (87s)
Time = 2017-08-26 15:06:00, delta t in [0.00251610, 0.00251861], steps=47670 (87s)
Time = 2017-08-26 15:08:00, delta t in [0.00251366, 0.00251610], steps=47717 (87s)
Time = 2017-08-26 15:10:00, delta t in [0.00251115, 0.00251366], steps=47764 (82s)
Time = 2017-08-26 15:12:00, delta t in [0.00250881, 0.00251115], steps=47810 (82s)
Time = 2017-08-26 15:14:00, delta t in [0.00250616, 0.00250881], steps=47856 (84s)
Time = 2017-08-26 15:16:00, delta t in [0.00250337, 0.00250616], steps=47910 (86s)
Time = 2017-08-26 15:18:00, delta t in [0.00250072, 0.00250337], steps=47962 (93s)
Time = 2017-08-26 15:20:00, delta t in [0.00249870, 0.00250072], steps=48007 (93s)
Time = 2017-08-26 15:22:00, delta t in [0.00249682, 0.00249870], steps=48044 (88s)
Time = 2017-08-26 15:24:00, delta t in [0.00249493, 0.00249682], steps=48080 (83s)
Time = 2017-08-26 15:26:00, delta t in [0.00249280, 0.00249493], steps=48118 (90s)
Time = 2017-08-26 15:28:00, delta t in [0.00249071, 0.00249280], steps=48159 (89s)
Time = 2017-08-26 15:30:00, delta t in [0.00248888, 0.00249071], steps=48197 (86s)
Time = 2017-08-26 15:32:00, delta t in [0.00248706, 0.00248888], steps=48233 (86s)
Time = 2017-08-26 15:34:00, delta t in [0.00248528, 0.00248706], steps=48268 (85s)
Time = 2017-08-26 15:36:00, delta t in [0.00248354, 0.00248528], steps=48302 (86s)
Time = 2017-08-26 15:38:00, delta t in [0.00248186, 0.00248354], steps=48335 (88s)
Time = 2017-08-26 15:40:00, delta t in [0.00248032, 0.00248186], steps=48366 (89s)
Time = 2017-08-26 15:42:00, delta t in [0.00247879, 0.00248032], steps=48396 (88s)
Time = 2017-08-26 15:44:00, delta t in [0.00247731, 0.00247879], steps=48426 (87s)
Time = 2017-08-26 15:46:00, delta t in [0.00247592, 0.00247731], steps=48454 (87s)
Time = 2017-08-26 15:48:00, delta t in [0.00247457, 0.00247592], steps=48481 (87s)
Time = 2017-08-26 15:50:00, delta t in [0.00247324, 0.00247457], steps=48507 (88s)
Time = 2017-08-26 15:52:00, delta t in [0.00247198, 0.00247324], steps=48532 (89s)
Time = 2017-08-26 15:54:00, delta t in [0.00247075, 0.00247198], steps=48557 (90s)
Time = 2017-08-26 15:56:00, delta t in [0.00246955, 0.00247075], steps=48581 (90s)
Time = 2017-08-26 15:58:00, delta t in [0.00246837, 0.00246955], steps=48604 (88s)
Time = 2017-08-26 16:00:00, delta t in [0.00246721, 0.00246837], steps=48627 (89s)
Time = 2017-08-26 16:02:00, delta t in [0.00246608, 0.00246721], steps=48650 (88s)
Time = 2017-08-26 16:04:00, delta t in [0.00246467, 0.00246608], steps=48675 (88s)
Time = 2017-08-26 16:06:00, delta t in [0.00246327, 0.00246467], steps=48702 (88s)
Time = 2017-08-26 16:08:00, delta t in [0.00246185, 0.00246327], steps=48730 (86s)
Time = 2017-08-26 16:10:00, delta t in [0.00246041, 0.00246185], steps=48759 (86s)
Time = 2017-08-26 16:12:00, delta t in [0.00245899, 0.00246041], steps=48787 (89s)
Time = 2017-08-26 16:14:00, delta t in [0.00245782, 0.00245899], steps=48813 (89s)
Time = 2017-08-26 16:16:00, delta t in [0.00245668, 0.00245782], steps=48836 (87s)
Time = 2017-08-26 16:18:00, delta t in [0.00245559, 0.00245668], steps=48858 (89s)
Time = 2017-08-26 16:20:00, delta t in [0.00245439, 0.00245559], steps=48881 (88s)
Time = 2017-08-26 16:22:00, delta t in [0.00245322, 0.00245439], steps=48904 (88s)
Time = 2017-08-26 16:24:00, delta t in [0.00245235, 0.00245322], steps=48925 (88s)
Time = 2017-08-26 16:26:00, delta t in [0.00245157, 0.00245235], steps=48941 (88s)
Time = 2017-08-26 16:28:00, delta t in [0.00245073, 0.00245157], steps=48957 (88s)
Time = 2017-08-26 16:30:00, delta t in [0.00244990, 0.00245073], steps=48974 (88s)
Time = 2017-08-26 16:32:00, delta t in [0.00244905, 0.00244990], steps=48991 (88s)
Time = 2017-08-26 16:34:00, delta t in [0.00244821, 0.00244905], steps=49008 (88s)
Time = 2017-08-26 16:36:00, delta t in [0.00244738, 0.00244821], steps=49024 (88s)
Time = 2017-08-26 16:38:00, delta t in [0.00244656, 0.00244738], steps=49041 (88s)
Time = 2017-08-26 16:40:00, delta t in [0.00244575, 0.00244656], steps=49057 (89s)
Time = 2017-08-26 16:42:00, delta t in [0.00244496, 0.00244575], steps=49073 (89s)
Time = 2017-08-26 16:44:00, delta t in [0.00244418, 0.00244496], steps=49089 (89s)
Time = 2017-08-26 16:46:00, delta t in [0.00244334, 0.00244418], steps=49105 (86s)
Time = 2017-08-26 16:48:00, delta t in [0.00244261, 0.00244334], steps=49121 (86s)
Time = 2017-08-26 16:50:00, delta t in [0.00244190, 0.00244261], steps=49135 (86s)
Time = 2017-08-26 16:52:00, delta t in [0.00244105, 0.00244190], steps=49151 (85s)
Time = 2017-08-26 16:54:00, delta t in [0.00244009, 0.00244105], steps=49169 (85s)
Time = 2017-08-26 16:56:00, delta t in [0.00243909, 0.00244009], steps=49189 (86s)
Time = 2017-08-26 16:58:00, delta t in [0.00243808, 0.00243909], steps=49209 (86s)
Time = 2017-08-26 17:00:00, delta t in [0.00243704, 0.00243808], steps=49230 (90s)
Time = 2017-08-26 17:02:00, delta t in [0.00243612, 0.00243704], steps=49250 (88s)
Time = 2017-08-26 17:04:00, delta t in [0.00243526, 0.00243612], steps=49268 (86s)
Time = 2017-08-26 17:06:00, delta t in [0.00243447, 0.00243526], steps=49285 (86s)
Time = 2017-08-26 17:08:00, delta t in [0.00243374, 0.00243447], steps=49300 (86s)
Time = 2017-08-26 17:10:00, delta t in [0.00243301, 0.00243374], steps=49315 (86s)
Time = 2017-08-26 17:12:00, delta t in [0.00243229, 0.00243301], steps=49329 (85s)
Time = 2017-08-26 17:14:00, delta t in [0.00243159, 0.00243229], steps=49344 (85s)
Time = 2017-08-26 17:16:00, delta t in [0.00243089, 0.00243159], steps=49358 (85s)
Time = 2017-08-26 17:18:00, delta t in [0.00242800, 0.00243089], steps=49394 (85s)
Time = 2017-08-26 17:20:00, delta t in [0.00242493, 0.00242800], steps=49455 (88s)
Time = 2017-08-26 17:22:00, delta t in [0.00242215, 0.00242493], steps=49515 (87s)
Time = 2017-08-26 17:24:00, delta t in [0.00242161, 0.00242215], steps=49549 (86s)
Time = 2017-08-26 17:26:00, delta t in [0.00242140, 0.00242161], steps=49556 (88s)
Time = 2017-08-26 17:28:00, delta t in [0.00242084, 0.00242140], steps=49564 (87s)
Time = 2017-08-26 17:30:00, delta t in [0.00242024, 0.00242084], steps=49576 (91s)
Time = 2017-08-26 17:32:00, delta t in [0.00241957, 0.00242024], steps=49589 (89s)
Time = 2017-08-26 17:34:00, delta t in [0.00241805, 0.00241957], steps=49613 (89s)
Time = 2017-08-26 17:36:00, delta t in [0.00241692, 0.00241805], steps=49639 (88s)
Time = 2017-08-26 17:38:00, delta t in [0.00241570, 0.00241692], steps=49663 (88s)
Time = 2017-08-26 17:40:00, delta t in [0.00241521, 0.00241570], steps=49679 (89s)
Time = 2017-08-26 17:42:00, delta t in [0.00241424, 0.00241521], steps=49695 (90s)
Time = 2017-08-26 17:44:00, delta t in [0.00241332, 0.00241424], steps=49715 (90s)
Time = 2017-08-26 17:46:00, delta t in [0.00241257, 0.00241332], steps=49733 (91s)
Time = 2017-08-26 17:48:00, delta t in [0.00241192, 0.00241257], steps=49747 (90s)
Time = 2017-08-26 17:50:00, delta t in [0.00241132, 0.00241192], steps=49760 (91s)
Time = 2017-08-26 17:52:00, delta t in [0.00241075, 0.00241132], steps=49772 (92s)
Time = 2017-08-26 17:54:00, delta t in [0.00241022, 0.00241075], steps=49783 (91s)
Time = 2017-08-26 17:56:00, delta t in [0.00240970, 0.00241022], steps=49794 (92s)
