[proxy:0:0@server2017] HYD_pmcd_pmip_control_cmd_cb (pm/pmiserv/pmip_cb.c:887): assert (!closed) failed
[proxy:0:0@server2017] HYDT_dmxu_poll_wait_for_event (tools/demux/demux_poll.c:76): callback returned error status
[proxy:0:0@server2017] main (pm/pmiserv/pmip.c:202): demux engine error waiting for event
[mpiexec@server2017] HYDT_bscu_wait_for_completion (tools/bootstrap/utils/bscu_wait.c:76): one of the processes terminated badly; aborting
[mpiexec@server2017] HYDT_bsci_wait_for_completion (tools/bootstrap/src/bsci_wait.c:23): launcher returned error waiting for completion
[mpiexec@server2017] HYD_pmci_wait_for_completion (pm/pmiserv/pmiserv_pmci.c:218): launcher returned error waiting for completion
[mpiexec@server2017] main (ui/mpich/mpiexec.c:340): process manager error waiting for completion
Traceback (most recent call last):
  File "SCE-UA.py", line 126, in <module>
    bestx,bestf,BESTX,BESTF,ICALL= SCE.sceua(bl, bu, pf, ngs=2, func=evaluate, plot=False)
  File "/home/ZhiLi/CRESTHH/cresthh/UQ/optimization/SCE.py", line 123, in sceua
    xf=func(x)
  File "SCE-UA.py", line 100, in evaluate
    nsce= one_val(row)
  File "SCE-UA.py", line 62, in one_val
    splotter = anuga.SWW_plotter(swwfile, make_dir=False)
  File "/home/ZhiLi/CRESTHH/cresthh/anuga/utilities/animate.py", line 427, in __init__
    self.stage = np.array(p.variables['stage_c'])
  File "netCDF4/_netCDF4.pyx", line 3946, in netCDF4._netCDF4.Variable.__array__
  File "netCDF4/_netCDF4.pyx", line 4446, in netCDF4._netCDF4.Variable.__getitem__
  File "netCDF4/_netCDF4.pyx", line 4590, in netCDF4._netCDF4.Variable._toma
  File "/home/ZhiLi/CRESTHH/python2/lib/python2.7/site-packages/numpy/core/_methods.py", line 42, in _any
    def _any(a, axis=None, dtype=None, out=None, keepdims=False):
KeyboardInterrupt
Traceback (most recent call last):
  File "SCE-UA.py", line 126, in <module>
    bestx,bestf,BESTX,BESTF,ICALL= SCE.sceua(bl, bu, pf, ngs=2, func=evaluate, plot=False)
  File "/home/ZhiLi/CRESTHH/cresthh/UQ/optimization/SCE.py", line 123, in sceua
    xf=func(x)
  File "SCE-UA.py", line 100, in evaluate
    nsce= one_val(row)
  File "SCE-UA.py", line 82, in one_val
    discharge_err[4],discharge_err[5]))
TypeError: float argument required, not Timestamp
[-3164.6412590052028, 6022.911266422126, -6159.6820930252525, Timestamp('2017-08-26 19:40:00', freq='120S'), 140.3111899476418, -0.9355924429978342]
Traceback (most recent call last):
  File "SCE-UA.py", line 127, in <module>
    bestx,bestf,BESTX,BESTF,ICALL= SCE.sceua(bl, bu, pf, ngs=2, func=evaluate, plot=False)
  File "/home/ZhiLi/CRESTHH/cresthh/UQ/optimization/SCE.py", line 123, in sceua
    xf=func(x)
  File "SCE-UA.py", line 101, in evaluate
    nsce= one_val(row)
  File "SCE-UA.py", line 82, in one_val
    f.write('%f,%f,%f,%f,%f,%f\n'%(discharge_err[0], discharge_err[1],discharge_err[2],discharge_err[3].seconds(),
AttributeError: 'Timestamp' object has no attribute 'seconds'
Traceback (most recent call last):
  File "SCE-UA.py", line 127, in <module>
    bestx,bestf,BESTX,BESTF,ICALL= SCE.sceua(bl, bu, pf, ngs=2, func=evaluate, plot=False)
  File "/home/ZhiLi/CRESTHH/cresthh/UQ/optimization/SCE.py", line 123, in sceua
    xf=func(x)
  File "SCE-UA.py", line 101, in evaluate
    nsce= one_val(row)
  File "SCE-UA.py", line 78, in one_val
    np.save('sim_Q.npy', [sim_Q, obs_Q.values])
AttributeError: 'numpy.ndarray' object has no attribute 'values'
[-3164.6412590052028, 6022.911266422126, -6159.6820930252525, 545, 140.3111899476418, -0.9355924429978342]
params: 0.549 1.459 0.442 16.346 1.271 NSE: -3164.641 meters
updating result
Traceback (most recent call last):
  File "SCE-UA.py", line 127, in <module>
    bestx,bestf,BESTX,BESTF,ICALL= SCE.sceua(bl, bu, pf, ngs=2, func=evaluate, plot=False)
  File "/home/ZhiLi/CRESTHH/cresthh/UQ/optimization/SCE.py", line 123, in sceua
    xf=func(x)
  File "SCE-UA.py", line 101, in evaluate
    nsce= one_val(row)
  File "SCE-UA.py", line 62, in one_val
    splotter = anuga.SWW_plotter(swwfile, make_dir=False)
  File "/home/ZhiLi/CRESTHH/cresthh/anuga/utilities/animate.py", line 407, in __init__
    p = NetCDFFile(swwfile)
  File "/home/ZhiLi/CRESTHH/cresthh/anuga/file/netcdf.py", line 62, in NetCDFFile
    return Dataset(file_name, netcdf_mode, format='NETCDF3_64BIT')
  File "netCDF4/_netCDF4.pyx", line 2321, in netCDF4._netCDF4.Dataset.__init__
  File "netCDF4/_netCDF4.pyx", line 1885, in netCDF4._netCDF4._ensure_nc_success
IOError: [Errno 2] No such file or directory: 'temp.sww'
Traceback (most recent call last):
  File "SCE-UA.py", line 127, in <module>
    bestx,bestf,BESTX,BESTF,ICALL= SCE.sceua(bl, bu, pf, ngs=2, func=evaluate, plot=False)
  File "/home/ZhiLi/CRESTHH/cresthh/UQ/optimization/SCE.py", line 123, in sceua
    xf=func(x)
  File "SCE-UA.py", line 101, in evaluate
    nsce= one_val(row)
  File "SCE-UA.py", line 76, in one_val
    sim_Q= splotter.velocity[:,iloc] * np.array(area)
AttributeError: SWW_plotter instance has no attribute 'velocity'
[-72.81204826166908, 919.6852993873207, -777.1888840029037, 546, 22.5444752534566, -0.9350606514892992]
params: 0.549 1.459 0.442 16.346 1.271 NSE: -72.812 meters
updating result
[-113.73673673010704, 1146.6394062716188, -1247.7059076132969, 660, 28.87128787602948, -0.8733773773723255]
params: 0.646 0.931 0.630 28.910 1.150 NSE: -113.737 meters
updating result
[-109.64837154259762, 1126.025250394187, -1201.4445677936405, 660, 28.373066671734346, -0.8953934944728282]
params: 0.792 1.105 0.419 27.768 0.213 NSE: -109.648 meters
[-51.315021509653164, 774.2635602196942, -1140.1235667009817, 195, 7.264307378083386, 0.9293636705418568]
params: 0.087 0.138 0.591 23.345 2.610 NSE: -51.315 meters
[-86.29281603200266, 1000.1493753228461, -935.2652569627951, 660, 24.89669767679502, -0.9396027538477765]
params: 0.979 1.618 0.350 23.416 0.355 NSE: -86.293 meters
[-123.12996843559408, 1192.6525431114226, -1631.6946970002534, 660, 29.03980081108991, -0.40751124405847156]
params: 0.640 0.372 0.664 15.655 1.244 NSE: -123.130 meters
updating result
[-24.440338497724174, 539.9295028551802, -442.46981068751523, 153, 12.515144173998166, 0.8461276737991981]
params: 0.265 1.571 0.346 17.053 0.056 NSE: -24.440 meters
[-91.08519988481387, 1027.2367157390056, -952.7226683539657, 631, 25.440533287998385, -0.9291712704596149]
params: 0.618 1.263 0.451 28.312 2.045 NSE: -91.085 meters
[-78.46490507173817, 954.252487126635, -826.2703898154016, 544, 23.325994199056716, -0.8932438821794387]
params: 0.360 0.930 0.503 1.807 2.000 NSE: -78.465 meters
[-124.96355110724055, 1201.4288704501691, -1626.311574229915, 660, 30.134613531883524, -0.6240850483927216]
params: 0.671 0.500 0.134 9.463 1.091 NSE: -124.964 meters
updating result
[-106.58630445526533, 1110.3352075693103, -1170.3085201079102, 660, 27.920294891658255, -0.8856763915642529]
params: 0.570 0.933 0.692 3.061 0.627 NSE: -106.586 meters
[-10.789410771983933, 367.5544338105279, -315.40302972997875, 54, 8.144295589330104, 0.9329962222269201]
params: 0.161 1.341 0.215 13.989 0.733 NSE: -10.789 meters
[-44.19158350305466, 719.6219398900813, -797.7320997356937, 170, 14.89465062833096, 0.8767153945571425]
params: 0.159 0.310 0.477 4.145 0.590 NSE: -44.192 meters
[-39.68793742516116, 682.823490889614, -565.6699030799061, 279, 16.21480661815641, 0.4464821554297006]
params: 0.369 1.660 0.113 25.138 0.288 NSE: -39.688 meters
[-127.46817090660011, 1213.3144964351823, -1386.9881865017687, 660, 30.597794258772485, -0.8557084978321767]
params: 0.976 0.990 0.685 18.145 2.218 NSE: -127.468 meters
updating result
[0.6683093042374314, 61.65130312901218, -94.72528951369628, 92, -0.43423387381631645, 0.987121970578883]
params: 0.039 0.637 0.128 8.884 0.356 NSE: 0.668 meters
[-69.93578628287244, 901.5883880211402, -752.1694889510215, 526, 21.880927122248472, -0.7870268457336373]
params: 0.318 0.887 0.092 20.774 1.700 NSE: -69.936 meters
[-44.48579514571572, 721.9606240069527, -619.4111994939819, 189, 16.748736175366737, 0.7169227591429658]
params: 0.265 1.094 0.111 17.278 2.788 NSE: -44.486 meters
[-42.5543319930782, 706.4660475699268, -598.2602405042674, 277, 16.689277608434118, 0.43483336276344015]
params: 0.319 1.368 0.136 21.490 0.868 NSE: -42.554 meters
[-15.77626505628945, 438.4532116972692, -355.0376256819415, 87, 10.090472024800958, 0.9308908170054199]
params: 0.183 1.214 0.063 24.868 0.014 NSE: -15.776 meters
[-126.71316561498875, 1209.7439281616198, -1556.8344554453665, 660, 30.64277705983878, -0.738579372274848]
params: 0.678 0.613 0.528 28.866 0.746 NSE: -126.713 meters
[-90.50384924312704, 1023.989015535388, -941.9915931432918, 624, 25.315477876145035, -0.9282060354920222]
params: 0.576 1.225 0.422 6.692 2.858 NSE: -90.504 meters
The Initial Loop: 0
 BESTF:  -127.468171 
 BESTX:  
[ 0.97645947  0.99043728  0.68489471 18.14536559  2.21779074]
 WORSTF:  0.668309 
 WORSTX: 
[0.03918779 0.63733323 0.12812776 8.88420593 0.35618316]
     
Traceback (most recent call last):
  File "SCE-UA.py", line 127, in <module>
    bestx,bestf,BESTX,BESTF,ICALL= SCE.sceua(bl, bu, pf, ngs=2, func=evaluate, plot=False)
  File "/home/ZhiLi/CRESTHH/cresthh/UQ/optimization/SCE.py", line 213, in sceua
    snew,fnew,icall=cceua(s,sf,bl,bu,icall,iseed,func)
  File "/home/ZhiLi/CRESTHH/cresthh/UQ/optimization/SCE.py", line 51, in cceua
    if not hasattr(func, __call__):
NameError: global name '__call__' is not defined
  File "SCE-UA.py", line 80
    print discharge_err
                      ^
SyntaxError: Missing parentheses in call to 'print'. Did you mean print(discharge_err)?
[proxy:0:0@server2017] HYD_pmcd_pmip_control_cmd_cb (pm/pmiserv/pmip_cb.c:887): assert (!closed) failed
[proxy:0:0@server2017] HYDT_dmxu_poll_wait_for_event (tools/demux/demux_poll.c:76): callback returned error status
[proxy:0:0@server2017] main (pm/pmiserv/pmip.c:202): demux engine error waiting for event
[mpiexec@server2017] HYDT_bscu_wait_for_completion (tools/bootstrap/utils/bscu_wait.c:76): one of the processes terminated badly; aborting
[mpiexec@server2017] HYDT_bsci_wait_for_completion (tools/bootstrap/src/bsci_wait.c:23): launcher returned error waiting for completion
[mpiexec@server2017] HYD_pmci_wait_for_completion (pm/pmiserv/pmiserv_pmci.c:218): launcher returned error waiting for completion
[mpiexec@server2017] main (ui/mpich/mpiexec.c:340): process manager error waiting for completion
Traceback (most recent call last):
  File "SCE-UA.py", line 127, in <module>
    bestx,bestf,BESTX,BESTF,ICALL= SCE.sceua(bl, bu, pf, ngs=2, func=evaluate, plot=False)
  File "/home/ZhiLi/CRESTHH/cresthh/UQ/optimization/SCE.py", line 123, in sceua
    xf=func(x)
  File "SCE-UA.py", line 101, in evaluate
    nsce= one_val(row)
  File "SCE-UA.py", line 62, in one_val
    splotter = anuga.SWW_plotter(swwfile, make_dir=False)
  File "/home/ZhiLi/CRESTHH/cresthh/anuga/utilities/animate.py", line 427, in __init__
    self.stage = np.array(p.variables['stage_c'])
  File "netCDF4/_netCDF4.pyx", line 3946, in netCDF4._netCDF4.Variable.__array__
  File "netCDF4/_netCDF4.pyx", line 4446, in netCDF4._netCDF4.Variable.__getitem__
  File "netCDF4/_netCDF4.pyx", line 4590, in netCDF4._netCDF4.Variable._toma
  File "/home/ZhiLi/CRESTHH/python2/lib/python2.7/site-packages/numpy/core/_methods.py", line 42, in _any
    def _any(a, axis=None, dtype=None, out=None, keepdims=False):
KeyboardInterrupt
[-72.81204826166908, 919.6852993873207, -777.1888840029037, 546, 22.5444752534566, -0.9350606514892992]
params: 0.549 1.459 0.442 16.346 1.271 NSE: -72.812 meters
updating result
[-113.73673673010704, 1146.6394062716188, -1247.7059076132969, 660, 28.87128787602948, -0.8733773773723255]
params: 0.646 0.931 0.630 28.910 1.150 NSE: -113.737 meters
updating result
[-109.64837154259762, 1126.025250394187, -1201.4445677936405, 660, 28.373066671734346, -0.8953934944728282]
params: 0.792 1.105 0.419 27.768 0.213 NSE: -109.648 meters
[-51.315021509653164, 774.2635602196942, -1140.1235667009817, 195, 7.264307378083386, 0.9293636705418568]
params: 0.087 0.138 0.591 23.345 2.610 NSE: -51.315 meters
[-86.29281603200266, 1000.1493753228461, -935.2652569627951, 660, 24.89669767679502, -0.9396027538477765]
params: 0.979 1.618 0.350 23.416 0.355 NSE: -86.293 meters
[-123.12996843559408, 1192.6525431114226, -1631.6946970002534, 660, 29.03980081108991, -0.40751124405847156]
params: 0.640 0.372 0.664 15.655 1.244 NSE: -123.130 meters
updating result
[-24.440338497724174, 539.9295028551802, -442.46981068751523, 153, 12.515144173998166, 0.8461276737991981]
params: 0.265 1.571 0.346 17.053 0.056 NSE: -24.440 meters
[-91.08519988481387, 1027.2367157390056, -952.7226683539657, 631, 25.440533287998385, -0.9291712704596149]
params: 0.618 1.263 0.451 28.312 2.045 NSE: -91.085 meters
[-78.46490507173817, 954.252487126635, -826.2703898154016, 544, 23.325994199056716, -0.8932438821794387]
params: 0.360 0.930 0.503 1.807 2.000 NSE: -78.465 meters
[-124.96355110724055, 1201.4288704501691, -1626.311574229915, 660, 30.134613531883524, -0.6240850483927216]
params: 0.671 0.500 0.134 9.463 1.091 NSE: -124.964 meters
updating result
[-106.58630445526533, 1110.3352075693103, -1170.3085201079102, 660, 27.920294891658255, -0.8856763915642529]
params: 0.570 0.933 0.692 3.061 0.627 NSE: -106.586 meters
[-10.789410771983933, 367.5544338105279, -315.40302972997875, 54, 8.144295589330104, 0.9329962222269201]
params: 0.161 1.341 0.215 13.989 0.733 NSE: -10.789 meters
[-44.19158350305466, 719.6219398900813, -797.7320997356937, 170, 14.89465062833096, 0.8767153945571425]
params: 0.159 0.310 0.477 4.145 0.590 NSE: -44.192 meters
[-39.68793742516116, 682.823490889614, -565.6699030799061, 279, 16.21480661815641, 0.4464821554297006]
params: 0.369 1.660 0.113 25.138 0.288 NSE: -39.688 meters
[-127.46817090660011, 1213.3144964351823, -1386.9881865017687, 660, 30.597794258772485, -0.8557084978321767]
params: 0.976 0.990 0.685 18.145 2.218 NSE: -127.468 meters
updating result
[0.6683093042374314, 61.65130312901218, -94.72528951369628, 92, -0.43423387381631645, 0.987121970578883]
params: 0.039 0.637 0.128 8.884 0.356 NSE: 0.668 meters
[-69.93578628287244, 901.5883880211402, -752.1694889510215, 526, 21.880927122248472, -0.7870268457336373]
params: 0.318 0.887 0.092 20.774 1.700 NSE: -69.936 meters
[-44.48579514571572, 721.9606240069527, -619.4111994939819, 189, 16.748736175366737, 0.7169227591429658]
params: 0.265 1.094 0.111 17.278 2.788 NSE: -44.486 meters
[-42.5543319930782, 706.4660475699268, -598.2602405042674, 277, 16.689277608434118, 0.43483336276344015]
params: 0.319 1.368 0.136 21.490 0.868 NSE: -42.554 meters
[-15.77626505628945, 438.4532116972692, -355.0376256819415, 87, 10.090472024800958, 0.9308908170054199]
params: 0.183 1.214 0.063 24.868 0.014 NSE: -15.776 meters
[-126.71316561498875, 1209.7439281616198, -1556.8344554453665, 660, 30.64277705983878, -0.738579372274848]
params: 0.678 0.613 0.528 28.866 0.746 NSE: -126.713 meters
[-90.50384924312704, 1023.989015535388, -941.9915931432918, 624, 25.315477876145035, -0.9282060354920222]
params: 0.576 1.225 0.422 6.692 2.858 NSE: -90.504 meters
The Initial Loop: 0
 BESTF:  -0.668309 
 BESTX:  
[0.03918779 0.63733323 0.12812776 8.88420593 0.35618316]
 WORSTF:  127.468171 
 WORSTX: 
[ 0.97645947  0.99043728  0.68489471 18.14536559  2.21779074]
     
Traceback (most recent call last):
  File "SCE-UA.py", line 127, in <module>
    bestx,bestf,BESTX,BESTF,ICALL= SCE.sceua(bl, bu, pf, ngs=2, func=evaluate, plot=False)
  File "/home/ZhiLi/CRESTHH/cresthh/UQ/optimization/SCE.py", line 213, in sceua
    snew,fnew,icall=cceua(s,sf,bl,bu,icall,iseed,func)
  File "/home/ZhiLi/CRESTHH/cresthh/UQ/optimization/SCE.py", line 51, in cceua
    if not hasattr(func, __call__):
NameError: global name '__call__' is not defined
[-72.81204826166908, 919.6852993873207, -777.1888840029037, 546, 22.5444752534566, -0.9350606514892992]
params: 0.549 1.459 0.442 16.346 1.271 NSE: -72.812 meters
updating result
[-113.73673673010704, 1146.6394062716188, -1247.7059076132969, 660, 28.87128787602948, -0.8733773773723255]
params: 0.646 0.931 0.630 28.910 1.150 NSE: -113.737 meters
updating result
[-109.64837154259762, 1126.025250394187, -1201.4445677936405, 660, 28.373066671734346, -0.8953934944728282]
params: 0.792 1.105 0.419 27.768 0.213 NSE: -109.648 meters
[-51.315021509653164, 774.2635602196942, -1140.1235667009817, 195, 7.264307378083386, 0.9293636705418568]
params: 0.087 0.138 0.591 23.345 2.610 NSE: -51.315 meters
[-86.29281603200266, 1000.1493753228461, -935.2652569627951, 660, 24.89669767679502, -0.9396027538477765]
params: 0.979 1.618 0.350 23.416 0.355 NSE: -86.293 meters
[-123.12996843559408, 1192.6525431114226, -1631.6946970002534, 660, 29.03980081108991, -0.40751124405847156]
params: 0.640 0.372 0.664 15.655 1.244 NSE: -123.130 meters
updating result
[-24.440338497724174, 539.9295028551802, -442.46981068751523, 153, 12.515144173998166, 0.8461276737991981]
params: 0.265 1.571 0.346 17.053 0.056 NSE: -24.440 meters
[-91.08519988481387, 1027.2367157390056, -952.7226683539657, 631, 25.440533287998385, -0.9291712704596149]
params: 0.618 1.263 0.451 28.312 2.045 NSE: -91.085 meters
[-78.46490507173817, 954.252487126635, -826.2703898154016, 544, 23.325994199056716, -0.8932438821794387]
params: 0.360 0.930 0.503 1.807 2.000 NSE: -78.465 meters
[-124.96355110724055, 1201.4288704501691, -1626.311574229915, 660, 30.134613531883524, -0.6240850483927216]
params: 0.671 0.500 0.134 9.463 1.091 NSE: -124.964 meters
updating result
[-106.58630445526533, 1110.3352075693103, -1170.3085201079102, 660, 27.920294891658255, -0.8856763915642529]
params: 0.570 0.933 0.692 3.061 0.627 NSE: -106.586 meters
[-10.789410771983933, 367.5544338105279, -315.40302972997875, 54, 8.144295589330104, 0.9329962222269201]
params: 0.161 1.341 0.215 13.989 0.733 NSE: -10.789 meters
[-44.19158350305466, 719.6219398900813, -797.7320997356937, 170, 14.89465062833096, 0.8767153945571425]
params: 0.159 0.310 0.477 4.145 0.590 NSE: -44.192 meters
[-39.68793742516116, 682.823490889614, -565.6699030799061, 279, 16.21480661815641, 0.4464821554297006]
params: 0.369 1.660 0.113 25.138 0.288 NSE: -39.688 meters
[-127.46817090660011, 1213.3144964351823, -1386.9881865017687, 660, 30.597794258772485, -0.8557084978321767]
params: 0.976 0.990 0.685 18.145 2.218 NSE: -127.468 meters
updating result
[0.6683093042374314, 61.65130312901218, -94.72528951369628, 92, -0.43423387381631645, 0.987121970578883]
params: 0.039 0.637 0.128 8.884 0.356 NSE: 0.668 meters
[-69.93578628287244, 901.5883880211402, -752.1694889510215, 526, 21.880927122248472, -0.7870268457336373]
params: 0.318 0.887 0.092 20.774 1.700 NSE: -69.936 meters
[-44.48579514571572, 721.9606240069527, -619.4111994939819, 189, 16.748736175366737, 0.7169227591429658]
params: 0.265 1.094 0.111 17.278 2.788 NSE: -44.486 meters
[-42.5543319930782, 706.4660475699268, -598.2602405042674, 277, 16.689277608434118, 0.43483336276344015]
params: 0.319 1.368 0.136 21.490 0.868 NSE: -42.554 meters
[-15.77626505628945, 438.4532116972692, -355.0376256819415, 87, 10.090472024800958, 0.9308908170054199]
params: 0.183 1.214 0.063 24.868 0.014 NSE: -15.776 meters
[-126.71316561498875, 1209.7439281616198, -1556.8344554453665, 660, 30.64277705983878, -0.738579372274848]
params: 0.678 0.613 0.528 28.866 0.746 NSE: -126.713 meters
[-90.50384924312704, 1023.989015535388, -941.9915931432918, 624, 25.315477876145035, -0.9282060354920222]
params: 0.576 1.225 0.422 6.692 2.858 NSE: -90.504 meters
The Initial Loop: 0
 BESTF:  -0.668309 
 BESTX:  
[0.03918779 0.63733323 0.12812776 8.88420593 0.35618316]
 WORSTF:  127.468171 
 WORSTX: 
[ 0.97645947  0.99043728  0.68489471 18.14536559  2.21779074]
     
[-72.81204826166908, 919.6852993873207, -777.1888840029037, 546, 22.5444752534566, -0.9350606514892992]
params: 0.549 1.459 0.442 16.346 1.271 NSE: -72.812 meters
updating result
[-72.81204826166908, 919.6852993873207, -777.1888840029037, 546, 22.5444752534566, -0.9350606514892992]
params: 0.549 1.459 0.442 16.346 1.271 NSE: -72.812 meters
updating result
[-72.81204826166908, 919.6852993873207, -777.1888840029037, 546, 22.5444752534566, -0.9350606514892992]
params: 0.549 1.459 0.442 16.346 1.271 NSE: -72.812 meters
updating result
[-72.81204826166908, 919.6852993873207, -777.1888840029037, 546, 22.5444752534566, -0.9350606514892992]
params: 0.549 1.459 0.442 16.346 1.271 NSE: -72.812 meters
updating result
[-25.586043123236166, 551.9534706634663, -463.3422974858997, 121, 12.73901642632949, 0.9159316007324073]
params: 0.199 1.032 0.165 16.770 0.402 NSE: -25.586 meters
updating result
[-72.81204826166908, 919.6852993873207, -777.1888840029037, 546, 22.5444752534566, -0.9350606514892992]
params: 0.549 1.459 0.442 16.346 1.271 NSE: -72.812 meters
updating result
[-18.84814014492581, 476.9090073166487, -420.53750696372316, 99, 10.627142779648771, 0.9264482536323477]
params: 0.175 0.982 0.173 18.392 0.103 NSE: -18.848 meters
updating result
[-72.81204826166908, 919.6852993873207, -777.1888840029037, 546, 22.5444752534566, -0.9350606514892992]
params: 0.549 1.459 0.442 16.346 1.271 NSE: -72.812 meters
updating result
[-72.81204826166908, 919.6852993873207, -777.1888840029037, 546, 22.5444752534566, -0.9350606514892992]
params: 0.549 1.459 0.442 16.346 1.271 NSE: -72.812 meters
updating result
[-72.81204826166908, 919.6852993873207, -777.1888840029037, 546, 22.5444752534566, -0.9350606514892992]
params: 0.549 1.459 0.442 16.346 1.271 NSE: -72.812 meters
updating result
[-72.81204826166908, 919.6852993873207, -777.1888840029037, 546, 22.5444752534566, -0.9350606514892992]
params: 0.549 1.459 0.442 16.346 1.271 NSE: -72.812 meters
updating result
[-72.81204826166908, 919.6852993873207, -777.1888840029037, 546, 22.5444752534566, -0.9350606514892992]
params: 0.549 1.459 0.442 16.346 1.271 NSE: -72.812 meters
updating result
[-72.81204826166908, 919.6852993873207, -777.1888840029037, 546, 22.5444752534566, -0.9350606514892992]
params: 0.549 1.459 0.442 16.346 1.271 NSE: -72.812 meters
updating result
[-72.81204826166908, 919.6852993873207, -777.1888840029037, 546, 22.5444752534566, -0.9350606514892992]
params: 0.549 1.459 0.442 16.346 1.271 NSE: -72.812 meters
updating result
[-72.81204826166908, 919.6852993873207, -777.1888840029037, 546, 22.5444752534566, -0.9350606514892992]
params: 0.549 1.459 0.442 16.346 1.271 NSE: -72.812 meters
updating result
[-72.81204826166908, 919.6852993873207, -777.1888840029037, 546, 22.5444752534566, -0.9350606514892992]
params: 0.549 1.459 0.442 16.346 1.271 NSE: -72.812 meters
updating result
[-72.81204826166908, 919.6852993873207, -777.1888840029037, 546, 22.5444752534566, -0.9350606514892992]
params: 0.549 1.459 0.442 16.346 1.271 NSE: -72.812 meters
updating result
[-72.81204826166908, 919.6852993873207, -777.1888840029037, 546, 22.5444752534566, -0.9350606514892992]
params: 0.549 1.459 0.442 16.346 1.271 NSE: -72.812 meters
updating result
[-31.158187238889994, 607.0457121830434, -507.3745972467047, 188, 14.09471049484011, 0.7419832885062445]
params: 0.280 1.457 0.313 15.686 0.570 NSE: -31.158 meters
updating result
[-72.81204826166908, 919.6852993873207, -777.1888840029037, 546, 22.5444752534566, -0.9350606514892992]
params: 0.549 1.459 0.442 16.346 1.271 NSE: -72.812 meters
updating result
usage: surrogate.py [-h] init
surrogate.py: error: too few arguments
Parameter file detected...
0/200
1/200
2/200
3/200
4/200
5/200
6/200
7/200
8/200
9/200
10/200
11/200
12/200
13/200
14/200
15/200
16/200
17/200
18/200
19/200
20/200
21/200
22/200
23/200
24/200
25/200
26/200
27/200
28/200
29/200
30/200
31/200
32/200
33/200
34/200
35/200
36/200
37/200
38/200
39/200
40/200
41/200
42/200
43/200
44/200
45/200
46/200
47/200
48/200
49/200
50/200
51/200
52/200
53/200
54/200
55/200
56/200
57/200
58/200
59/200
60/200
61/200
62/200
63/200
64/200
65/200
66/200
67/200
68/200
69/200
70/200
71/200
72/200
73/200
74/200
75/200
76/200
77/200
78/200
79/200
80/200
81/200
82/200
83/200
84/200
85/200
86/200
87/200
88/200
89/200
90/200
91/200
92/200
93/200
94/200
95/200
96/200
97/200
98/200
99/200
100/200
101/200
102/200
103/200
104/200
105/200
106/200
107/200
108/200
109/200
110/200
111/200
112/200
113/200
114/200
115/200
116/200
117/200
118/200
119/200
120/200
121/200
122/200
123/200
124/200
125/200
126/200
127/200
128/200
129/200
130/200
131/200
132/200
133/200
134/200
135/200
136/200
137/200
138/200
139/200
140/200
141/200
142/200
143/200
144/200
145/200
146/200
147/200
148/200
149/200
150/200
151/200
152/200
153/200
[]
[]
[]
[]
[]
[]
[]
[]
[]
[]
[]
[]
[]
[]
[]
[]
[]
[]
[]
[]
[]
[]
[]
[]
[]
[]
[]
[]
[]
[]
[]
[]
[]
[]
[]
[]
[]
Time = 2017-08-25 12:00:00, steps=0 (0s)
[]
Time = 2017-08-25 12:15:00, delta t in [0.24774639, 0.81550211], steps=2990 (10s)
Time = 2017-08-25 12:30:00, delta t in [0.23468840, 0.24773822], steps=3755 (13s)
Time = 2017-08-25 12:45:00, delta t in [0.22577343, 0.23468711], steps=3909 (13s)
Time = 2017-08-25 13:00:00, delta t in [0.19138306, 0.22577296], steps=4304 (15s)
Time = 2017-08-25 13:15:00, delta t in [0.16878025, 0.19137866], steps=5026 (17s)
Time = 2017-08-25 13:30:00, delta t in [0.15486331, 0.16878005], steps=5594 (19s)
Time = 2017-08-25 13:45:00, delta t in [0.14838020, 0.15486330], steps=5954 (21s)
Time = 2017-08-25 14:00:00, delta t in [0.14479808, 0.14837979], steps=6143 (21s)
Time = 2017-08-25 14:15:00, delta t in [0.14082133, 0.14479805], steps=6300 (22s)
Time = 2017-08-25 14:30:00, delta t in [0.13687760, 0.14082095], steps=6486 (23s)
Time = 2017-08-25 14:45:00, delta t in [0.13351269, 0.13687758], steps=6661 (23s)
Time = 2017-08-25 15:00:00, delta t in [0.13071325, 0.13351260], steps=6815 (24s)
Time = 2017-08-25 15:15:00, delta t in [0.12828202, 0.13071305], steps=6952 (24s)
Time = 2017-08-25 15:30:00, delta t in [0.12611408, 0.12828184], steps=7077 (25s)
Time = 2017-08-25 15:45:00, delta t in [0.12417922, 0.12611387], steps=7193 (25s)
Time = 2017-08-25 16:00:00, delta t in [0.12237397, 0.12417910], steps=7302 (25s)
Time = 2017-08-25 16:15:00, delta t in [0.12064668, 0.12237390], steps=7408 (26s)
Time = 2017-08-25 16:30:00, delta t in [0.11896142, 0.12064664], steps=7513 (27s)
Time = 2017-08-25 16:45:00, delta t in [0.11730352, 0.11896130], steps=7620 (27s)
Time = 2017-08-25 17:00:00, delta t in [0.11567611, 0.11730352], steps=7727 (27s)
Time = 2017-08-25 17:15:00, delta t in [0.11403410, 0.11567610], steps=7837 (28s)
Time = 2017-08-25 17:30:00, delta t in [0.11239455, 0.11403409], steps=7950 (28s)
Time = 2017-08-25 17:45:00, delta t in [0.11076866, 0.11239442], steps=8067 (29s)
Time = 2017-08-25 18:00:00, delta t in [0.10918914, 0.11076862], steps=8184 (29s)
Time = 2017-08-25 18:15:00, delta t in [0.10768726, 0.10918900], steps=8300 (30s)
Time = 2017-08-25 18:30:00, delta t in [0.10624994, 0.10768709], steps=8415 (30s)
Time = 2017-08-25 18:45:00, delta t in [0.10488672, 0.10624992], steps=8527 (30s)
Time = 2017-08-25 19:00:00, delta t in [0.10360414, 0.10488671], steps=8635 (30s)
Time = 2017-08-25 19:15:00, delta t in [0.10240315, 0.10360412], steps=8739 (31s)
Time = 2017-08-25 19:30:00, delta t in [0.10128756, 0.10240312], steps=8838 (31s)
Time = 2017-08-25 19:45:00, delta t in [0.10024539, 0.10128749], steps=8933 (32s)
Time = 2017-08-25 20:00:00, delta t in [0.09927181, 0.10024538], steps=9023 (32s)
Time = 2017-08-25 20:15:00, delta t in [0.09837627, 0.09927177], steps=9108 (32s)
Time = 2017-08-25 20:30:00, delta t in [0.09755122, 0.09837618], steps=9188 (32s)
Time = 2017-08-25 20:45:00, delta t in [0.09678559, 0.09755116], steps=9263 (33s)
Time = 2017-08-25 21:00:00, delta t in [0.09605797, 0.09678553], steps=9335 (33s)
Time = 2017-08-25 21:15:00, delta t in [0.09536825, 0.09605794], steps=9404 (34s)
Time = 2017-08-25 21:30:00, delta t in [0.09471853, 0.09536821], steps=9470 (34s)
Time = 2017-08-25 21:45:00, delta t in [0.09411070, 0.09471848], steps=9533 (34s)
Time = 2017-08-25 22:00:00, delta t in [0.09355163, 0.09411064], steps=9592 (34s)
Time = 2017-08-25 22:15:00, delta t in [0.09302293, 0.09355157], steps=9648 (35s)
Time = 2017-08-25 22:30:00, delta t in [0.09252674, 0.09302288], steps=9702 (35s)
Time = 2017-08-25 22:45:00, delta t in [0.09206059, 0.09252673], steps=9752 (34s)
Time = 2017-08-25 23:00:00, delta t in [0.09161939, 0.09206056], steps=9800 (35s)
Time = 2017-08-25 23:15:00, delta t in [0.09120082, 0.09161935], steps=9846 (35s)
Time = 2017-08-25 23:30:00, delta t in [0.09080290, 0.09120078], steps=9891 (35s)
Time = 2017-08-25 23:45:00, delta t in [0.09042503, 0.09080289], steps=9933 (35s)
Time = 2017-08-26 00:00:00, delta t in [0.09006525, 0.09042501], steps=9974 (35s)
Time = 2017-08-26 00:15:00, delta t in [0.08972290, 0.09006525], steps=10012 (35s)
Time = 2017-08-26 00:30:00, delta t in [0.08939696, 0.08972287], steps=10050 (35s)
Time = 2017-08-26 00:45:00, delta t in [0.08909264, 0.08939695], steps=10085 (36s)
Time = 2017-08-26 01:00:00, delta t in [0.08880301, 0.08909261], steps=10119 (36s)
Time = 2017-08-26 01:15:00, delta t in [0.08852701, 0.08880300], steps=10151 (36s)
Time = 2017-08-26 01:30:00, delta t in [0.08826419, 0.08852700], steps=10182 (36s)
Time = 2017-08-26 01:45:00, delta t in [0.08801405, 0.08826417], steps=10212 (36s)
Time = 2017-08-26 02:00:00, delta t in [0.08777481, 0.08801405], steps=10240 (36s)
Time = 2017-08-26 02:15:00, delta t in [0.08754562, 0.08777479], steps=10268 (37s)
Time = 2017-08-26 02:30:00, delta t in [0.08733134, 0.08754562], steps=10294 (38s)
Time = 2017-08-26 02:45:00, delta t in [0.08712525, 0.08733134], steps=10318 (38s)
Time = 2017-08-26 03:00:00, delta t in [0.08692872, 0.08712523], steps=10342 (39s)
Time = 2017-08-26 03:15:00, delta t in [0.08674109, 0.08692871], steps=10365 (40s)
Time = 2017-08-26 03:30:00, delta t in [0.08656003, 0.08674108], steps=10387 (38s)
Time = 2017-08-26 03:45:00, delta t in [0.08638557, 0.08656002], steps=10408 (38s)
Time = 2017-08-26 04:00:00, delta t in [0.08621695, 0.08638556], steps=10429 (38s)
Time = 2017-08-26 04:15:00, delta t in [0.08605364, 0.08621694], steps=10449 (38s)
Time = 2017-08-26 04:30:00, delta t in [0.08589515, 0.08605363], steps=10469 (38s)
Time = 2017-08-26 04:45:00, delta t in [0.08574132, 0.08589514], steps=10488 (37s)
Time = 2017-08-26 05:00:00, delta t in [0.08559176, 0.08574132], steps=10506 (37s)
Time = 2017-08-26 05:15:00, delta t in [0.08544573, 0.08559175], steps=10525 (38s)
Time = 2017-08-26 05:30:00, delta t in [0.08530369, 0.08544572], steps=10542 (38s)
Time = 2017-08-26 05:45:00, delta t in [0.08516590, 0.08530368], steps=10560 (38s)
Time = 2017-08-26 06:00:00, delta t in [0.08503144, 0.08516590], steps=10576 (37s)
Time = 2017-08-26 06:15:00, delta t in [0.08490001, 0.08503143], steps=10593 (38s)
Time = 2017-08-26 06:30:00, delta t in [0.08477135, 0.08490000], steps=10609 (38s)
Time = 2017-08-26 06:45:00, delta t in [0.08464542, 0.08477134], steps=10625 (38s)
Time = 2017-08-26 07:00:00, delta t in [0.08452226, 0.08464542], steps=10641 (38s)
Time = 2017-08-26 07:15:00, delta t in [0.08440201, 0.08452226], steps=10656 (38s)
Time = 2017-08-26 07:30:00, delta t in [0.08428448, 0.08440200], steps=10671 (38s)
Time = 2017-08-26 07:45:00, delta t in [0.08416970, 0.08428447], steps=10686 (38s)
Time = 2017-08-26 08:00:00, delta t in [0.08405767, 0.08416969], steps=10700 (38s)
Time = 2017-08-26 08:15:00, delta t in [0.08394829, 0.08405766], steps=10714 (38s)
Time = 2017-08-26 08:30:00, delta t in [0.08384165, 0.08394828], steps=10728 (38s)
Time = 2017-08-26 08:45:00, delta t in [0.08373755, 0.08384164], steps=10742 (38s)
Time = 2017-08-26 09:00:00, delta t in [0.08363618, 0.08373755], steps=10755 (38s)
Time = 2017-08-26 09:15:00, delta t in [0.08353758, 0.08363617], steps=10768 (38s)
Time = 2017-08-26 09:30:00, delta t in [0.08344155, 0.08353758], steps=10780 (37s)
Time = 2017-08-26 09:45:00, delta t in [0.08335118, 0.08344154], steps=10793 (39s)
Time = 2017-08-26 10:00:00, delta t in [0.08327858, 0.08335118], steps=10803 (39s)
Time = 2017-08-26 10:15:00, delta t in [0.08322446, 0.08327858], steps=10811 (39s)
Time = 2017-08-26 10:30:00, delta t in [0.08318636, 0.08322446], steps=10817 (39s)
Time = 2017-08-26 10:45:00, delta t in [0.08316047, 0.08318635], steps=10821 (39s)
Time = 2017-08-26 11:00:00, delta t in [0.08314388, 0.08316047], steps=10824 (39s)
Time = 2017-08-26 11:15:00, delta t in [0.08312795, 0.08314388], steps=10826 (40s)
Time = 2017-08-26 11:30:00, delta t in [0.08310864, 0.08312795], steps=10828 (39s)
Time = 2017-08-26 11:45:00, delta t in [0.08309667, 0.08310863], steps=10831 (39s)
Time = 2017-08-26 12:00:00, delta t in [0.08309185, 0.08309667], steps=10832 (39s)
Time = 2017-08-26 12:15:00, delta t in [0.08308870, 0.08309185], steps=10832 (39s)
Time = 2017-08-26 12:30:00, delta t in [0.08308614, 0.08308870], steps=10832 (39s)
Time = 2017-08-26 12:45:00, delta t in [0.08308495, 0.08308614], steps=10833 (39s)
Time = 2017-08-26 13:00:00, delta t in [0.08308487, 0.08308506], steps=10833 (39s)
Time = 2017-08-26 13:15:00, delta t in [0.08274102, 0.08308506], steps=10852 (39s)
Time = 2017-08-26 13:30:00, delta t in [0.08227673, 0.08274098], steps=10908 (38s)
Time = 2017-08-26 13:45:00, delta t in [0.08143269, 0.08227671], steps=10990 (39s)
Time = 2017-08-26 14:00:00, delta t in [0.08017094, 0.08143264], steps=11137 (39s)
Time = 2017-08-26 14:15:00, delta t in [0.07886697, 0.08017086], steps=11305 (40s)
Time = 2017-08-26 14:30:00, delta t in [0.07749977, 0.07886695], steps=11517 (41s)
Time = 2017-08-26 14:45:00, delta t in [0.07645244, 0.07749971], steps=11696 (42s)
Time = 2017-08-26 15:00:00, delta t in [0.07559303, 0.07645241], steps=11841 (43s)
Time = 2017-08-26 15:15:00, delta t in [0.07485044, 0.07559299], steps=11966 (43s)
Time = 2017-08-26 15:30:00, delta t in [0.07418616, 0.07485042], steps=12079 (43s)
Time = 2017-08-26 15:45:00, delta t in [0.07355296, 0.07418613], steps=12184 (44s)
Time = 2017-08-26 16:00:00, delta t in [0.07291091, 0.07355293], steps=12290 (44s)
Time = 2017-08-26 16:15:00, delta t in [0.07228273, 0.07291086], steps=12398 (45s)
Time = 2017-08-26 16:30:00, delta t in [0.07165477, 0.07228271], steps=12506 (45s)
Time = 2017-08-26 16:45:00, delta t in [0.07106231, 0.07165475], steps=12614 (46s)
Time = 2017-08-26 17:00:00, delta t in [0.07049924, 0.07106230], steps=12716 (46s)
Time = 2017-08-26 17:15:00, delta t in [0.06994877, 0.07049922], steps=12817 (45s)
Time = 2017-08-26 17:30:00, delta t in [0.06940016, 0.06994876], steps=12918 (46s)
Time = 2017-08-26 17:45:00, delta t in [0.06885551, 0.06940015], steps=13020 (46s)
Time = 2017-08-26 18:00:00, delta t in [0.06832422, 0.06885550], steps=13123 (46s)
Time = 2017-08-26 18:15:00, delta t in [0.06781145, 0.06832421], steps=13223 (47s)
Time = 2017-08-26 18:30:00, delta t in [0.06734180, 0.06781144], steps=13320 (47s)
Time = 2017-08-26 18:45:00, delta t in [0.06686186, 0.06734179], steps=13414 (48s)
Time = 2017-08-26 19:00:00, delta t in [0.06642625, 0.06686185], steps=13505 (50s)
Time = 2017-08-26 19:15:00, delta t in [0.06599948, 0.06642622], steps=13593 (50s)
Time = 2017-08-26 19:30:00, delta t in [0.06558444, 0.06599945], steps=13681 (50s)
Time = 2017-08-26 19:45:00, delta t in [0.06523378, 0.06558443], steps=13761 (50s)
Time = 2017-08-26 20:00:00, delta t in [0.06496149, 0.06523376], steps=13827 (50s)
Time = 2017-08-26 20:15:00, delta t in [0.06475931, 0.06496147], steps=13878 (51s)
Time = 2017-08-26 20:30:00, delta t in [0.06461286, 0.06475931], steps=13915 (50s)
Time = 2017-08-26 20:45:00, delta t in [0.06450846, 0.06461286], steps=13942 (50s)
Time = 2017-08-26 21:00:00, delta t in [0.06443633, 0.06450846], steps=13960 (50s)
Time = 2017-08-26 21:15:00, delta t in [0.06438876, 0.06443633], steps=13973 (51s)
Time = 2017-08-26 21:30:00, delta t in [0.06436030, 0.06438876], steps=13981 (50s)
Time = 2017-08-26 21:45:00, delta t in [0.06434556, 0.06436030], steps=13986 (50s)
Time = 2017-08-26 22:00:00, delta t in [0.06434049, 0.06434556], steps=13988 (50s)
Time = 2017-08-26 22:15:00, delta t in [0.06434036, 0.06434230], steps=13988 (50s)
Time = 2017-08-26 22:30:00, delta t in [0.06434230, 0.06434936], steps=13987 (49s)
Time = 2017-08-26 22:45:00, delta t in [0.06434936, 0.06435954], steps=13986 (49s)
Time = 2017-08-26 23:00:00, delta t in [0.06435954, 0.06437162], steps=13983 (49s)
Time = 2017-08-26 23:15:00, delta t in [0.06437162, 0.06438571], steps=13980 (50s)
Time = 2017-08-26 23:30:00, delta t in [0.06438571, 0.06440191], steps=13977 (51s)
Time = 2017-08-26 23:45:00, delta t in [0.06440191, 0.06442042], steps=13973 (51s)
Time = 2017-08-27 00:00:00, delta t in [0.06442042, 0.06444150], steps=13969 (50s)
Time = 2017-08-27 00:15:00, delta t in [0.06444150, 0.06446468], steps=13964 (50s)
Time = 2017-08-27 00:30:00, delta t in [0.06446468, 0.06448909], steps=13959 (50s)
Time = 2017-08-27 00:45:00, delta t in [0.06448909, 0.06451392], steps=13954 (50s)
Time = 2017-08-27 01:00:00, delta t in [0.06451392, 0.06453858], steps=13948 (49s)
Time = 2017-08-27 01:15:00, delta t in [0.06453859, 0.06456319], steps=13943 (50s)
Time = 2017-08-27 01:30:00, delta t in [0.06456319, 0.06458816], steps=13938 (51s)
Time = 2017-08-27 01:45:00, delta t in [0.06458816, 0.06461387], steps=13932 (51s)
Time = 2017-08-27 02:00:00, delta t in [0.06461387, 0.06464057], steps=13927 (50s)
Time = 2017-08-27 02:15:00, delta t in [0.06464057, 0.06466825], steps=13921 (50s)
Time = 2017-08-27 02:30:00, delta t in [0.06466826, 0.06469678], steps=13915 (49s)
Time = 2017-08-27 02:45:00, delta t in [0.06469678, 0.06472567], steps=13908 (49s)
Time = 2017-08-27 03:00:00, delta t in [0.06472567, 0.06475468], steps=13902 (50s)
Time = 2017-08-27 03:15:00, delta t in [0.06475468, 0.06478311], steps=13896 (48s)
Time = 2017-08-27 03:30:00, delta t in [0.06478311, 0.06481006], steps=13890 (50s)
Time = 2017-08-27 03:45:00, delta t in [0.06478131, 0.06481379], steps=13889 (50s)
Time = 2017-08-27 04:00:00, delta t in [0.06468858, 0.06478131], steps=13902 (50s)
Time = 2017-08-27 04:15:00, delta t in [0.06426030, 0.06468858], steps=13952 (50s)
Time = 2017-08-27 04:30:00, delta t in [0.06373466, 0.06426027], steps=14066 (50s)
Time = 2017-08-27 04:45:00, delta t in [0.06336826, 0.06373466], steps=14164 (51s)
Time = 2017-08-27 05:00:00, delta t in [0.06307597, 0.06336825], steps=14237 (52s)
Time = 2017-08-27 05:15:00, delta t in [0.06270710, 0.06307595], steps=14309 (52s)
Time = 2017-08-27 05:30:00, delta t in [0.06243000, 0.06270708], steps=14386 (51s)
Time = 2017-08-27 05:45:00, delta t in [0.06204748, 0.06242998], steps=14456 (53s)
Time = 2017-08-27 06:00:00, delta t in [0.06153096, 0.06204746], steps=14567 (54s)
Time = 2017-08-27 06:15:00, delta t in [0.06105918, 0.06153095], steps=14684 (56s)
Time = 2017-08-27 06:30:00, delta t in [0.06066371, 0.06105915], steps=14790 (54s)
Time = 2017-08-27 06:45:00, delta t in [0.06026878, 0.06066369], steps=14885 (56s)
Time = 2017-08-27 07:00:00, delta t in [0.05990455, 0.06026876], steps=14980 (55s)
Time = 2017-08-27 07:15:00, delta t in [0.05966941, 0.05990454], steps=15057 (55s)
Time = 2017-08-27 07:30:00, delta t in [0.05952874, 0.05966941], steps=15103 (55s)
Time = 2017-08-27 07:45:00, delta t in [0.05942722, 0.05952874], steps=15133 (55s)
Time = 2017-08-27 08:00:00, delta t in [0.05934529, 0.05942722], steps=15156 (55s)
Time = 2017-08-27 08:15:00, delta t in [0.05927401, 0.05934529], steps=15175 (56s)
Time = 2017-08-27 08:30:00, delta t in [0.05914957, 0.05927401], steps=15199 (56s)
Time = 2017-08-27 08:45:00, delta t in [0.05897377, 0.05914957], steps=15238 (57s)
Time = 2017-08-27 09:00:00, delta t in [0.05873694, 0.05897376], steps=15291 (55s)
Time = 2017-08-27 09:15:00, delta t in [0.05844593, 0.05873692], steps=15360 (56s)
Time = 2017-08-27 09:30:00, delta t in [0.05810778, 0.05844591], steps=15443 (56s)
Time = 2017-08-27 09:45:00, delta t in [0.05769393, 0.05810777], steps=15543 (56s)
Time = 2017-08-27 10:00:00, delta t in [0.05733719, 0.05769392], steps=15653 (56s)
Time = 2017-08-27 10:15:00, delta t in [0.05702577, 0.05733717], steps=15736 (57s)
Time = 2017-08-27 10:30:00, delta t in [0.05673375, 0.05702577], steps=15826 (58s)
Time = 2017-08-27 10:45:00, delta t in [0.05642412, 0.05673374], steps=15905 (57s)
Time = 2017-08-27 11:00:00, delta t in [0.05601913, 0.05642410], steps=16008 (58s)
Time = 2017-08-27 11:15:00, delta t in [0.05566359, 0.05601913], steps=16120 (57s)
Time = 2017-08-27 11:30:00, delta t in [0.05536345, 0.05566358], steps=16213 (62s)
Time = 2017-08-27 11:45:00, delta t in [0.05508062, 0.05536344], steps=16299 (62s)
Time = 2017-08-27 12:00:00, delta t in [0.05483318, 0.05508061], steps=16378 (61s)
Time = 2017-08-27 12:15:00, delta t in [0.05459640, 0.05483317], steps=16450 (60s)
Time = 2017-08-27 12:30:00, delta t in [0.05438637, 0.05459640], steps=16518 (61s)
Time = 2017-08-27 12:45:00, delta t in [0.05425097, 0.05438637], steps=16571 (61s)
Time = 2017-08-27 13:00:00, delta t in [0.05416911, 0.05425096], steps=16603 (61s)
Time = 2017-08-27 13:15:00, delta t in [0.05411142, 0.05416910], steps=16624 (61s)
Time = 2017-08-27 13:30:00, delta t in [0.05406382, 0.05411142], steps=16640 (62s)
Time = 2017-08-27 13:45:00, delta t in [0.05401475, 0.05406381], steps=16655 (61s)
Time = 2017-08-27 14:00:00, delta t in [0.05395377, 0.05401475], steps=16671 (61s)
Time = 2017-08-27 14:15:00, delta t in [0.05389148, 0.05395376], steps=16692 (61s)
Time = 2017-08-27 14:30:00, delta t in [0.05384461, 0.05389148], steps=16708 (62s)
Time = 2017-08-27 14:45:00, delta t in [0.05380103, 0.05384461], steps=16722 (62s)
Time = 2017-08-27 15:00:00, delta t in [0.05377333, 0.05380103], steps=16734 (62s)
Time = 2017-08-27 15:15:00, delta t in [0.05372385, 0.05377333], steps=16745 (62s)
Time = 2017-08-27 15:30:00, delta t in [0.05365620, 0.05372385], steps=16763 (62s)
Time = 2017-08-27 15:45:00, delta t in [0.05361853, 0.05365620], steps=16781 (62s)
Time = 2017-08-27 16:00:00, delta t in [0.05358896, 0.05361853], steps=16790 (61s)
Time = 2017-08-27 16:15:00, delta t in [0.05354747, 0.05358896], steps=16801 (62s)
Time = 2017-08-27 16:30:00, delta t in [0.05348619, 0.05354747], steps=16817 (61s)
Time = 2017-08-27 16:45:00, delta t in [0.05340689, 0.05348619], steps=16839 (61s)
Time = 2017-08-27 17:00:00, delta t in [0.05331053, 0.05340689], steps=16867 (62s)
Time = 2017-08-27 17:15:00, delta t in [0.05319950, 0.05331053], steps=16900 (61s)
Time = 2017-08-27 17:30:00, delta t in [0.05307970, 0.05319950], steps=16937 (59s)
Time = 2017-08-27 17:45:00, delta t in [0.05270028, 0.05307970], steps=17011 (62s)
Time = 2017-08-27 18:00:00, delta t in [0.05217462, 0.05270027], steps=17163 (63s)
Time = 2017-08-27 18:15:00, delta t in [0.05192990, 0.05217461], steps=17300 (63s)
Time = 2017-08-27 18:30:00, delta t in [0.05172814, 0.05192989], steps=17362 (65s)
Time = 2017-08-27 18:45:00, delta t in [0.05140284, 0.05172813], steps=17450 (65s)
Time = 2017-08-27 19:00:00, delta t in [0.05099796, 0.05140284], steps=17578 (64s)
Time = 2017-08-27 19:15:00, delta t in [0.05065506, 0.05099794], steps=17710 (65s)
Time = 2017-08-27 19:30:00, delta t in [0.05035280, 0.05065506], steps=17821 (65s)
Time = 2017-08-27 19:45:00, delta t in [0.04997676, 0.05035279], steps=17939 (66s)
Time = 2017-08-27 20:00:00, delta t in [0.04956399, 0.04997674], steps=18083 (65s)
Time = 2017-08-27 20:15:00, delta t in [0.04914681, 0.04956396], steps=18237 (66s)
Time = 2017-08-27 20:30:00, delta t in [0.04866990, 0.04914680], steps=18402 (67s)
Time = 2017-08-27 20:45:00, delta t in [0.04825423, 0.04866990], steps=18574 (69s)
Time = 2017-08-27 21:00:00, delta t in [0.04793405, 0.04825421], steps=18717 (69s)
Time = 2017-08-27 21:15:00, delta t in [0.04766606, 0.04793405], steps=18831 (69s)
Time = 2017-08-27 21:30:00, delta t in [0.04746796, 0.04766606], steps=18923 (69s)
Time = 2017-08-27 21:45:00, delta t in [0.04732566, 0.04746795], steps=18991 (69s)
Time = 2017-08-27 22:00:00, delta t in [0.04722262, 0.04732566], steps=19040 (69s)
Time = 2017-08-27 22:15:00, delta t in [0.04712978, 0.04722262], steps=19078 (71s)
Time = 2017-08-27 22:30:00, delta t in [0.04705543, 0.04712977], steps=19113 (68s)
Time = 2017-08-27 22:45:00, delta t in [0.04702012, 0.04705543], steps=19134 (69s)
Time = 2017-08-27 23:00:00, delta t in [0.04697192, 0.04702012], steps=19150 (70s)
Time = 2017-08-27 23:15:00, delta t in [0.04674594, 0.04697192], steps=19203 (70s)
Time = 2017-08-27 23:30:00, delta t in [0.04652041, 0.04674593], steps=19301 (70s)
Time = 2017-08-27 23:45:00, delta t in [0.04645930, 0.04652041], steps=19363 (71s)
Time = 2017-08-28 00:00:00, delta t in [0.04643314, 0.04645930], steps=19378 (70s)
Time = 2017-08-28 00:15:00, delta t in [0.04639738, 0.04643314], steps=19390 (71s)
Time = 2017-08-28 00:30:00, delta t in [0.04635745, 0.04639737], steps=19407 (70s)
Time = 2017-08-28 00:45:00, delta t in [0.04632397, 0.04635745], steps=19422 (70s)
Time = 2017-08-28 01:00:00, delta t in [0.04629156, 0.04632397], steps=19436 (68s)
Time = 2017-08-28 01:15:00, delta t in [0.04625556, 0.04629156], steps=19450 (70s)
Time = 2017-08-28 01:30:00, delta t in [0.04621799, 0.04625556], steps=19466 (69s)
Time = 2017-08-28 01:45:00, delta t in [0.04618081, 0.04621799], steps=19481 (68s)
Time = 2017-08-28 02:00:00, delta t in [0.04614561, 0.04618081], steps=19497 (68s)
Time = 2017-08-28 02:15:00, delta t in [0.04611369, 0.04614561], steps=19511 (70s)
Time = 2017-08-28 02:30:00, delta t in [0.04608039, 0.04611368], steps=19524 (70s)
Time = 2017-08-28 02:45:00, delta t in [0.04603955, 0.04608039], steps=19540 (70s)
Time = 2017-08-28 03:00:00, delta t in [0.04600151, 0.04603955], steps=19557 (70s)
Time = 2017-08-28 03:15:00, delta t in [0.04597219, 0.04600151], steps=19572 (70s)
Time = 2017-08-28 03:30:00, delta t in [0.04594865, 0.04597219], steps=19583 (69s)
Time = 2017-08-28 03:45:00, delta t in [0.04592823, 0.04594865], steps=19592 (70s)
Time = 2017-08-28 04:00:00, delta t in [0.04591019, 0.04592823], steps=19600 (68s)
Time = 2017-08-28 04:15:00, delta t in [0.04586918, 0.04591019], steps=19612 (70s)
Time = 2017-08-28 04:30:00, delta t in [0.04579864, 0.04586918], steps=19637 (72s)
Time = 2017-08-28 04:45:00, delta t in [0.04565700, 0.04579864], steps=19682 (69s)
Time = 2017-08-28 05:00:00, delta t in [0.04553656, 0.04565700], steps=19739 (69s)
Time = 2017-08-28 05:15:00, delta t in [0.04551784, 0.04553655], steps=19770 (71s)
Time = 2017-08-28 05:30:00, delta t in [0.04550504, 0.04551784], steps=19776 (71s)
Time = 2017-08-28 05:45:00, delta t in [0.04548639, 0.04550504], steps=19783 (71s)
Time = 2017-08-28 06:00:00, delta t in [0.04546836, 0.04548639], steps=19791 (70s)
Time = 2017-08-28 06:15:00, delta t in [0.04545900, 0.04546836], steps=19797 (69s)
Time = 2017-08-28 06:30:00, delta t in [0.04544980, 0.04545900], steps=19801 (69s)
Time = 2017-08-28 06:45:00, delta t in [0.04544187, 0.04544980], steps=19804 (70s)
Time = 2017-08-28 07:00:00, delta t in [0.04543624, 0.04544187], steps=19807 (71s)
Time = 2017-08-28 07:15:00, delta t in [0.04543234, 0.04543624], steps=19809 (71s)
Time = 2017-08-28 07:30:00, delta t in [0.04542953, 0.04543234], steps=19811 (72s)
Time = 2017-08-28 07:45:00, delta t in [0.04542792, 0.04542953], steps=19812 (72s)
Time = 2017-08-28 08:00:00, delta t in [0.04542761, 0.04542792], steps=19812 (71s)
Time = 2017-08-28 08:15:00, delta t in [0.04542765, 0.04542844], steps=19812 (71s)
Time = 2017-08-28 08:30:00, delta t in [0.04542844, 0.04543004], steps=19812 (71s)
Time = 2017-08-28 08:45:00, delta t in [0.04543004, 0.04543204], steps=19811 (72s)
Time = 2017-08-28 09:00:00, delta t in [0.04543204, 0.04543415], steps=19810 (72s)
Time = 2017-08-28 09:15:00, delta t in [0.04543415, 0.04543632], steps=19809 (71s)
Time = 2017-08-28 09:30:00, delta t in [0.04543632, 0.04543859], steps=19808 (71s)
Time = 2017-08-28 09:45:00, delta t in [0.04543859, 0.04544101], steps=19807 (72s)
Time = 2017-08-28 10:00:00, delta t in [0.04544101, 0.04544356], steps=19806 (71s)
Time = 2017-08-28 10:15:00, delta t in [0.04544356, 0.04544643], steps=19805 (71s)
Time = 2017-08-28 10:30:00, delta t in [0.04544643, 0.04544970], steps=19803 (71s)
Time = 2017-08-28 10:45:00, delta t in [0.04544970, 0.04545330], steps=19802 (71s)
Time = 2017-08-28 11:00:00, delta t in [0.04545330, 0.04545726], steps=19800 (71s)
Time = 2017-08-28 11:15:00, delta t in [0.04545726, 0.04546153], steps=19798 (71s)
Time = 2017-08-28 11:30:00, delta t in [0.04546153, 0.04546610], steps=19796 (71s)
Time = 2017-08-28 11:45:00, delta t in [0.04546610, 0.04547090], steps=19794 (71s)
Time = 2017-08-28 12:00:00, delta t in [0.04547090, 0.04547593], steps=19792 (71s)
Time = 2017-08-28 12:15:00, delta t in [0.04547593, 0.04548131], steps=19790 (72s)
Time = 2017-08-28 12:30:00, delta t in [0.04548131, 0.04548697], steps=19788 (72s)
Time = 2017-08-28 12:45:00, delta t in [0.04548697, 0.04549278], steps=19785 (72s)
Time = 2017-08-28 13:00:00, delta t in [0.04549278, 0.04549861], steps=19783 (72s)
Time = 2017-08-28 13:15:00, delta t in [0.04549861, 0.04550448], steps=19780 (73s)
Time = 2017-08-28 13:30:00, delta t in [0.04550448, 0.04551030], steps=19778 (72s)
Time = 2017-08-28 13:45:00, delta t in [0.04551030, 0.04551650], steps=19775 (71s)
Time = 2017-08-28 14:00:00, delta t in [0.04551650, 0.04552346], steps=19772 (71s)
Time = 2017-08-28 14:15:00, delta t in [0.04552346, 0.04553058], steps=19769 (71s)
Time = 2017-08-28 14:30:00, delta t in [0.04553058, 0.04553680], steps=19766 (71s)
Time = 2017-08-28 14:45:00, delta t in [0.04553680, 0.04554305], steps=19763 (71s)
Time = 2017-08-28 15:00:00, delta t in [0.04554305, 0.04555029], steps=19760 (71s)
Time = 2017-08-28 15:15:00, delta t in [0.04555029, 0.04555740], steps=19757 (70s)
Time = 2017-08-28 15:30:00, delta t in [0.04555740, 0.04556351], steps=19754 (70s)
Time = 2017-08-28 15:45:00, delta t in [0.04556351, 0.04556680], steps=19752 (71s)
Time = 2017-08-28 16:00:00, delta t in [0.04556680, 0.04556891], steps=19751 (70s)
Time = 2017-08-28 16:15:00, delta t in [0.04556891, 0.04557268], steps=19750 (70s)
Time = 2017-08-28 16:30:00, delta t in [0.04557268, 0.04557623], steps=19748 (70s)
Time = 2017-08-28 16:45:00, delta t in [0.04557001, 0.04557623], steps=19749 (70s)
Time = 2017-08-28 17:00:00, delta t in [0.04556279, 0.04557001], steps=19752 (70s)
Time = 2017-08-28 17:15:00, delta t in [0.04556261, 0.04556404], steps=19753 (70s)
Time = 2017-08-28 17:30:00, delta t in [0.04556404, 0.04556483], steps=19753 (70s)
Time = 2017-08-28 17:45:00, delta t in [0.04556483, 0.04556673], steps=19752 (71s)
Time = 2017-08-28 18:00:00, delta t in [0.04556673, 0.04557177], steps=19751 (70s)
Time = 2017-08-28 18:15:00, delta t in [0.04557177, 0.04557924], steps=19748 (71s)
Time = 2017-08-28 18:30:00, delta t in [0.04557924, 0.04558960], steps=19744 (71s)
Time = 2017-08-28 18:45:00, delta t in [0.04558960, 0.04560234], steps=19739 (70s)
Time = 2017-08-28 19:00:00, delta t in [0.04560234, 0.04561709], steps=19733 (69s)
Time = 2017-08-28 19:15:00, delta t in [0.04561709, 0.04563337], steps=19726 (69s)
Time = 2017-08-28 19:30:00, delta t in [0.04563337, 0.04565099], steps=19719 (69s)
Time = 2017-08-28 19:45:00, delta t in [0.04565099, 0.04567011], steps=19711 (70s)
Time = 2017-08-28 20:00:00, delta t in [0.04567011, 0.04568884], steps=19703 (70s)
Time = 2017-08-28 20:15:00, delta t in [0.04568884, 0.04570362], steps=19696 (69s)
Time = 2017-08-28 20:30:00, delta t in [0.04570362, 0.04571567], steps=19690 (70s)
Time = 2017-08-28 20:45:00, delta t in [0.04571567, 0.04571936], steps=19686 (69s)
Time = 2017-08-28 21:00:00, delta t in [0.04571936, 0.04572105], steps=19685 (68s)
Time = 2017-08-28 21:15:00, delta t in [0.04572105, 0.04572674], steps=19684 (68s)
Time = 2017-08-28 21:30:00, delta t in [0.04572674, 0.04573479], steps=19681 (68s)
Time = 2017-08-28 21:45:00, delta t in [0.04573479, 0.04574911], steps=19676 (67s)
Time = 2017-08-28 22:00:00, delta t in [0.04574911, 0.04576477], steps=19670 (67s)
Time = 2017-08-28 22:15:00, delta t in [0.04576477, 0.04578157], steps=19663 (69s)
Time = 2017-08-28 22:30:00, delta t in [0.04578157, 0.04580124], steps=19655 (69s)
Time = 2017-08-28 22:45:00, delta t in [0.04580124, 0.04582347], steps=19646 (67s)
Time = 2017-08-28 23:00:00, delta t in [0.04582348, 0.04584683], steps=19636 (67s)
Time = 2017-08-28 23:15:00, delta t in [0.04584683, 0.04587058], steps=19626 (70s)
Time = 2017-08-28 23:30:00, delta t in [0.04587058, 0.04589379], steps=19616 (70s)
Time = 2017-08-28 23:45:00, delta t in [0.04589379, 0.04591758], steps=19606 (70s)
Time = 2017-08-29 00:00:00, delta t in [0.04591758, 0.04594157], steps=19596 (69s)
Time = 2017-08-29 00:15:00, delta t in [0.04594157, 0.04596552], steps=19586 (69s)
Time = 2017-08-29 00:30:00, delta t in [0.04596552, 0.04599091], steps=19575 (69s)
Time = 2017-08-29 00:45:00, delta t in [0.04599091, 0.04601845], steps=19564 (69s)
Time = 2017-08-29 01:00:00, delta t in [0.04601845, 0.04604505], steps=19552 (69s)
Time = 2017-08-29 01:15:00, delta t in [0.04604505, 0.04607130], steps=19541 (69s)
Time = 2017-08-29 01:30:00, delta t in [0.04607130, 0.04609767], steps=19530 (69s)
Time = 2017-08-29 01:45:00, delta t in [0.04609767, 0.04611620], steps=19520 (69s)
Time = 2017-08-29 02:00:00, delta t in [0.04611620, 0.04613134], steps=19513 (69s)
Time = 2017-08-29 02:15:00, delta t in [0.04613134, 0.04614185], steps=19508 (69s)
Time = 2017-08-29 02:30:00, delta t in [0.04614185, 0.04615272], steps=19503 (69s)
Time = 2017-08-29 02:45:00, delta t in [0.04615272, 0.04617663], steps=19496 (69s)
Time = 2017-08-29 03:00:00, delta t in [0.04617663, 0.04620533], steps=19485 (69s)
Time = 2017-08-29 03:15:00, delta t in [0.04620533, 0.04623512], steps=19473 (69s)
Time = 2017-08-29 03:30:00, delta t in [0.04623512, 0.04626598], steps=19460 (69s)
Time = 2017-08-29 03:45:00, delta t in [0.04626598, 0.04629752], steps=19447 (69s)
Time = 2017-08-29 04:00:00, delta t in [0.04629752, 0.04632950], steps=19433 (69s)
Time = 2017-08-29 04:15:00, delta t in [0.04632950, 0.04635169], steps=19422 (68s)
Time = 2017-08-29 04:30:00, delta t in [0.04635169, 0.04636873], steps=19414 (69s)
Time = 2017-08-29 04:45:00, delta t in [0.04636873, 0.04639304], steps=19405 (68s)
Time = 2017-08-29 05:00:00, delta t in [0.04639304, 0.04641976], steps=19394 (69s)
Time = 2017-08-29 05:15:00, delta t in [0.04641976, 0.04644722], steps=19383 (68s)
Time = 2017-08-29 05:30:00, delta t in [0.04644722, 0.04647603], steps=19371 (68s)
Time = 2017-08-29 05:45:00, delta t in [0.04647604, 0.04650508], steps=19359 (68s)
Time = 2017-08-29 06:00:00, delta t in [0.04650509, 0.04653459], steps=19347 (68s)
Time = 2017-08-29 06:15:00, delta t in [0.04653459, 0.04656359], steps=19335 (68s)
Time = 2017-08-29 06:30:00, delta t in [0.04656360, 0.04659022], steps=19323 (68s)
Time = 2017-08-29 06:45:00, delta t in [0.04659022, 0.04661292], steps=19313 (68s)
Time = 2017-08-29 07:00:00, delta t in [0.04661292, 0.04662726], steps=19305 (67s)
Time = 2017-08-29 07:15:00, delta t in [0.04662726, 0.04663324], steps=19301 (68s)
Time = 2017-08-29 07:30:00, delta t in [0.04663324, 0.04663961], steps=19299 (68s)
Time = 2017-08-29 07:45:00, delta t in [0.04663961, 0.04665051], steps=19295 (68s)
Time = 2017-08-29 08:00:00, delta t in [0.04665051, 0.04666450], steps=19290 (68s)
Time = 2017-08-29 08:15:00, delta t in [0.04666450, 0.04667913], steps=19284 (68s)
Time = 2017-08-29 08:30:00, delta t in [0.04667913, 0.04669400], steps=19278 (68s)
Time = 2017-08-29 08:45:00, delta t in [0.04669400, 0.04671132], steps=19271 (68s)
Time = 2017-08-29 09:00:00, delta t in [0.04671132, 0.04673093], steps=19264 (68s)
Time = 2017-08-29 09:15:00, delta t in [0.04673093, 0.04673350], steps=19259 (68s)
Time = 2017-08-29 09:30:00, delta t in [0.04672905, 0.04673264], steps=19260 (68s)
Time = 2017-08-29 09:45:00, delta t in [0.04672422, 0.04672905], steps=19261 (68s)
Time = 2017-08-29 10:00:00, delta t in [0.04671972, 0.04672422], steps=19263 (68s)
Time = 2017-08-29 10:15:00, delta t in [0.04671972, 0.04673644], steps=19261 (68s)
Time = 2017-08-29 10:30:00, delta t in [0.04673644, 0.04675953], steps=19253 (68s)
Time = 2017-08-29 10:45:00, delta t in [0.04675953, 0.04678010], steps=19244 (68s)
Time = 2017-08-29 11:00:00, delta t in [0.04678010, 0.04679735], steps=19236 (68s)
Time = 2017-08-29 11:15:00, delta t in [0.04679735, 0.04681471], steps=19229 (68s)
Time = 2017-08-29 11:30:00, delta t in [0.04681471, 0.04683605], steps=19221 (68s)
Time = 2017-08-29 11:45:00, delta t in [0.04683605, 0.04685933], steps=19212 (68s)
Time = 2017-08-29 12:00:00, delta t in [0.04685933, 0.04688335], steps=19202 (68s)
Time = 2017-08-29 12:15:00, delta t in [0.04688335, 0.04690906], steps=19192 (68s)
Time = 2017-08-29 12:30:00, delta t in [0.04690906, 0.04693703], steps=19181 (68s)
Time = 2017-08-29 12:45:00, delta t in [0.04693703, 0.04696803], steps=19169 (72s)
Time = 2017-08-29 13:00:00, delta t in [0.04696803, 0.04700169], steps=19156 (68s)
Time = 2017-08-29 13:15:00, delta t in [0.04700169, 0.04702919], steps=19143 (68s)
Time = 2017-08-29 13:30:00, delta t in [0.04702919, 0.04705271], steps=19133 (67s)
Time = 2017-08-29 13:45:00, delta t in [0.04705271, 0.04707548], steps=19123 (67s)
Time = 2017-08-29 14:00:00, delta t in [0.04707548, 0.04709614], steps=19115 (67s)
Time = 2017-08-29 14:15:00, delta t in [0.04709614, 0.04711892], steps=19106 (67s)
Time = 2017-08-29 14:30:00, delta t in [0.04711892, 0.04714302], steps=19096 (67s)
Time = 2017-08-29 14:45:00, delta t in [0.04714302, 0.04716982], steps=19086 (67s)
Time = 2017-08-29 15:00:00, delta t in [0.04716982, 0.04719852], steps=19075 (66s)
Time = 2017-08-29 15:15:00, delta t in [0.04719852, 0.04722933], steps=19063 (66s)
Time = 2017-08-29 15:30:00, delta t in [0.04722933, 0.04726240], steps=19050 (66s)
Time = 2017-08-29 15:45:00, delta t in [0.04726240, 0.04729621], steps=19036 (67s)
Time = 2017-08-29 16:00:00, delta t in [0.04729621, 0.04733080], steps=19023 (67s)
Time = 2017-08-29 16:15:00, delta t in [0.04733080, 0.04736642], steps=19008 (67s)
Time = 2017-08-29 16:30:00, delta t in [0.04736642, 0.04740331], steps=18994 (67s)
Time = 2017-08-29 16:45:00, delta t in [0.04740331, 0.04744135], steps=18979 (67s)
Time = 2017-08-29 17:00:00, delta t in [0.04744135, 0.04748114], steps=18963 (67s)
Time = 2017-08-29 17:15:00, delta t in [0.04748114, 0.04752178], steps=18947 (66s)
Time = 2017-08-29 17:30:00, delta t in [0.04752178, 0.04756365], steps=18931 (66s)
Time = 2017-08-29 17:45:00, delta t in [0.04756365, 0.04760649], steps=18914 (67s)
Time = 2017-08-29 18:00:00, delta t in [0.04760649, 0.04764996], steps=18897 (67s)
Time = 2017-08-29 18:15:00, delta t in [0.04764996, 0.04769429], steps=18879 (67s)
Time = 2017-08-29 18:30:00, delta t in [0.04769429, 0.04773825], steps=18862 (66s)
Time = 2017-08-29 18:45:00, delta t in [0.04773825, 0.04778176], steps=18845 (67s)
Time = 2017-08-29 19:00:00, delta t in [0.04778176, 0.04782451], steps=18828 (67s)
Time = 2017-08-29 19:15:00, delta t in [0.04782451, 0.04786696], steps=18811 (67s)
Time = 2017-08-29 19:30:00, delta t in [0.04786696, 0.04790918], steps=18794 (66s)
Time = 2017-08-29 19:45:00, delta t in [0.04790918, 0.04795137], steps=18778 (67s)
Time = 2017-08-29 20:00:00, delta t in [0.04795137, 0.04799424], steps=18761 (66s)
Time = 2017-08-29 20:15:00, delta t in [0.04799424, 0.04803751], steps=18744 (67s)
Time = 2017-08-29 20:30:00, delta t in [0.04803751, 0.04807997], steps=18728 (66s)
Time = 2017-08-29 20:45:00, delta t in [0.04807997, 0.04812123], steps=18711 (73s)
Time = 2017-08-29 21:00:00, delta t in [0.04812124, 0.04816133], steps=18695 (66s)
Time = 2017-08-29 21:15:00, delta t in [0.04816133, 0.04820082], steps=18680 (66s)
Time = 2017-08-29 21:30:00, delta t in [0.04820082, 0.04823878], steps=18665 (66s)
Time = 2017-08-29 21:45:00, delta t in [0.04823878, 0.04827582], steps=18651 (66s)
Time = 2017-08-29 22:00:00, delta t in [0.04827582, 0.04831223], steps=18636 (66s)
Time = 2017-08-29 22:15:00, delta t in [0.04831223, 0.04834824], steps=18622 (65s)
Time = 2017-08-29 22:30:00, delta t in [0.04834824, 0.04838418], steps=18609 (65s)
Time = 2017-08-29 22:45:00, delta t in [0.04838418, 0.04842063], steps=18595 (65s)
Time = 2017-08-29 23:00:00, delta t in [0.04842063, 0.04845781], steps=18581 (65s)
Time = 2017-08-29 23:15:00, delta t in [0.04845781, 0.04849571], steps=18566 (64s)
Time = 2017-08-29 23:30:00, delta t in [0.04849571, 0.04853408], steps=18552 (64s)
Time = 2017-08-29 23:45:00, delta t in [0.04853408, 0.04857265], steps=18537 (64s)
Time = 2017-08-30 00:00:00, delta t in [0.04857265, 0.04861165], steps=18522 (64s)
Time = 2017-08-30 00:15:00, delta t in [0.04861165, 0.04865154], steps=18507 (64s)
Time = 2017-08-30 00:30:00, delta t in [0.04865155, 0.04869200], steps=18492 (64s)
Time = 2017-08-30 00:45:00, delta t in [0.04869200, 0.04873292], steps=18476 (64s)
Time = 2017-08-30 01:00:00, delta t in [0.04873292, 0.04877465], steps=18461 (64s)
Time = 2017-08-30 01:15:00, delta t in [0.04877465, 0.04881922], steps=18444 (64s)
Time = 2017-08-30 01:30:00, delta t in [0.04881922, 0.04886366], steps=18427 (64s)
Time = 2017-08-30 01:45:00, delta t in [0.04886366, 0.04890650], steps=18411 (64s)
Time = 2017-08-30 02:00:00, delta t in [0.04890650, 0.04895170], steps=18395 (64s)
Time = 2017-08-30 02:15:00, delta t in [0.04895170, 0.04900084], steps=18377 (64s)
Time = 2017-08-30 02:30:00, delta t in [0.04900084, 0.04905203], steps=18358 (64s)
Time = 2017-08-30 02:45:00, delta t in [0.04905203, 0.04910364], steps=18339 (64s)
Time = 2017-08-30 03:00:00, delta t in [0.04910364, 0.04915533], steps=18319 (64s)
Time = 2017-08-30 03:15:00, delta t in [0.04915533, 0.04920687], steps=18300 (64s)
Time = 2017-08-30 03:30:00, delta t in [0.04920688, 0.04925869], steps=18281 (63s)
Time = 2017-08-30 03:45:00, delta t in [0.04925869, 0.04931100], steps=18262 (64s)
Time = 2017-08-30 04:00:00, delta t in [0.04931101, 0.04936350], steps=18242 (64s)
Time = 2017-08-30 04:15:00, delta t in [0.04936350, 0.04941553], steps=18223 (62s)
Time = 2017-08-30 04:30:00, delta t in [0.04941553, 0.04946770], steps=18204 (62s)
Time = 2017-08-30 04:45:00, delta t in [0.04946770, 0.04952119], steps=18184 (63s)
Time = 2017-08-30 05:00:00, delta t in [0.04952120, 0.04957511], steps=18165 (63s)
Time = 2017-08-30 05:15:00, delta t in [0.04957511, 0.04962816], steps=18145 (64s)
Time = 2017-08-30 05:30:00, delta t in [0.04962816, 0.04967964], steps=18126 (64s)
Time = 2017-08-30 05:45:00, delta t in [0.04967964, 0.04973016], steps=18107 (64s)
Time = 2017-08-30 06:00:00, delta t in [0.04973016, 0.04978095], steps=18089 (66s)
Time = 2017-08-30 06:15:00, delta t in [0.04978095, 0.04983333], steps=18070 (66s)
Time = 2017-08-30 06:30:00, delta t in [0.04983334, 0.04988749], steps=18051 (65s)
Time = 2017-08-30 06:45:00, delta t in [0.04988749, 0.04994538], steps=18031 (66s)
Time = 2017-08-30 07:00:00, delta t in [0.04994538, 0.05000834], steps=18009 (66s)
Time = 2017-08-30 07:15:00, delta t in [0.05000834, 0.05007681], steps=17985 (66s)
Time = 2017-08-30 07:30:00, delta t in [0.05007681, 0.05014874], steps=17960 (66s)
Time = 2017-08-30 07:45:00, delta t in [0.05014875, 0.05022215], steps=17934 (66s)
Time = 2017-08-30 08:00:00, delta t in [0.05022215, 0.05029898], steps=17907 (65s)
Time = 2017-08-30 08:15:00, delta t in [0.05029899, 0.05037931], steps=17879 (65s)
Time = 2017-08-30 08:30:00, delta t in [0.05037931, 0.05046209], steps=17850 (65s)
Time = 2017-08-30 08:45:00, delta t in [0.05046209, 0.05054592], steps=17821 (64s)
Time = 2017-08-30 09:00:00, delta t in [0.05054592, 0.05063060], steps=17791 (63s)
Time = 2017-08-30 09:15:00, delta t in [0.05063060, 0.05071585], steps=17761 (63s)
Time = 2017-08-30 09:30:00, delta t in [0.05071585, 0.05080247], steps=17731 (63s)
Time = 2017-08-30 09:45:00, delta t in [0.05080247, 0.05089009], steps=17701 (63s)
Time = 2017-08-30 10:00:00, delta t in [0.05089009, 0.05097590], steps=17671 (62s)
Time = 2017-08-30 10:15:00, delta t in [0.05097590, 0.05106114], steps=17641 (62s)
Time = 2017-08-30 10:30:00, delta t in [0.05106115, 0.05114707], steps=17612 (62s)
Time = 2017-08-30 10:45:00, delta t in [0.05114707, 0.05123333], steps=17582 (62s)
Time = 2017-08-30 11:00:00, delta t in [0.05123333, 0.05131872], steps=17553 (62s)
Time = 2017-08-30 11:15:00, delta t in [0.05131872, 0.05140266], steps=17524 (62s)
Time = 2017-08-30 11:30:00, delta t in [0.05140266, 0.05148575], steps=17495 (62s)
Time = 2017-08-30 11:45:00, delta t in [0.05148575, 0.05156794], steps=17467 (62s)
Time = 2017-08-30 12:00:00, delta t in [0.05156795, 0.05164890], steps=17439 (62s)
Time = 2017-08-30 12:15:00, delta t in [0.05164890, 0.05172849], steps=17412 (62s)
Time = 2017-08-30 12:30:00, delta t in [0.05172849, 0.05180789], steps=17386 (62s)
Time = 2017-08-30 12:45:00, delta t in [0.05180789, 0.05188770], steps=17359 (62s)
Time = 2017-08-30 13:00:00, delta t in [0.05188770, 0.05197022], steps=17332 (61s)
Time = 2017-08-30 13:15:00, delta t in [0.05197022, 0.05205466], steps=17304 (61s)
Time = 2017-08-30 13:30:00, delta t in [0.05205467, 0.05214061], steps=17276 (61s)
Time = 2017-08-30 13:45:00, delta t in [0.05214062, 0.05222839], steps=17247 (61s)
Time = 2017-08-30 14:00:00, delta t in [0.05222839, 0.05231639], steps=17218 (60s)
Time = 2017-08-30 14:15:00, delta t in [0.05231639, 0.05240357], steps=17189 (63s)
Time = 2017-08-30 14:30:00, delta t in [0.05240358, 0.05248952], steps=17161 (60s)
Time = 2017-08-30 14:45:00, delta t in [0.05248952, 0.05257456], steps=17133 (60s)
Time = 2017-08-30 15:00:00, delta t in [0.05257456, 0.05265912], steps=17105 (60s)
Time = 2017-08-30 15:15:00, delta t in [0.05265912, 0.05274343], steps=17078 (60s)
Time = 2017-08-30 15:30:00, delta t in [0.05274343, 0.05282736], steps=17051 (60s)
Time = 2017-08-30 15:45:00, delta t in [0.05282736, 0.05291189], steps=17024 (60s)
Time = 2017-08-30 16:00:00, delta t in [0.05291189, 0.05299710], steps=16996 (60s)
Time = 2017-08-30 16:15:00, delta t in [0.05299711, 0.05308250], steps=16969 (60s)
Time = 2017-08-30 16:30:00, delta t in [0.05308250, 0.05316741], steps=16942 (60s)
Time = 2017-08-30 16:45:00, delta t in [0.05316741, 0.05325188], steps=16915 (58s)
Time = 2017-08-30 17:00:00, delta t in [0.05325189, 0.05333640], steps=16888 (58s)
Time = 2017-08-30 17:15:00, delta t in [0.05333641, 0.05342035], steps=16861 (59s)
Time = 2017-08-30 17:30:00, delta t in [0.05342035, 0.05350475], steps=16835 (59s)
Time = 2017-08-30 17:45:00, delta t in [0.05350475, 0.05358693], steps=16808 (59s)
Time = 2017-08-30 18:00:00, delta t in [0.05358693, 0.05366643], steps=16783 (59s)
Time = 2017-08-30 18:15:00, delta t in [0.05366643, 0.05374467], steps=16759 (59s)
Time = 2017-08-30 18:30:00, delta t in [0.05374467, 0.05382127], steps=16734 (59s)
Time = 2017-08-30 18:45:00, delta t in [0.05382128, 0.05389459], steps=16711 (58s)
Time = 2017-08-30 19:00:00, delta t in [0.05389460, 0.05396628], steps=16689 (58s)
Time = 2017-08-30 19:15:00, delta t in [0.05396629, 0.05403577], steps=16667 (58s)
Time = 2017-08-30 19:30:00, delta t in [0.05403578, 0.05410381], steps=16646 (58s)
Time = 2017-08-30 19:45:00, delta t in [0.05410381, 0.05417065], steps=16625 (58s)
Time = 2017-08-30 20:00:00, delta t in [0.05417066, 0.05423883], steps=16604 (58s)
Time = 2017-08-30 20:15:00, delta t in [0.05423883, 0.05430891], steps=16583 (58s)
Time = 2017-08-30 20:30:00, delta t in [0.05430892, 0.05437920], steps=16562 (57s)
Time = 2017-08-30 20:45:00, delta t in [0.05437920, 0.05444991], steps=16540 (57s)
Time = 2017-08-30 21:00:00, delta t in [0.05444991, 0.05452050], steps=16519 (57s)
Time = 2017-08-30 21:15:00, delta t in [0.05452050, 0.05459090], steps=16497 (57s)
Time = 2017-08-30 21:30:00, delta t in [0.05459090, 0.05466093], steps=16476 (57s)
Time = 2017-08-30 21:45:00, delta t in [0.05466093, 0.05473088], steps=16455 (57s)
Time = 2017-08-30 22:00:00, delta t in [0.05473088, 0.05480043], steps=16434 (57s)
Time = 2017-08-30 22:15:00, delta t in [0.05480043, 0.05486997], steps=16413 (57s)
Time = 2017-08-30 22:30:00, delta t in [0.05486998, 0.05493971], steps=16393 (57s)
Time = 2017-08-30 22:45:00, delta t in [0.05493971, 0.05500983], steps=16372 (56s)
Time = 2017-08-30 23:00:00, delta t in [0.05500983, 0.05508118], steps=16351 (56s)
Time = 2017-08-30 23:15:00, delta t in [0.05508118, 0.05515387], steps=16329 (56s)
Time = 2017-08-30 23:30:00, delta t in [0.05515388, 0.05522937], steps=16307 (56s)
Time = 2017-08-30 23:45:00, delta t in [0.05522937, 0.05530760], steps=16285 (56s)
Time = 2017-08-31 00:00:00, delta t in [0.05530760, 0.05538737], steps=16261 (55s)
